#
# There is insufficient memory for the Java Runtime Environment to continue.
# Native memory allocation (malloc) failed to allocate 632816 bytes. Error detail: Chunk::new
# Possible reasons:
#   The system is out of physical RAM or swap space
#   This process is running with CompressedOops enabled, and the Java Heap may be blocking the growth of the native heap
# Possible solutions:
#   Reduce memory load on the system
#   Increase physical memory or swap space
#   Check if swap backing store is full
#   Decrease Java heap size (-Xmx/-Xms)
#   Decrease number of Java threads
#   Decrease Java thread stack sizes (-Xss)
#   Set larger code cache with -XX:ReservedCodeCacheSize=
#   JVM is running with Unscaled Compressed Oops mode in which the Java heap is
#     placed in the first 4GB address space. The Java Heap base address is the
#     maximum limit for the native heap growth. Please use -XX:HeapBaseMinAddress
#     to set the Java Heap base and to place the Java Heap above 4GB virtual address.
# This output file may be truncated or incomplete.
#
#  Out of Memory Error (arena.cpp:168), pid=11584, tid=3884
#
# JRE version: OpenJDK Runtime Environment Temurin-21.0.9+10 (21.0.9+10) (build 21.0.9+10-LTS)
# Java VM: OpenJDK 64-Bit Server VM Temurin-21.0.9+10 (21.0.9+10-LTS, mixed mode, sharing, tiered, compressed oops, compressed class ptrs, parallel gc, windows-amd64)
# No core dump will be written. Minidumps are not enabled by default on client versions of Windows
#

---------------  S U M M A R Y ------------

Command Line: --add-modules=ALL-SYSTEM --add-opens=java.base/java.util=ALL-UNNAMED --add-opens=java.base/java.lang=ALL-UNNAMED --add-opens=java.base/sun.nio.fs=ALL-UNNAMED -Declipse.application=org.eclipse.jdt.ls.core.id1 -Dosgi.bundles.defaultStartLevel=4 -Declipse.product=org.eclipse.jdt.ls.core.product -Djava.import.generatesMetadataFilesAtProjectRoot=false -DDetectVMInstallationsJob.disabled=true -Dfile.encoding=utf8 -XX:+UseParallelGC -XX:GCTimeRatio=4 -XX:AdaptiveSizePolicyWeight=90 -Dsun.zip.disableMemoryMapping=true -Xmx2G -Xms100m -Xlog:disable -javaagent:c:\Users\Windows 11\.vscode\extensions\redhat.java-1.49.0-win32-x64\lombok\lombok-1.18.39-4050.jar -XX:+HeapDumpOnOutOfMemoryError -XX:HeapDumpPath=c:\Users\Windows 11\AppData\Roaming\Code\User\workspaceStorage\c73543d6d93c52d8039c0b5be2055d3d\redhat.java -Daether.dependencyCollector.impl=bf c:\Users\Windows 11\.vscode\extensions\redhat.java-1.49.0-win32-x64\server\plugins\org.eclipse.equinox.launcher_1.7.100.v20251111-0406.jar -configuration c:\Users\Windows 11\AppData\Roaming\Code\User\globalStorage\redhat.java\1.49.0\config_win -data c:\Users\Windows 11\AppData\Roaming\Code\User\workspaceStorage\c73543d6d93c52d8039c0b5be2055d3d\redhat.java\jdt_ws --pipe=\\.\pipe\lsp-f1c09d1054967b06642c112022244e72-sock

Host: Intel(R) Core(TM) i5-8350U CPU @ 1.70GHz, 8 cores, 7G,  Windows 11 , 64 bit Build 22621 (10.0.22621.5415)
Time: Tue Nov 25 17:39:30 2025 SE Asia Standard Time elapsed time: 24.457112 seconds (0d 0h 0m 24s)

---------------  T H R E A D  ---------------

Current thread (0x000001bf622dc480):  JavaThread "C2 CompilerThread1" daemon [_thread_in_native, id=3884, stack(0x000000b3b8000000,0x000000b3b8100000) (1024K)]


Current CompileTask:
C2:24457 7617   !   4       org.eclipse.osgi.internal.loader.classpath.ClasspathManager::defineClass (636 bytes)

Stack: [0x000000b3b8000000,0x000000b3b8100000]
Native frames: (J=compiled Java code, j=interpreted, Vv=VM code, C=native code)
V  [jvm.dll+0x6d6e29]
V  [jvm.dll+0x8b4b76]
V  [jvm.dll+0x8b712e]
V  [jvm.dll+0x8b7813]
V  [jvm.dll+0x283d86]
V  [jvm.dll+0xc66ed]
V  [jvm.dll+0xc6c31]
V  [jvm.dll+0x2facee]
V  [jvm.dll+0x5fde44]
V  [jvm.dll+0x255557]
V  [jvm.dll+0x24dc5f]
V  [jvm.dll+0x24b482]
V  [jvm.dll+0x1cb13e]
V  [jvm.dll+0x25b29d]
V  [jvm.dll+0x25982a]
V  [jvm.dll+0x3f7ea6]
V  [jvm.dll+0x85e9ad]
V  [jvm.dll+0x6d565d]
C  [ucrtbase.dll+0x29333]
C  [KERNEL32.DLL+0x1259d]
C  [ntdll.dll+0x5af78]


---------------  P R O C E S S  ---------------

Threads class SMR info:
_java_thread_list=0x000001bf628cc2d0, length=45, elements={
0x000001bf01ddd430, 0x000001bf01e9b1f0, 0x000001bf01e9cc30, 0x000001bf188549f0,
0x000001bf18855900, 0x000001bf18856810, 0x000001bf18858470, 0x000001bf1885b2b0,
0x000001bf5b14c600, 0x000001bf5b302530, 0x000001bf5b42e1b0, 0x000001bf5bbb7730,
0x000001bf601ae830, 0x000001bf5b9c70c0, 0x000001bf5b9c7720, 0x000001bf607bbda0,
0x000001bf605217a0, 0x000001bf5b829d20, 0x000001bf5b5b9b80, 0x000001bf5b6335c0,
0x000001bf5b6342e0, 0x000001bf5b634970, 0x000001bf5b635000, 0x000001bf5b635690,
0x000001bf5b635d20, 0x000001bf5b6363b0, 0x000001bf5b633c50, 0x000001bf5b632f30,
0x000001bf622e31b0, 0x000001bf622e1e00, 0x000001bf622e2490, 0x000001bf622e2b20,
0x000001bf622e3840, 0x000001bf622e3ed0, 0x000001bf622e10e0, 0x000001bf622e4560,
0x000001bf622e1770, 0x000001bf617cbb50, 0x000001bf617cc1e0, 0x000001bf617ca110,
0x000001bf622dc480, 0x000001bf617c8d60, 0x000001bf617cdc20, 0x000001bf617ce940,
0x000001bf617ce2b0
}

Java Threads: ( => current thread )
  0x000001bf01ddd430 JavaThread "main"                              [_thread_blocked, id=9184, stack(0x000000b3b6000000,0x000000b3b6100000) (1024K)]
  0x000001bf01e9b1f0 JavaThread "Reference Handler"          daemon [_thread_blocked, id=14088, stack(0x000000b3b6400000,0x000000b3b6500000) (1024K)]
  0x000001bf01e9cc30 JavaThread "Finalizer"                  daemon [_thread_blocked, id=15252, stack(0x000000b3b6500000,0x000000b3b6600000) (1024K)]
  0x000001bf188549f0 JavaThread "Signal Dispatcher"          daemon [_thread_blocked, id=18364, stack(0x000000b3b6600000,0x000000b3b6700000) (1024K)]
  0x000001bf18855900 JavaThread "Attach Listener"            daemon [_thread_blocked, id=17448, stack(0x000000b3b6700000,0x000000b3b6800000) (1024K)]
  0x000001bf18856810 JavaThread "Service Thread"             daemon [_thread_blocked, id=19096, stack(0x000000b3b6800000,0x000000b3b6900000) (1024K)]
  0x000001bf18858470 JavaThread "Monitor Deflation Thread"   daemon [_thread_blocked, id=17652, stack(0x000000b3b6900000,0x000000b3b6a00000) (1024K)]
  0x000001bf1885b2b0 JavaThread "C2 CompilerThread0"         daemon [_thread_in_native, id=1200, stack(0x000000b3b6a00000,0x000000b3b6b00000) (1024K)]
  0x000001bf5b14c600 JavaThread "C1 CompilerThread0"         daemon [_thread_in_vm, id=14876, stack(0x000000b3b6b00000,0x000000b3b6c00000) (1024K)]
  0x000001bf5b302530 JavaThread "Common-Cleaner"             daemon [_thread_blocked, id=2984, stack(0x000000b3b6c00000,0x000000b3b6d00000) (1024K)]
  0x000001bf5b42e1b0 JavaThread "Notification Thread"        daemon [_thread_blocked, id=8380, stack(0x000000b3b6e00000,0x000000b3b6f00000) (1024K)]
  0x000001bf5bbb7730 JavaThread "Active Thread: Equinox Container: ec5df3b4-291d-4cb6-ab94-3bcae9786bee"        [_thread_blocked, id=17216, stack(0x000000b3b6f00000,0x000000b3b7000000) (1024K)]
  0x000001bf601ae830 JavaThread "Refresh Thread: Equinox Container: ec5df3b4-291d-4cb6-ab94-3bcae9786bee" daemon [_thread_blocked, id=10844, stack(0x000000b3b7600000,0x000000b3b7700000) (1024K)]
  0x000001bf5b9c70c0 JavaThread "Framework Event Dispatcher: Equinox Container: ec5df3b4-291d-4cb6-ab94-3bcae9786bee" daemon [_thread_blocked, id=2136, stack(0x000000b3b6d00000,0x000000b3b6e00000) (1024K)]
  0x000001bf5b9c7720 JavaThread "Start Level: Equinox Container: ec5df3b4-291d-4cb6-ab94-3bcae9786bee" daemon [_thread_blocked, id=1264, stack(0x000000b3b7800000,0x000000b3b7900000) (1024K)]
  0x000001bf607bbda0 JavaThread "Bundle File Closer"         daemon [_thread_blocked, id=13496, stack(0x000000b3b7b00000,0x000000b3b7c00000) (1024K)]
  0x000001bf605217a0 JavaThread "SCR Component Actor"        daemon [_thread_blocked, id=18464, stack(0x000000b3b7c00000,0x000000b3b7d00000) (1024K)]
  0x000001bf5b829d20 JavaThread "Worker-JM"                         [_thread_blocked, id=11912, stack(0x000000b3b7900000,0x000000b3b7a00000) (1024K)]
  0x000001bf5b5b9b80 JavaThread "JNA Cleaner"                daemon [_thread_blocked, id=18512, stack(0x000000b3b7a00000,0x000000b3b7b00000) (1024K)]
  0x000001bf5b6335c0 JavaThread "Worker-0"                          [_thread_blocked, id=17124, stack(0x000000b3b7d00000,0x000000b3b7e00000) (1024K)]
  0x000001bf5b6342e0 JavaThread "Worker-1"                          [_thread_blocked, id=14308, stack(0x000000b3b7e00000,0x000000b3b7f00000) (1024K)]
  0x000001bf5b634970 JavaThread "Worker-2: Publish Diagnostics"        [_thread_in_Java, id=13600, stack(0x000000b3b7f00000,0x000000b3b8000000) (1024K)]
  0x000001bf5b635000 JavaThread "Java indexing"              daemon [_thread_blocked, id=7216, stack(0x000000b3b8100000,0x000000b3b8200000) (1024K)]
  0x000001bf5b635690 JavaThread "Worker-3"                          [_thread_blocked, id=18428, stack(0x000000b3b8400000,0x000000b3b8500000) (1024K)]
  0x000001bf5b635d20 JavaThread "Worker-4: Initialize workspace"        [_thread_in_Java, id=7424, stack(0x000000b3b8500000,0x000000b3b8600000) (1024K)]
  0x000001bf5b6363b0 JavaThread "Thread-1"                   daemon [_thread_in_native, id=12296, stack(0x000000b3b8600000,0x000000b3b8700000) (1024K)]
  0x000001bf5b633c50 JavaThread "Thread-2"                   daemon [_thread_in_native, id=19160, stack(0x000000b3b8700000,0x000000b3b8800000) (1024K)]
  0x000001bf5b632f30 JavaThread "Thread-3"                   daemon [_thread_in_native, id=9536, stack(0x000000b3b8800000,0x000000b3b8900000) (1024K)]
  0x000001bf622e31b0 JavaThread "Thread-4"                   daemon [_thread_in_native, id=14520, stack(0x000000b3b8900000,0x000000b3b8a00000) (1024K)]
  0x000001bf622e1e00 JavaThread "Thread-5"                   daemon [_thread_in_native, id=4664, stack(0x000000b3b8a00000,0x000000b3b8b00000) (1024K)]
  0x000001bf622e2490 JavaThread "Thread-6"                   daemon [_thread_in_native, id=3028, stack(0x000000b3b8b00000,0x000000b3b8c00000) (1024K)]
  0x000001bf622e2b20 JavaThread "Thread-7"                   daemon [_thread_in_native, id=13564, stack(0x000000b3b8c00000,0x000000b3b8d00000) (1024K)]
  0x000001bf622e3840 JavaThread "Thread-8"                   daemon [_thread_in_native, id=15964, stack(0x000000b3b8d00000,0x000000b3b8e00000) (1024K)]
  0x000001bf622e3ed0 JavaThread "Thread-9"                   daemon [_thread_in_native, id=18904, stack(0x000000b3b8e00000,0x000000b3b8f00000) (1024K)]
  0x000001bf622e10e0 JavaThread "pool-2-thread-1"                   [_thread_blocked, id=12340, stack(0x000000b3b8f00000,0x000000b3b9000000) (1024K)]
  0x000001bf622e4560 JavaThread "WorkspaceEventsHandler"            [_thread_blocked, id=19252, stack(0x000000b3b9000000,0x000000b3b9100000) (1024K)]
  0x000001bf622e1770 JavaThread "pool-1-thread-1"                   [_thread_blocked, id=14376, stack(0x000000b3b9100000,0x000000b3b9200000) (1024K)]
  0x000001bf617cbb50 JavaThread "ForkJoinPool.commonPool-worker-1" daemon [_thread_blocked, id=12984, stack(0x000000b3b9200000,0x000000b3b9300000) (1024K)]
  0x000001bf617cc1e0 JavaThread "ForkJoinPool.commonPool-worker-2" daemon [_thread_in_vm, id=10536, stack(0x000000b3b9300000,0x000000b3b9400000) (1024K)]
  0x000001bf617ca110 JavaThread "ForkJoinPool.commonPool-worker-3" daemon [_thread_blocked, id=6252, stack(0x000000b3b9400000,0x000000b3b9500000) (1024K)]
=>0x000001bf622dc480 JavaThread "C2 CompilerThread1"         daemon [_thread_in_native, id=3884, stack(0x000000b3b8000000,0x000000b3b8100000) (1024K)]
  0x000001bf617c8d60 JavaThread "ForkJoinPool.commonPool-worker-4" daemon [_thread_blocked, id=5124, stack(0x000000b3b9500000,0x000000b3b9600000) (1024K)]
  0x000001bf617cdc20 JavaThread "ForkJoinPool.commonPool-worker-5" daemon [_thread_blocked, id=1492, stack(0x000000b3b9600000,0x000000b3b9700000) (1024K)]
  0x000001bf617ce940 JavaThread "ForkJoinPool.commonPool-worker-6" daemon [_thread_blocked, id=12508, stack(0x000000b3b9700000,0x000000b3b9800000) (1024K)]
  0x000001bf617ce2b0 JavaThread "ForkJoinPool.commonPool-worker-7" daemon [_thread_blocked, id=8904, stack(0x000000b3b9800000,0x000000b3b9900000) (1024K)]
Total: 45

Other Threads:
  0x000001bf01e7fdc0 VMThread "VM Thread"                           [id=312, stack(0x000000b3b6300000,0x000000b3b6400000) (1024K)]
  0x000001bf1876ca00 WatcherThread "VM Periodic Task Thread"        [id=10612, stack(0x000000b3b6200000,0x000000b3b6300000) (1024K)]
  0x000001bf01dfc980 WorkerThread "GC Thread#0"                     [id=6968, stack(0x000000b3b6100000,0x000000b3b6200000) (1024K)]
  0x000001bf6000efa0 WorkerThread "GC Thread#1"                     [id=14292, stack(0x000000b3b7000000,0x000000b3b7100000) (1024K)]
  0x000001bf6000a080 WorkerThread "GC Thread#2"                     [id=16604, stack(0x000000b3b7100000,0x000000b3b7200000) (1024K)]
  0x000001bf5baa3df0 WorkerThread "GC Thread#3"                     [id=7044, stack(0x000000b3b7200000,0x000000b3b7300000) (1024K)]
  0x000001bf5baa4190 WorkerThread "GC Thread#4"                     [id=3172, stack(0x000000b3b7300000,0x000000b3b7400000) (1024K)]
  0x000001bf5baa4530 WorkerThread "GC Thread#5"                     [id=13476, stack(0x000000b3b7400000,0x000000b3b7500000) (1024K)]
  0x000001bf5baa48d0 WorkerThread "GC Thread#6"                     [id=14700, stack(0x000000b3b7500000,0x000000b3b7600000) (1024K)]
  0x000001bf5b968c60 WorkerThread "GC Thread#7"                     [id=6132, stack(0x000000b3b7700000,0x000000b3b7800000) (1024K)]
Total: 10

Threads with active compile tasks:
C2 CompilerThread0  24522 7741       4       java.util.IdentityHashMap::hash (18 bytes)
C1 CompilerThread0  24522 7791       3       java.util.IdentityHashMap::get (60 bytes)
C2 CompilerThread1  24522 7617   !   4       org.eclipse.osgi.internal.loader.classpath.ClasspathManager::defineClass (636 bytes)
Total: 3

VM state: not at safepoint (normal execution)

VM Mutex/Monitor currently owned by a thread: None

Heap address: 0x0000000080000000, size: 2048 MB, Compressed Oops mode: 32-bit

CDS archive(s) mapped at: [0x000001bf19000000-0x000001bf19ba0000-0x000001bf19ba0000), size 12189696, SharedBaseAddress: 0x000001bf19000000, ArchiveRelocationMode: 1.
Compressed class space mapped at: 0x000001bf1a000000-0x000001bf5a000000, reserved size: 1073741824
Narrow klass base: 0x000001bf19000000, Narrow klass shift: 0, Narrow klass range: 0x100000000

GC Precious Log:
 CardTable entry size: 512
 CPUs: 8 total, 8 available
 Memory: 8071M
 Large Page Support: Disabled
 NUMA Support: Disabled
 Compressed Oops: Enabled (32-bit)
 Alignments: Space 512K, Generation 512K, Heap 2M
 Heap Min Capacity: 100M
 Heap Initial Capacity: 100M
 Heap Max Capacity: 2G
 Pre-touch: Disabled
 Parallel Workers: 8

Heap:
 PSYoungGen      total 21504K, used 8598K [0x00000000d5580000, 0x00000000d7000000, 0x0000000100000000)
  eden space 20480K, 37% used [0x00000000d5580000,0x00000000d5cedaa0,0x00000000d6980000)
  from space 1024K, 96% used [0x00000000d6c00000,0x00000000d6cf8080,0x00000000d6d00000)
  to   space 2560K, 0% used [0x00000000d6980000,0x00000000d6980000,0x00000000d6c00000)
 ParOldGen       total 68608K, used 39442K [0x0000000080000000, 0x0000000084300000, 0x00000000d5580000)
  object space 68608K, 57% used [0x0000000080000000,0x0000000082684960,0x0000000084300000)
 Metaspace       used 58244K, committed 59648K, reserved 1114112K
  class space    used 6327K, committed 6912K, reserved 1048576K

Card table byte_map: [0x000001bf017b0000,0x000001bf01bc0000] _byte_map_base: 0x000001bf013b0000

Marking Bits: (ParMarkBitMap*) 0x00007fff7fd42460
 Begin Bits: [0x000001bf14290000, 0x000001bf16290000)
 End Bits:   [0x000001bf16290000, 0x000001bf18290000)

Polling page: 0x000001bf015a0000

Metaspace:

Usage:
  Non-class:     50.70 MB used.
      Class:      6.18 MB used.
       Both:     56.88 MB used.

Virtual space:
  Non-class space:       64.00 MB reserved,      51.50 MB ( 80%) committed,  1 nodes.
      Class space:        1.00 GB reserved,       6.75 MB ( <1%) committed,  1 nodes.
             Both:        1.06 GB reserved,      58.25 MB (  5%) committed. 

Chunk freelists:
   Non-Class:  11.86 MB
       Class:  9.07 MB
        Both:  20.93 MB

MaxMetaspaceSize: unlimited
CompressedClassSpaceSize: 1.00 GB
Initial GC threshold: 21.00 MB
Current GC threshold: 58.38 MB
CDS: on
 - commit_granule_bytes: 65536.
 - commit_granule_words: 8192.
 - virtual_space_node_default_size: 8388608.
 - enlarge_chunks_in_place: 1.
 - use_allocation_guard: 0.


Internal statistics:

num_allocs_failed_limit: 8.
num_arena_births: 1086.
num_arena_deaths: 14.
num_vsnodes_births: 2.
num_vsnodes_deaths: 0.
num_space_committed: 932.
num_space_uncommitted: 0.
num_chunks_returned_to_freelist: 22.
num_chunks_taken_from_freelist: 3869.
num_chunk_merges: 12.
num_chunk_splits: 2351.
num_chunks_enlarged: 1268.
num_inconsistent_stats: 0.

CodeHeap 'non-profiled nmethods': size=120000Kb used=4233Kb max_used=4233Kb free=115766Kb
 bounds [0x000001bf0cab0000, 0x000001bf0cee0000, 0x000001bf13fe0000]
CodeHeap 'profiled nmethods': size=120000Kb used=15488Kb max_used=15488Kb free=104511Kb
 bounds [0x000001bf04fe0000, 0x000001bf05f10000, 0x000001bf0c510000]
CodeHeap 'non-nmethods': size=5760Kb used=1418Kb max_used=1468Kb free=4341Kb
 bounds [0x000001bf0c510000, 0x000001bf0c780000, 0x000001bf0cab0000]
CodeCache: size=245760Kb, used=21139Kb, max_used=21189Kb, free=224618Kb
 total_blobs=7920, nmethods=7189, adapters=637, full_count=0
Compilation: enabled, stopped_count=0, restarted_count=0

Compilation events (20 events):
Event: 24.449 Thread 0x000001bf5b14c600 7728       3       org.eclipse.jdt.internal.compiler.lookup.Binding::<init> (10 bytes)
Event: 24.449 Thread 0x000001bf5b14c600 nmethod 7728 0x000001bf05edf090 code [0x000001bf05edf240, 0x000001bf05edf3b0]
Event: 24.449 Thread 0x000001bf5b14c600 7731       3       org.eclipse.jdt.internal.compiler.util.CharArrayMap::<init> (38 bytes)
Event: 24.450 Thread 0x000001bf5b14c600 nmethod 7731 0x000001bf05edf490 code [0x000001bf05edf640, 0x000001bf05edf958]
Event: 24.450 Thread 0x000001bf5b14c600 7727       3       org.eclipse.jdt.internal.compiler.lookup.PackageBinding::<init> (96 bytes)
Event: 24.451 Thread 0x000001bf5b14c600 nmethod 7727 0x000001bf05edfa90 code [0x000001bf05edfc80, 0x000001bf05ee02b8]
Event: 24.451 Thread 0x000001bf5b14c600 7736       3       org.eclipse.jdt.internal.compiler.util.CharArrayMap::put (86 bytes)
Event: 24.452 Thread 0x000001bf5b14c600 nmethod 7736 0x000001bf05ee0510 code [0x000001bf05ee0720, 0x000001bf05ee0eb8]
Event: 24.452 Thread 0x000001bf5b14c600 7739       3       org.eclipse.jdt.internal.compiler.lookup.PackageBinding::clearMissingTagBit (24 bytes)
Event: 24.452 Thread 0x000001bf5b14c600 nmethod 7739 0x000001bf05ee1190 code [0x000001bf05ee1340, 0x000001bf05ee1508]
Event: 24.452 Thread 0x000001bf5b14c600 7734       3       org.eclipse.jdt.internal.compiler.lookup.PlainPackageBinding::<init> (10 bytes)
Event: 24.452 Thread 0x000001bf5b14c600 nmethod 7734 0x000001bf05ee1610 code [0x000001bf05ee17c0, 0x000001bf05ee18f8]
Event: 24.452 Thread 0x000001bf5b14c600 7735       3       org.eclipse.jdt.internal.compiler.lookup.PackageBinding::checkIfNullAnnotationPackage (70 bytes)
Event: 24.453 Thread 0x000001bf5b14c600 nmethod 7735 0x000001bf05ee1990 code [0x000001bf05ee1ba0, 0x000001bf05ee24b0]
Event: 24.454 Thread 0x000001bf5b14c600 7737       3       org.eclipse.jdt.internal.compiler.lookup.PlainPackageBinding::addPackage (37 bytes)
Event: 24.454 Thread 0x000001bf5b14c600 nmethod 7737 0x000001bf05ee2790 code [0x000001bf05ee2940, 0x000001bf05ee2a90]
Event: 24.454 Thread 0x000001bf5b14c600 7738       3       org.eclipse.jdt.core.compiler.CharOperation::subarray (48 bytes)
Event: 24.454 Thread 0x000001bf5b14c600 nmethod 7738 0x000001bf05ee2b90 code [0x000001bf05ee2d60, 0x000001bf05ee3108]
Event: 24.454 Thread 0x000001bf5b14c600 7740       3       org.eclipse.jdt.internal.compiler.lookup.PackageBinding::addPackage (40 bytes)
Event: 24.455 Thread 0x000001bf5b14c600 nmethod 7740 0x000001bf05ee3210 code [0x000001bf05ee33e0, 0x000001bf05ee36f8]

GC Heap History (20 events):
Event: 18.836 GC heap before
{Heap before GC invocations=21 (full 2):
 PSYoungGen      total 23552K, used 23257K [0x00000000d5580000, 0x00000000d6f00000, 0x0000000100000000)
  eden space 22016K, 100% used [0x00000000d5580000,0x00000000d6b00000,0x00000000d6b00000)
  from space 1536K, 80% used [0x00000000d6d80000,0x00000000d6eb65f0,0x00000000d6f00000)
  to   space 1536K, 0% used [0x00000000d6c00000,0x00000000d6c00000,0x00000000d6d80000)
 ParOldGen       total 68608K, used 23066K [0x0000000080000000, 0x0000000084300000, 0x00000000d5580000)
  object space 68608K, 33% used [0x0000000080000000,0x0000000081686bf0,0x0000000084300000)
 Metaspace       used 48035K, committed 49344K, reserved 1114112K
  class space    used 5242K, committed 5824K, reserved 1048576K
}
Event: 18.840 GC heap after
{Heap after GC invocations=21 (full 2):
 PSYoungGen      total 23552K, used 1528K [0x00000000d5580000, 0x00000000d7200000, 0x0000000100000000)
  eden space 22016K, 0% used [0x00000000d5580000,0x00000000d5580000,0x00000000d6b00000)
  from space 1536K, 99% used [0x00000000d6c00000,0x00000000d6d7e1d8,0x00000000d6d80000)
  to   space 3584K, 0% used [0x00000000d6e80000,0x00000000d6e80000,0x00000000d7200000)
 ParOldGen       total 68608K, used 24469K [0x0000000080000000, 0x0000000084300000, 0x00000000d5580000)
  object space 68608K, 35% used [0x0000000080000000,0x00000000817e56c0,0x0000000084300000)
 Metaspace       used 48035K, committed 49344K, reserved 1114112K
  class space    used 5242K, committed 5824K, reserved 1048576K
}
Event: 19.230 GC heap before
{Heap before GC invocations=22 (full 2):
 PSYoungGen      total 23552K, used 23544K [0x00000000d5580000, 0x00000000d7200000, 0x0000000100000000)
  eden space 22016K, 100% used [0x00000000d5580000,0x00000000d6b00000,0x00000000d6b00000)
  from space 1536K, 99% used [0x00000000d6c00000,0x00000000d6d7e1d8,0x00000000d6d80000)
  to   space 3584K, 0% used [0x00000000d6e80000,0x00000000d6e80000,0x00000000d7200000)
 ParOldGen       total 68608K, used 24469K [0x0000000080000000, 0x0000000084300000, 0x00000000d5580000)
  object space 68608K, 35% used [0x0000000080000000,0x00000000817e56c0,0x0000000084300000)
 Metaspace       used 48381K, committed 49728K, reserved 1114112K
  class space    used 5295K, committed 5888K, reserved 1048576K
}
Event: 19.236 GC heap after
{Heap after GC invocations=22 (full 2):
 PSYoungGen      total 25088K, used 2577K [0x00000000d5580000, 0x00000000d7180000, 0x0000000100000000)
  eden space 22016K, 0% used [0x00000000d5580000,0x00000000d5580000,0x00000000d6b00000)
  from space 3072K, 83% used [0x00000000d6e80000,0x00000000d7104420,0x00000000d7180000)
  to   space 3072K, 0% used [0x00000000d6b80000,0x00000000d6b80000,0x00000000d6e80000)
 ParOldGen       total 68608K, used 25970K [0x0000000080000000, 0x0000000084300000, 0x00000000d5580000)
  object space 68608K, 37% used [0x0000000080000000,0x000000008195c940,0x0000000084300000)
 Metaspace       used 48381K, committed 49728K, reserved 1114112K
  class space    used 5295K, committed 5888K, reserved 1048576K
}
Event: 19.910 GC heap before
{Heap before GC invocations=23 (full 2):
 PSYoungGen      total 25088K, used 24593K [0x00000000d5580000, 0x00000000d7180000, 0x0000000100000000)
  eden space 22016K, 100% used [0x00000000d5580000,0x00000000d6b00000,0x00000000d6b00000)
  from space 3072K, 83% used [0x00000000d6e80000,0x00000000d7104420,0x00000000d7180000)
  to   space 3072K, 0% used [0x00000000d6b80000,0x00000000d6b80000,0x00000000d6e80000)
 ParOldGen       total 68608K, used 25970K [0x0000000080000000, 0x0000000084300000, 0x00000000d5580000)
  object space 68608K, 37% used [0x0000000080000000,0x000000008195c940,0x0000000084300000)
 Metaspace       used 48404K, committed 49728K, reserved 1114112K
  class space    used 5295K, committed 5888K, reserved 1048576K
}
Event: 19.917 GC heap after
{Heap after GC invocations=23 (full 2):
 PSYoungGen      total 25088K, used 2722K [0x00000000d5580000, 0x00000000d7100000, 0x0000000100000000)
  eden space 22016K, 0% used [0x00000000d5580000,0x00000000d5580000,0x00000000d6b00000)
  from space 3072K, 88% used [0x00000000d6b80000,0x00000000d6e28810,0x00000000d6e80000)
  to   space 2560K, 0% used [0x00000000d6e80000,0x00000000d6e80000,0x00000000d7100000)
 ParOldGen       total 68608K, used 28309K [0x0000000080000000, 0x0000000084300000, 0x00000000d5580000)
  object space 68608K, 41% used [0x0000000080000000,0x0000000081ba5638,0x0000000084300000)
 Metaspace       used 48404K, committed 49728K, reserved 1114112K
  class space    used 5295K, committed 5888K, reserved 1048576K
}
Event: 20.031 GC heap before
{Heap before GC invocations=24 (full 2):
 PSYoungGen      total 25088K, used 24738K [0x00000000d5580000, 0x00000000d7100000, 0x0000000100000000)
  eden space 22016K, 100% used [0x00000000d5580000,0x00000000d6b00000,0x00000000d6b00000)
  from space 3072K, 88% used [0x00000000d6b80000,0x00000000d6e28810,0x00000000d6e80000)
  to   space 2560K, 0% used [0x00000000d6e80000,0x00000000d6e80000,0x00000000d7100000)
 ParOldGen       total 68608K, used 28309K [0x0000000080000000, 0x0000000084300000, 0x00000000d5580000)
  object space 68608K, 41% used [0x0000000080000000,0x0000000081ba5638,0x0000000084300000)
 Metaspace       used 48408K, committed 49728K, reserved 1114112K
  class space    used 5295K, committed 5888K, reserved 1048576K
}
Event: 20.036 GC heap after
{Heap after GC invocations=24 (full 2):
 PSYoungGen      total 24576K, used 2468K [0x00000000d5580000, 0x00000000d7100000, 0x0000000100000000)
  eden space 22016K, 0% used [0x00000000d5580000,0x00000000d5580000,0x00000000d6b00000)
  from space 2560K, 96% used [0x00000000d6e80000,0x00000000d70e9000,0x00000000d7100000)
  to   space 3072K, 0% used [0x00000000d6b00000,0x00000000d6b00000,0x00000000d6e00000)
 ParOldGen       total 68608K, used 30773K [0x0000000080000000, 0x0000000084300000, 0x00000000d5580000)
  object space 68608K, 44% used [0x0000000080000000,0x0000000081e0d648,0x0000000084300000)
 Metaspace       used 48408K, committed 49728K, reserved 1114112K
  class space    used 5295K, committed 5888K, reserved 1048576K
}
Event: 20.467 GC heap before
{Heap before GC invocations=25 (full 2):
 PSYoungGen      total 24576K, used 24484K [0x00000000d5580000, 0x00000000d7100000, 0x0000000100000000)
  eden space 22016K, 100% used [0x00000000d5580000,0x00000000d6b00000,0x00000000d6b00000)
  from space 2560K, 96% used [0x00000000d6e80000,0x00000000d70e9000,0x00000000d7100000)
  to   space 3072K, 0% used [0x00000000d6b00000,0x00000000d6b00000,0x00000000d6e00000)
 ParOldGen       total 68608K, used 30773K [0x0000000080000000, 0x0000000084300000, 0x00000000d5580000)
  object space 68608K, 44% used [0x0000000080000000,0x0000000081e0d648,0x0000000084300000)
 Metaspace       used 48448K, committed 49792K, reserved 1114112K
  class space    used 5295K, committed 5888K, reserved 1048576K
}
Event: 20.473 GC heap after
{Heap after GC invocations=25 (full 2):
 PSYoungGen      total 24576K, used 2496K [0x00000000d5580000, 0x00000000d7000000, 0x0000000100000000)
  eden space 22016K, 0% used [0x00000000d5580000,0x00000000d5580000,0x00000000d6b00000)
  from space 2560K, 97% used [0x00000000d6b00000,0x00000000d6d70010,0x00000000d6d80000)
  to   space 2560K, 0% used [0x00000000d6d80000,0x00000000d6d80000,0x00000000d7000000)
 ParOldGen       total 68608K, used 33053K [0x0000000080000000, 0x0000000084300000, 0x00000000d5580000)
  object space 68608K, 48% used [0x0000000080000000,0x0000000082047748,0x0000000084300000)
 Metaspace       used 48448K, committed 49792K, reserved 1114112K
  class space    used 5295K, committed 5888K, reserved 1048576K
}
Event: 20.864 GC heap before
{Heap before GC invocations=26 (full 2):
 PSYoungGen      total 24576K, used 24511K [0x00000000d5580000, 0x00000000d7000000, 0x0000000100000000)
  eden space 22016K, 99% used [0x00000000d5580000,0x00000000d6afff10,0x00000000d6b00000)
  from space 2560K, 97% used [0x00000000d6b00000,0x00000000d6d70010,0x00000000d6d80000)
  to   space 2560K, 0% used [0x00000000d6d80000,0x00000000d6d80000,0x00000000d7000000)
 ParOldGen       total 68608K, used 33053K [0x0000000080000000, 0x0000000084300000, 0x00000000d5580000)
  object space 68608K, 48% used [0x0000000080000000,0x0000000082047748,0x0000000084300000)
 Metaspace       used 49135K, committed 50496K, reserved 1114112K
  class space    used 5393K, committed 5952K, reserved 1048576K
}
Event: 20.873 GC heap after
{Heap after GC invocations=26 (full 2):
 PSYoungGen      total 24576K, used 1888K [0x00000000d5580000, 0x00000000d7000000, 0x0000000100000000)
  eden space 22016K, 0% used [0x00000000d5580000,0x00000000d5580000,0x00000000d6b00000)
  from space 2560K, 73% used [0x00000000d6d80000,0x00000000d6f58000,0x00000000d7000000)
  to   space 2560K, 0% used [0x00000000d6b00000,0x00000000d6b00000,0x00000000d6d80000)
 ParOldGen       total 68608K, used 35445K [0x0000000080000000, 0x0000000084300000, 0x00000000d5580000)
  object space 68608K, 51% used [0x0000000080000000,0x000000008229d758,0x0000000084300000)
 Metaspace       used 49135K, committed 50496K, reserved 1114112K
  class space    used 5393K, committed 5952K, reserved 1048576K
}
Event: 22.266 GC heap before
{Heap before GC invocations=27 (full 2):
 PSYoungGen      total 24576K, used 23904K [0x00000000d5580000, 0x00000000d7000000, 0x0000000100000000)
  eden space 22016K, 100% used [0x00000000d5580000,0x00000000d6b00000,0x00000000d6b00000)
  from space 2560K, 73% used [0x00000000d6d80000,0x00000000d6f58000,0x00000000d7000000)
  to   space 2560K, 0% used [0x00000000d6b00000,0x00000000d6b00000,0x00000000d6d80000)
 ParOldGen       total 68608K, used 35445K [0x0000000080000000, 0x0000000084300000, 0x00000000d5580000)
  object space 68608K, 51% used [0x0000000080000000,0x000000008229d758,0x0000000084300000)
 Metaspace       used 50940K, committed 52288K, reserved 1114112K
  class space    used 5596K, committed 6208K, reserved 1048576K
}
Event: 22.271 GC heap after
{Heap after GC invocations=27 (full 2):
 PSYoungGen      total 23040K, used 677K [0x00000000d5580000, 0x00000000d6e00000, 0x0000000100000000)
  eden space 22016K, 0% used [0x00000000d5580000,0x00000000d5580000,0x00000000d6b00000)
  from space 1024K, 66% used [0x00000000d6b00000,0x00000000d6ba9558,0x00000000d6c00000)
  to   space 1536K, 0% used [0x00000000d6c80000,0x00000000d6c80000,0x00000000d6e00000)
 ParOldGen       total 68608K, used 37198K [0x0000000080000000, 0x0000000084300000, 0x00000000d5580000)
  object space 68608K, 54% used [0x0000000080000000,0x0000000082453b48,0x0000000084300000)
 Metaspace       used 50940K, committed 52288K, reserved 1114112K
  class space    used 5596K, committed 6208K, reserved 1048576K
}
Event: 23.023 GC heap before
{Heap before GC invocations=28 (full 2):
 PSYoungGen      total 23040K, used 22693K [0x00000000d5580000, 0x00000000d6e00000, 0x0000000100000000)
  eden space 22016K, 100% used [0x00000000d5580000,0x00000000d6b00000,0x00000000d6b00000)
  from space 1024K, 66% used [0x00000000d6b00000,0x00000000d6ba9558,0x00000000d6c00000)
  to   space 1536K, 0% used [0x00000000d6c80000,0x00000000d6c80000,0x00000000d6e00000)
 ParOldGen       total 68608K, used 37198K [0x0000000080000000, 0x0000000084300000, 0x00000000d5580000)
  object space 68608K, 54% used [0x0000000080000000,0x0000000082453b48,0x0000000084300000)
 Metaspace       used 52932K, committed 54336K, reserved 1114112K
  class space    used 5796K, committed 6400K, reserved 1048576K
}
Event: 23.025 GC heap after
{Heap after GC invocations=28 (full 2):
 PSYoungGen      total 23040K, used 640K [0x00000000d5580000, 0x00000000d6d80000, 0x0000000100000000)
  eden space 22016K, 0% used [0x00000000d5580000,0x00000000d5580000,0x00000000d6b00000)
  from space 1024K, 62% used [0x00000000d6c80000,0x00000000d6d20000,0x00000000d6d80000)
  to   space 1024K, 0% used [0x00000000d6b00000,0x00000000d6b00000,0x00000000d6c00000)
 ParOldGen       total 68608K, used 37750K [0x0000000080000000, 0x0000000084300000, 0x00000000d5580000)
  object space 68608K, 55% used [0x0000000080000000,0x00000000824dda70,0x0000000084300000)
 Metaspace       used 52932K, committed 54336K, reserved 1114112K
  class space    used 5796K, committed 6400K, reserved 1048576K
}
Event: 23.760 GC heap before
{Heap before GC invocations=29 (full 2):
 PSYoungGen      total 23040K, used 22650K [0x00000000d5580000, 0x00000000d6d80000, 0x0000000100000000)
  eden space 22016K, 99% used [0x00000000d5580000,0x00000000d6afeba8,0x00000000d6b00000)
  from space 1024K, 62% used [0x00000000d6c80000,0x00000000d6d20000,0x00000000d6d80000)
  to   space 1024K, 0% used [0x00000000d6b00000,0x00000000d6b00000,0x00000000d6c00000)
 ParOldGen       total 68608K, used 37750K [0x0000000080000000, 0x0000000084300000, 0x00000000d5580000)
  object space 68608K, 55% used [0x0000000080000000,0x00000000824dda70,0x0000000084300000)
 Metaspace       used 55628K, committed 57088K, reserved 1114112K
  class space    used 6073K, committed 6656K, reserved 1048576K
}
Event: 23.764 GC heap after
{Heap after GC invocations=29 (full 2):
 PSYoungGen      total 23040K, used 928K [0x00000000d5580000, 0x00000000d6d00000, 0x0000000100000000)
  eden space 22016K, 0% used [0x00000000d5580000,0x00000000d5580000,0x00000000d6b00000)
  from space 1024K, 90% used [0x00000000d6b00000,0x00000000d6be8000,0x00000000d6c00000)
  to   space 1024K, 0% used [0x00000000d6c00000,0x00000000d6c00000,0x00000000d6d00000)
 ParOldGen       total 68608K, used 38230K [0x0000000080000000, 0x0000000084300000, 0x00000000d5580000)
  object space 68608K, 55% used [0x0000000080000000,0x0000000082555a90,0x0000000084300000)
 Metaspace       used 55628K, committed 57088K, reserved 1114112K
  class space    used 6073K, committed 6656K, reserved 1048576K
}
Event: 24.229 GC heap before
{Heap before GC invocations=30 (full 2):
 PSYoungGen      total 23040K, used 22944K [0x00000000d5580000, 0x00000000d6d00000, 0x0000000100000000)
  eden space 22016K, 100% used [0x00000000d5580000,0x00000000d6b00000,0x00000000d6b00000)
  from space 1024K, 90% used [0x00000000d6b00000,0x00000000d6be8000,0x00000000d6c00000)
  to   space 1024K, 0% used [0x00000000d6c00000,0x00000000d6c00000,0x00000000d6d00000)
 ParOldGen       total 68608K, used 38230K [0x0000000080000000, 0x0000000084300000, 0x00000000d5580000)
  object space 68608K, 55% used [0x0000000080000000,0x0000000082555a90,0x0000000084300000)
 Metaspace       used 57707K, committed 59136K, reserved 1114112K
  class space    used 6270K, committed 6912K, reserved 1048576K
}
Event: 24.234 GC heap after
{Heap after GC invocations=30 (full 2):
 PSYoungGen      total 21504K, used 992K [0x00000000d5580000, 0x00000000d7000000, 0x0000000100000000)
  eden space 20480K, 0% used [0x00000000d5580000,0x00000000d5580000,0x00000000d6980000)
  from space 1024K, 96% used [0x00000000d6c00000,0x00000000d6cf8080,0x00000000d6d00000)
  to   space 2560K, 0% used [0x00000000d6980000,0x00000000d6980000,0x00000000d6c00000)
 ParOldGen       total 68608K, used 39442K [0x0000000080000000, 0x0000000084300000, 0x00000000d5580000)
  object space 68608K, 57% used [0x0000000080000000,0x0000000082684960,0x0000000084300000)
 Metaspace       used 57707K, committed 59136K, reserved 1114112K
  class space    used 6270K, committed 6912K, reserved 1048576K
}

Dll operation events (10 events):
Event: 0.028 Loaded shared library c:\Users\Windows 11\.vscode\extensions\redhat.java-1.49.0-win32-x64\jre\21.0.9-win32-x86_64\bin\java.dll
Event: 0.297 Loaded shared library c:\Users\Windows 11\.vscode\extensions\redhat.java-1.49.0-win32-x64\jre\21.0.9-win32-x86_64\bin\zip.dll
Event: 0.349 Loaded shared library C:\Users\Windows 11\.vscode\extensions\redhat.java-1.49.0-win32-x64\jre\21.0.9-win32-x86_64\bin\instrument.dll
Event: 0.361 Loaded shared library C:\Users\Windows 11\.vscode\extensions\redhat.java-1.49.0-win32-x64\jre\21.0.9-win32-x86_64\bin\net.dll
Event: 0.365 Loaded shared library C:\Users\Windows 11\.vscode\extensions\redhat.java-1.49.0-win32-x64\jre\21.0.9-win32-x86_64\bin\nio.dll
Event: 0.372 Loaded shared library C:\Users\Windows 11\.vscode\extensions\redhat.java-1.49.0-win32-x64\jre\21.0.9-win32-x86_64\bin\zip.dll
Event: 0.417 Loaded shared library C:\Users\Windows 11\.vscode\extensions\redhat.java-1.49.0-win32-x64\jre\21.0.9-win32-x86_64\bin\jimage.dll
Event: 0.611 Loaded shared library c:\Users\Windows 11\.vscode\extensions\redhat.java-1.49.0-win32-x64\jre\21.0.9-win32-x86_64\bin\verify.dll
Event: 3.561 Loaded shared library C:\Users\Windows 11\AppData\Roaming\Code\User\globalStorage\redhat.java\1.49.0\config_win\org.eclipse.equinox.launcher\org.eclipse.equinox.launcher.win32.win32.x86_64_1.2.1400.v20250801-0854\eclipse_11916.dll
Event: 8.388 Loaded shared library C:\Users\Windows 11\AppData\Local\Temp\jna--438106883\jna4269005144938614256.dll

Deoptimization events (20 events):
Event: 24.157 Thread 0x000001bf617cc1e0 DEOPT PACKING pc=0x000001bf0ce2c474 sp=0x000000b3b93fe130
Event: 24.157 Thread 0x000001bf617cc1e0 DEOPT UNPACKING pc=0x000001bf0c563aa2 sp=0x000000b3b93fe068 mode 2
Event: 24.303 Thread 0x000001bf617cc1e0 Uncommon trap: trap_request=0xffffff6e fr.pc=0x000001bf0ce1cb38 relative=0x00000000000003f8
Event: 24.303 Thread 0x000001bf617cc1e0 Uncommon trap: reason=loop_limit_check action=maybe_recompile pc=0x000001bf0ce1cb38 method=org.eclipse.jdt.internal.compiler.classfmt.ClassFileStruct.utf8At(II)[C @ 143 c2
Event: 24.303 Thread 0x000001bf617cc1e0 DEOPT PACKING pc=0x000001bf0ce1cb38 sp=0x000000b3b93fd220
Event: 24.303 Thread 0x000001bf617cc1e0 DEOPT UNPACKING pc=0x000001bf0c563aa2 sp=0x000000b3b93fd1b8 mode 2
Event: 24.387 Thread 0x000001bf5b635d20 Uncommon trap: trap_request=0xffffff45 fr.pc=0x000001bf0cbfb170 relative=0x0000000000000230
Event: 24.387 Thread 0x000001bf5b635d20 Uncommon trap: reason=unstable_if action=reinterpret pc=0x000001bf0cbfb170 method=java.util.Arrays.hashCode([C)I @ 8 c2
Event: 24.387 Thread 0x000001bf5b635d20 DEOPT PACKING pc=0x000001bf0cbfb170 sp=0x000000b3b85fea20
Event: 24.387 Thread 0x000001bf5b635d20 DEOPT UNPACKING pc=0x000001bf0c563aa2 sp=0x000000b3b85fe9b8 mode 2
Event: 24.400 Thread 0x000001bf5b635d20 Uncommon trap: trap_request=0xffffff45 fr.pc=0x000001bf0cb2a118 relative=0x0000000000000338
Event: 24.400 Thread 0x000001bf5b635d20 Uncommon trap: reason=unstable_if action=reinterpret pc=0x000001bf0cb2a118 method=java.lang.ThreadLocal$ThreadLocalMap.set(Ljava/lang/ThreadLocal;Ljava/lang/Object;)V @ 116 c2
Event: 24.400 Thread 0x000001bf5b635d20 DEOPT PACKING pc=0x000001bf0cb2a118 sp=0x000000b3b85fea50
Event: 24.400 Thread 0x000001bf5b635d20 DEOPT UNPACKING pc=0x000001bf0c563aa2 sp=0x000000b3b85fe9d8 mode 2
Event: 24.405 Thread 0x000001bf5b635d20 DEOPT PACKING pc=0x000001bf05e04bce sp=0x000000b3b85fe840
Event: 24.405 Thread 0x000001bf5b635d20 DEOPT UNPACKING pc=0x000001bf0c564242 sp=0x000000b3b85fddc0 mode 0
Event: 24.426 Thread 0x000001bf5b634970 Uncommon trap: trap_request=0xffffff6e fr.pc=0x000001bf0cec60f8 relative=0x00000000000001b8
Event: 24.426 Thread 0x000001bf5b634970 Uncommon trap: reason=loop_limit_check action=maybe_recompile pc=0x000001bf0cec60f8 method=org.eclipse.jdt.internal.core.util.HashtableOfArrayToObject.hashCode([Ljava/lang/Object;I)I @ 27 c2
Event: 24.426 Thread 0x000001bf5b634970 DEOPT PACKING pc=0x000001bf0cec60f8 sp=0x000000b3b7ffe650
Event: 24.426 Thread 0x000001bf5b634970 DEOPT UNPACKING pc=0x000001bf0c563aa2 sp=0x000000b3b7ffe5d8 mode 2

Classes loaded (20 events):
Event: 23.218 Loading class java/io/SequenceInputStream
Event: 23.219 Loading class java/io/SequenceInputStream done
Event: 23.291 Loading class java/util/WeakHashMap$KeyIterator
Event: 23.291 Loading class java/util/WeakHashMap$KeyIterator done
Event: 23.525 Loading class java/util/Hashtable$KeySet
Event: 23.525 Loading class java/util/Hashtable$KeySet done
Event: 23.834 Loading class java/lang/UnsupportedClassVersionError
Event: 23.834 Loading class java/lang/UnsupportedClassVersionError done
Event: 23.858 Loading class java/util/Collections$2
Event: 23.858 Loading class java/util/Collections$2 done
Event: 24.017 Loading class java/util/AbstractList$RandomAccessSubList
Event: 24.017 Loading class java/util/AbstractList$SubList
Event: 24.018 Loading class java/util/AbstractList$SubList done
Event: 24.018 Loading class java/util/AbstractList$RandomAccessSubList done
Event: 24.018 Loading class java/util/AbstractList$SubList$1
Event: 24.018 Loading class java/util/AbstractList$SubList$1 done
Event: 24.234 Loading class java/util/stream/ReduceOps$4
Event: 24.235 Loading class java/util/stream/ReduceOps$4 done
Event: 24.235 Loading class java/util/stream/ReduceOps$4ReducingSink
Event: 24.235 Loading class java/util/stream/ReduceOps$4ReducingSink done

Classes unloaded (7 events):
Event: 10.120 Thread 0x000001bf01e7fdc0 Unloading class 0x000001bf1a1acc00 'java/lang/invoke/LambdaForm$MH+0x000001bf1a1acc00'
Event: 10.120 Thread 0x000001bf01e7fdc0 Unloading class 0x000001bf1a1ac800 'java/lang/invoke/LambdaForm$MH+0x000001bf1a1ac800'
Event: 10.120 Thread 0x000001bf01e7fdc0 Unloading class 0x000001bf1a1ac400 'java/lang/invoke/LambdaForm$MH+0x000001bf1a1ac400'
Event: 10.120 Thread 0x000001bf01e7fdc0 Unloading class 0x000001bf1a1ac000 'java/lang/invoke/LambdaForm$MH+0x000001bf1a1ac000'
Event: 10.120 Thread 0x000001bf01e7fdc0 Unloading class 0x000001bf1a1abc00 'java/lang/invoke/LambdaForm$BMH+0x000001bf1a1abc00'
Event: 10.120 Thread 0x000001bf01e7fdc0 Unloading class 0x000001bf1a1ab800 'java/lang/invoke/LambdaForm$DMH+0x000001bf1a1ab800'
Event: 10.120 Thread 0x000001bf01e7fdc0 Unloading class 0x000001bf1a1aa400 'java/lang/invoke/LambdaForm$DMH+0x000001bf1a1aa400'

Classes redefined (0 events):
No events

Internal exceptions (20 events):
Event: 24.316 Thread 0x000001bf5b635d20 Exception <a 'java/lang/NullPointerException'{0x00000000d5714478}> (0x00000000d5714478) 
thrown [s\src\hotspot\share\interpreter\linkResolver.cpp, line 1372]
Event: 24.316 Thread 0x000001bf5b635d20 Exception <a 'java/lang/NullPointerException'{0x00000000d57149b0}> (0x00000000d57149b0) 
thrown [s\src\hotspot\share\interpreter\linkResolver.cpp, line 1372]
Event: 24.316 Thread 0x000001bf5b635d20 Exception <a 'java/lang/NullPointerException'{0x00000000d5714e38}> (0x00000000d5714e38) 
thrown [s\src\hotspot\share\interpreter\linkResolver.cpp, line 1372]
Event: 24.318 Thread 0x000001bf5b635d20 Exception <a 'java/lang/NullPointerException'{0x00000000d5723d78}> (0x00000000d5723d78) 
thrown [s\src\hotspot\share\interpreter\linkResolver.cpp, line 1372]
Event: 24.318 Thread 0x000001bf5b635d20 Exception <a 'java/lang/NullPointerException'{0x00000000d5724200}> (0x00000000d5724200) 
thrown [s\src\hotspot\share\interpreter\linkResolver.cpp, line 1372]
Event: 24.395 Thread 0x000001bf5b635d20 Exception <a 'java/lang/NoSuchMethodError'{0x00000000d58626a0}: 'java.lang.Object java.lang.invoke.DirectMethodHandle$Holder.invokeStatic(java.lang.Object, java.lang.Object, int, java.lang.Object)'> (0x00000000d58626a0) 
thrown [s\src\hotspot\share\interpreter\linkResolver.cpp, line 773]
Event: 24.396 Thread 0x000001bf5b635d20 Exception <a 'java/lang/NoSuchMethodError'{0x00000000d5868f18}: 'java.lang.Object java.lang.invoke.DirectMethodHandle$Holder.newInvokeSpecial(java.lang.Object, java.lang.Object, int)'> (0x00000000d5868f18) 
thrown [s\src\hotspot\share\interpreter\linkResolver.cpp, line 773]
Event: 24.413 Thread 0x000001bf5b635d20 Exception <a 'java/lang/NullPointerException'{0x00000000d5991a20}> (0x00000000d5991a20) 
thrown [s\src\hotspot\share\interpreter\linkResolver.cpp, line 1372]
Event: 24.413 Thread 0x000001bf5b635d20 Exception <a 'java/lang/NullPointerException'{0x00000000d5991e40}> (0x00000000d5991e40) 
thrown [s\src\hotspot\share\interpreter\linkResolver.cpp, line 1372]
Event: 24.413 Thread 0x000001bf5b635d20 Exception <a 'java/lang/NullPointerException'{0x00000000d5992268}> (0x00000000d5992268) 
thrown [s\src\hotspot\share\interpreter\linkResolver.cpp, line 1372]
Event: 24.413 Thread 0x000001bf5b635d20 Exception <a 'java/lang/NullPointerException'{0x00000000d5992698}> (0x00000000d5992698) 
thrown [s\src\hotspot\share\interpreter\linkResolver.cpp, line 1372]
Event: 24.413 Thread 0x000001bf5b635d20 Exception <a 'java/lang/NullPointerException'{0x00000000d5992ac0}> (0x00000000d5992ac0) 
thrown [s\src\hotspot\share\interpreter\linkResolver.cpp, line 1372]
Event: 24.414 Thread 0x000001bf5b635d20 Exception <a 'java/lang/NullPointerException'{0x00000000d5992ef0}> (0x00000000d5992ef0) 
thrown [s\src\hotspot\share\interpreter\linkResolver.cpp, line 1372]
Event: 24.414 Thread 0x000001bf5b635d20 Exception <a 'java/lang/NullPointerException'{0x00000000d5993310}> (0x00000000d5993310) 
thrown [s\src\hotspot\share\interpreter\linkResolver.cpp, line 1372]
Event: 24.425 Thread 0x000001bf617cc1e0 Exception <a 'java/lang/NullPointerException'{0x00000000d5a12c68}> (0x00000000d5a12c68) 
thrown [s\src\hotspot\share\interpreter\linkResolver.cpp, line 1372]
Event: 24.425 Thread 0x000001bf617cc1e0 Exception <a 'java/lang/NullPointerException'{0x00000000d5a13400}> (0x00000000d5a13400) 
thrown [s\src\hotspot\share\interpreter\linkResolver.cpp, line 1372]
Event: 24.426 Thread 0x000001bf617cc1e0 Exception <a 'java/lang/NullPointerException'{0x00000000d5a14690}> (0x00000000d5a14690) 
thrown [s\src\hotspot\share\interpreter\linkResolver.cpp, line 1372]
Event: 24.426 Thread 0x000001bf617cc1e0 Exception <a 'java/lang/NullPointerException'{0x00000000d5a15028}> (0x00000000d5a15028) 
thrown [s\src\hotspot\share\interpreter\linkResolver.cpp, line 1372]
Event: 24.438 Thread 0x000001bf5b634970 Exception <a 'java/lang/NullPointerException'{0x00000000d5ac12d8}> (0x00000000d5ac12d8) 
thrown [s\src\hotspot\share\interpreter\linkResolver.cpp, line 1372]
Event: 24.438 Thread 0x000001bf5b634970 Exception <a 'java/lang/NullPointerException'{0x00000000d5ac1750}> (0x00000000d5ac1750) 
thrown [s\src\hotspot\share\interpreter\linkResolver.cpp, line 1372]

ZGC Phase Switch (0 events):
No events

VM Operations (20 events):
Event: 20.864 Executing VM operation: ParallelGCFailedAllocation (Allocation Failure)
Event: 20.873 Executing VM operation: ParallelGCFailedAllocation (Allocation Failure) done
Event: 21.342 Executing VM operation: HandshakeAllThreads (Deoptimize)
Event: 21.342 Executing VM operation: HandshakeAllThreads (Deoptimize) done
Event: 22.266 Executing VM operation: ParallelGCFailedAllocation (Allocation Failure)
Event: 22.271 Executing VM operation: ParallelGCFailedAllocation (Allocation Failure) done
Event: 23.023 Executing VM operation: ParallelGCFailedAllocation (Allocation Failure)
Event: 23.025 Executing VM operation: ParallelGCFailedAllocation (Allocation Failure) done
Event: 23.625 Executing VM operation: HandshakeAllThreads (Deoptimize)
Event: 23.625 Executing VM operation: HandshakeAllThreads (Deoptimize) done
Event: 23.760 Executing VM operation: ParallelGCFailedAllocation (Allocation Failure)
Event: 23.764 Executing VM operation: ParallelGCFailedAllocation (Allocation Failure) done
Event: 23.841 Executing VM operation: HandshakeAllThreads (Deoptimize)
Event: 23.850 Executing VM operation: HandshakeAllThreads (Deoptimize) done
Event: 23.953 Executing VM operation: HandshakeAllThreads (Deoptimize)
Event: 23.953 Executing VM operation: HandshakeAllThreads (Deoptimize) done
Event: 24.081 Executing VM operation: HandshakeAllThreads (Deoptimize)
Event: 24.081 Executing VM operation: HandshakeAllThreads (Deoptimize) done
Event: 24.228 Executing VM operation: ParallelGCFailedAllocation (Allocation Failure)
Event: 24.234 Executing VM operation: ParallelGCFailedAllocation (Allocation Failure) done

Memory protections (0 events):
No events

Nmethod flushes (20 events):
Event: 13.851 Thread 0x000001bf01e7fdc0 flushing  nmethod 0x000001bf05613610
Event: 13.851 Thread 0x000001bf01e7fdc0 flushing  nmethod 0x000001bf05613d90
Event: 13.851 Thread 0x000001bf01e7fdc0 flushing  nmethod 0x000001bf05614710
Event: 13.851 Thread 0x000001bf01e7fdc0 flushing  nmethod 0x000001bf05614c10
Event: 13.851 Thread 0x000001bf01e7fdc0 flushing  nmethod 0x000001bf05615110
Event: 13.851 Thread 0x000001bf01e7fdc0 flushing  nmethod 0x000001bf05615510
Event: 13.851 Thread 0x000001bf01e7fdc0 flushing  nmethod 0x000001bf05616910
Event: 13.851 Thread 0x000001bf01e7fdc0 flushing  nmethod 0x000001bf05618e10
Event: 13.851 Thread 0x000001bf01e7fdc0 flushing  nmethod 0x000001bf05623110
Event: 13.851 Thread 0x000001bf01e7fdc0 flushing  nmethod 0x000001bf05659090
Event: 13.851 Thread 0x000001bf01e7fdc0 flushing  nmethod 0x000001bf0565a990
Event: 13.851 Thread 0x000001bf01e7fdc0 flushing  nmethod 0x000001bf0565f390
Event: 13.851 Thread 0x000001bf01e7fdc0 flushing  nmethod 0x000001bf0566d410
Event: 13.851 Thread 0x000001bf01e7fdc0 flushing  nmethod 0x000001bf056b7410
Event: 13.851 Thread 0x000001bf01e7fdc0 flushing osr nmethod 0x000001bf056d6290
Event: 13.851 Thread 0x000001bf01e7fdc0 flushing  nmethod 0x000001bf056da610
Event: 13.851 Thread 0x000001bf01e7fdc0 flushing  nmethod 0x000001bf0572f890
Event: 13.851 Thread 0x000001bf01e7fdc0 flushing  nmethod 0x000001bf0572fd10
Event: 13.851 Thread 0x000001bf01e7fdc0 flushing  nmethod 0x000001bf05735310
Event: 13.851 Thread 0x000001bf01e7fdc0 flushing  nmethod 0x000001bf0574b010

Events (20 events):
Event: 14.343 Thread 0x000001bf01ddd430 Thread added: 0x000001bf622e31b0
Event: 14.343 Thread 0x000001bf01ddd430 Thread added: 0x000001bf622e1e00
Event: 14.343 Thread 0x000001bf01ddd430 Thread added: 0x000001bf622e2490
Event: 14.343 Thread 0x000001bf01ddd430 Thread added: 0x000001bf622e2b20
Event: 14.343 Thread 0x000001bf01ddd430 Thread added: 0x000001bf622e3840
Event: 14.343 Thread 0x000001bf01ddd430 Thread added: 0x000001bf622e3ed0
Event: 14.422 Thread 0x000001bf01ddd430 Thread added: 0x000001bf622e10e0
Event: 14.861 Thread 0x000001bf01ddd430 Thread added: 0x000001bf622e4560
Event: 14.861 Thread 0x000001bf01ddd430 Thread added: 0x000001bf622e1770
Event: 15.074 Thread 0x000001bf5b6335c0 Thread added: 0x000001bf617cbb50
Event: 15.169 Thread 0x000001bf617cbb50 Thread added: 0x000001bf617cc1e0
Event: 18.045 Thread 0x000001bf617cc1e0 Thread added: 0x000001bf617ca110
Event: 18.980 Thread 0x000001bf5b14c600 Thread added: 0x000001bf627cec30
Event: 20.959 Thread 0x000001bf627cec30 Thread exited: 0x000001bf627cec30
Event: 21.114 Thread 0x000001bf614a7250 Thread exited: 0x000001bf614a7250
Event: 22.897 Thread 0x000001bf5b14c600 Thread added: 0x000001bf622dc480
Event: 23.311 Thread 0x000001bf617cbb50 Thread added: 0x000001bf617c8d60
Event: 23.340 Thread 0x000001bf622e1770 Thread added: 0x000001bf617cdc20
Event: 23.521 Thread 0x000001bf622e1770 Thread added: 0x000001bf617ce940
Event: 23.546 Thread 0x000001bf622e1770 Thread added: 0x000001bf617ce2b0


Dynamic libraries:
0x00007ff6052d0000 - 0x00007ff6052de000 	c:\Users\Windows 11\.vscode\extensions\redhat.java-1.49.0-win32-x64\jre\21.0.9-win32-x86_64\bin\java.exe
0x00007fffea8f0000 - 0x00007fffeab08000 	C:\Windows\SYSTEM32\ntdll.dll
0x00007fffe8910000 - 0x00007fffe89d4000 	C:\Windows\System32\KERNEL32.DLL
0x00007fffe7ce0000 - 0x00007fffe80b3000 	C:\Windows\System32\KERNELBASE.dll
0x00007fffe79f0000 - 0x00007fffe7b01000 	C:\Windows\System32\ucrtbase.dll
0x00007fffd3c50000 - 0x00007fffd3c68000 	c:\Users\Windows 11\.vscode\extensions\redhat.java-1.49.0-win32-x64\jre\21.0.9-win32-x86_64\bin\jli.dll
0x00007fffe8cf0000 - 0x00007fffe8ea2000 	C:\Windows\System32\USER32.dll
0x00007fffe7cb0000 - 0x00007fffe7cd6000 	C:\Windows\System32\win32u.dll
0x00007fffe97b0000 - 0x00007fffe97d9000 	C:\Windows\System32\GDI32.dll
0x00007fffe80c0000 - 0x00007fffe81e3000 	C:\Windows\System32\gdi32full.dll
0x00007fffe81f0000 - 0x00007fffe828a000 	C:\Windows\System32\msvcp_win.dll
0x00007fffca660000 - 0x00007fffca67e000 	c:\Users\Windows 11\.vscode\extensions\redhat.java-1.49.0-win32-x64\jre\21.0.9-win32-x86_64\bin\VCRUNTIME140.dll
0x00007fffd36a0000 - 0x00007fffd393c000 	C:\Windows\WinSxS\amd64_microsoft.windows.common-controls_6595b64144ccf1df_6.0.22621.6060_none_2712eda17382d24b\COMCTL32.dll
0x00007fffe8aa0000 - 0x00007fffe8b47000 	C:\Windows\System32\msvcrt.dll
0x00007fffe86a0000 - 0x00007fffe86d1000 	C:\Windows\System32\IMM32.DLL
0x00007fffe3600000 - 0x00007fffe360c000 	c:\Users\Windows 11\.vscode\extensions\redhat.java-1.49.0-win32-x64\jre\21.0.9-win32-x86_64\bin\vcruntime140_1.dll
0x00007fffa0cd0000 - 0x00007fffa0d5d000 	c:\Users\Windows 11\.vscode\extensions\redhat.java-1.49.0-win32-x64\jre\21.0.9-win32-x86_64\bin\msvcp140.dll
0x00007fff7f080000 - 0x00007fff7fe20000 	c:\Users\Windows 11\.vscode\extensions\redhat.java-1.49.0-win32-x64\jre\21.0.9-win32-x86_64\bin\server\jvm.dll
0x00007fffe89e0000 - 0x00007fffe8a91000 	C:\Windows\System32\ADVAPI32.dll
0x00007fffea130000 - 0x00007fffea1d8000 	C:\Windows\System32\sechost.dll
0x00007fffe7c80000 - 0x00007fffe7ca8000 	C:\Windows\System32\bcrypt.dll
0x00007fffe9b20000 - 0x00007fffe9c38000 	C:\Windows\System32\RPCRT4.dll
0x00007fffe9c50000 - 0x00007fffe9cc1000 	C:\Windows\System32\WS2_32.dll
0x00007fffe67e0000 - 0x00007fffe682d000 	C:\Windows\SYSTEM32\POWRPROF.dll
0x00007fffe23c0000 - 0x00007fffe23f4000 	C:\Windows\SYSTEM32\WINMM.dll
0x00007fffded90000 - 0x00007fffded9a000 	C:\Windows\SYSTEM32\VERSION.dll
0x00007fffe67c0000 - 0x00007fffe67d3000 	C:\Windows\SYSTEM32\UMPDC.dll
0x00007fffe6a70000 - 0x00007fffe6a88000 	C:\Windows\SYSTEM32\kernel.appcore.dll
0x00007fffe1660000 - 0x00007fffe166a000 	c:\Users\Windows 11\.vscode\extensions\redhat.java-1.49.0-win32-x64\jre\21.0.9-win32-x86_64\bin\jimage.dll
0x00007fffe4fb0000 - 0x00007fffe51e3000 	C:\Windows\SYSTEM32\DBGHELP.DLL
0x00007fffe9d20000 - 0x00007fffea0b2000 	C:\Windows\System32\combase.dll
0x00007fffe87a0000 - 0x00007fffe8878000 	C:\Windows\System32\OLEAUT32.dll
0x00007fffd00e0000 - 0x00007fffd0112000 	C:\Windows\SYSTEM32\dbgcore.DLL
0x00007fffe8290000 - 0x00007fffe830b000 	C:\Windows\System32\bcryptPrimitives.dll
0x00007fffdfaf0000 - 0x00007fffdfaff000 	c:\Users\Windows 11\.vscode\extensions\redhat.java-1.49.0-win32-x64\jre\21.0.9-win32-x86_64\bin\instrument.dll
0x00007fffc9a60000 - 0x00007fffc9a80000 	c:\Users\Windows 11\.vscode\extensions\redhat.java-1.49.0-win32-x64\jre\21.0.9-win32-x86_64\bin\java.dll
0x00007fffe8f10000 - 0x00007fffe97ae000 	C:\Windows\System32\SHELL32.dll
0x00007fffe8310000 - 0x00007fffe844f000 	C:\Windows\System32\wintypes.dll
0x00007fffe5890000 - 0x00007fffe61a8000 	C:\Windows\SYSTEM32\windows.storage.dll
0x00007fffe8590000 - 0x00007fffe8694000 	C:\Windows\System32\SHCORE.dll
0x00007fffea0c0000 - 0x00007fffea129000 	C:\Windows\System32\shlwapi.dll
0x00007fffe7920000 - 0x00007fffe7945000 	C:\Windows\SYSTEM32\profapi.dll
0x00007fffc2310000 - 0x00007fffc2328000 	c:\Users\Windows 11\.vscode\extensions\redhat.java-1.49.0-win32-x64\jre\21.0.9-win32-x86_64\bin\zip.dll
0x00007fffdf750000 - 0x00007fffdf760000 	C:\Users\Windows 11\.vscode\extensions\redhat.java-1.49.0-win32-x64\jre\21.0.9-win32-x86_64\bin\net.dll
0x00007fffe2050000 - 0x00007fffe217c000 	C:\Windows\SYSTEM32\WINHTTP.dll
0x00007fffe6f30000 - 0x00007fffe6f99000 	C:\Windows\system32\mswsock.dll
0x00007fffc2150000 - 0x00007fffc2166000 	C:\Users\Windows 11\.vscode\extensions\redhat.java-1.49.0-win32-x64\jre\21.0.9-win32-x86_64\bin\nio.dll
0x00007fffde4c0000 - 0x00007fffde4d0000 	c:\Users\Windows 11\.vscode\extensions\redhat.java-1.49.0-win32-x64\jre\21.0.9-win32-x86_64\bin\verify.dll
0x00007fffb4340000 - 0x00007fffb4384000 	C:\Users\Windows 11\AppData\Roaming\Code\User\globalStorage\redhat.java\1.49.0\config_win\org.eclipse.equinox.launcher\org.eclipse.equinox.launcher.win32.win32.x86_64_1.2.1400.v20250801-0854\eclipse_11916.dll
0x00007fffe8b50000 - 0x00007fffe8cf0000 	C:\Windows\System32\ole32.dll
0x00007fffe7280000 - 0x00007fffe729b000 	C:\Windows\SYSTEM32\CRYPTSP.dll
0x00007fffe69d0000 - 0x00007fffe6a07000 	C:\Windows\system32\rsaenh.dll
0x00007fffe6fd0000 - 0x00007fffe6ff8000 	C:\Windows\SYSTEM32\USERENV.dll
0x00007fffe7260000 - 0x00007fffe726c000 	C:\Windows\SYSTEM32\CRYPTBASE.dll
0x00007fffe64c0000 - 0x00007fffe64ed000 	C:\Windows\SYSTEM32\IPHLPAPI.DLL
0x00007fffe98a0000 - 0x00007fffe98a9000 	C:\Windows\System32\NSI.dll
0x00007fffb0fc0000 - 0x00007fffb1009000 	C:\Users\Windows 11\AppData\Local\Temp\jna--438106883\jna4269005144938614256.dll
0x00007fffe8790000 - 0x00007fffe8798000 	C:\Windows\System32\PSAPI.DLL
0x00007fffe2030000 - 0x00007fffe2049000 	C:\Windows\SYSTEM32\dhcpcsvc6.DLL
0x00007fffe2010000 - 0x00007fffe202f000 	C:\Windows\SYSTEM32\dhcpcsvc.DLL

JVMTI agents:
c:\Users\Windows 11\.vscode\extensions\redhat.java-1.49.0-win32-x64\lombok\lombok-1.18.39-4050.jar path:c:\Users\Windows 11\.vscode\extensions\redhat.java-1.49.0-win32-x64\jre\21.0.9-win32-x86_64\bin\instrument.dll, loaded, initialized, instrumentlib options:none

dbghelp: loaded successfully - version: 4.0.5 - missing functions: none
symbol engine: initialized successfully - sym options: 0x614 - pdb path: .;c:\Users\Windows 11\.vscode\extensions\redhat.java-1.49.0-win32-x64\jre\21.0.9-win32-x86_64\bin;C:\Windows\SYSTEM32;C:\Windows\WinSxS\amd64_microsoft.windows.common-controls_6595b64144ccf1df_6.0.22621.6060_none_2712eda17382d24b;c:\Users\Windows 11\.vscode\extensions\redhat.java-1.49.0-win32-x64\jre\21.0.9-win32-x86_64\bin\server;C:\Users\Windows 11\AppData\Roaming\Code\User\globalStorage\redhat.java\1.49.0\config_win\org.eclipse.equinox.launcher\org.eclipse.equinox.launcher.win32.win32.x86_64_1.2.1400.v20250801-0854;C:\Users\Windows 11\AppData\Local\Temp\jna--438106883

VM Arguments:
jvm_args: --add-modules=ALL-SYSTEM --add-opens=java.base/java.util=ALL-UNNAMED --add-opens=java.base/java.lang=ALL-UNNAMED --add-opens=java.base/sun.nio.fs=ALL-UNNAMED -Declipse.application=org.eclipse.jdt.ls.core.id1 -Dosgi.bundles.defaultStartLevel=4 -Declipse.product=org.eclipse.jdt.ls.core.product -Djava.import.generatesMetadataFilesAtProjectRoot=false -DDetectVMInstallationsJob.disabled=true -Dfile.encoding=utf8 -XX:+UseParallelGC -XX:GCTimeRatio=4 -XX:AdaptiveSizePolicyWeight=90 -Dsun.zip.disableMemoryMapping=true -Xmx2G -Xms100m -Xlog:disable -javaagent:c:\Users\Windows 11\.vscode\extensions\redhat.java-1.49.0-win32-x64\lombok\lombok-1.18.39-4050.jar -XX:+HeapDumpOnOutOfMemoryError -XX:HeapDumpPath=c:\Users\Windows 11\AppData\Roaming\Code\User\workspaceStorage\c73543d6d93c52d8039c0b5be2055d3d\redhat.java -Daether.dependencyCollector.impl=bf 
java_command: c:\Users\Windows 11\.vscode\extensions\redhat.java-1.49.0-win32-x64\server\plugins\org.eclipse.equinox.launcher_1.7.100.v20251111-0406.jar -configuration c:\Users\Windows 11\AppData\Roaming\Code\User\globalStorage\redhat.java\1.49.0\config_win -data c:\Users\Windows 11\AppData\Roaming\Code\User\workspaceStorage\c73543d6d93c52d8039c0b5be2055d3d\redhat.java\jdt_ws --pipe=\\.\pipe\lsp-f1c09d1054967b06642c112022244e72-sock
java_class_path (initial): c:\Users\Windows 11\.vscode\extensions\redhat.java-1.49.0-win32-x64\server\plugins\org.eclipse.equinox.launcher_1.7.100.v20251111-0406.jar
Launcher Type: SUN_STANDARD

[Global flags]
    uintx AdaptiveSizePolicyWeight                 = 90                                        {product} {command line}
     intx CICompilerCount                          = 4                                         {product} {ergonomic}
    uintx GCTimeRatio                              = 4                                         {product} {command line}
     bool HeapDumpOnOutOfMemoryError               = true                                   {manageable} {command line}
    ccstr HeapDumpPath                             = c:\Users\Windows 11\AppData\Roaming\Code\User\workspaceStorage\c73543d6d93c52d8039c0b5be2055d3d\redhat.java         {manageable} {command line}
   size_t InitialHeapSize                          = 104857600                                 {product} {command line}
   size_t MaxHeapSize                              = 2147483648                                {product} {command line}
   size_t MaxNewSize                               = 715653120                                 {product} {ergonomic}
   size_t MinHeapDeltaBytes                        = 524288                                    {product} {ergonomic}
   size_t MinHeapSize                              = 104857600                                 {product} {command line}
   size_t NewSize                                  = 34603008                                  {product} {ergonomic}
    uintx NonNMethodCodeHeapSize                   = 5839372                                {pd product} {ergonomic}
    uintx NonProfiledCodeHeapSize                  = 122909434                              {pd product} {ergonomic}
   size_t OldSize                                  = 70254592                                  {product} {ergonomic}
    uintx ProfiledCodeHeapSize                     = 122909434                              {pd product} {ergonomic}
    uintx ReservedCodeCacheSize                    = 251658240                              {pd product} {ergonomic}
     bool SegmentedCodeCache                       = true                                      {product} {ergonomic}
   size_t SoftMaxHeapSize                          = 2147483648                             {manageable} {ergonomic}
     bool UseCompressedOops                        = true                           {product lp64_product} {ergonomic}
     bool UseLargePagesIndividualAllocation        = false                                  {pd product} {ergonomic}
     bool UseParallelGC                            = true                                      {product} {command line}

Logging:
Log output configuration:
 #0: stdout all=off uptime,level,tags foldmultilines=false
 #1: stderr all=off uptime,level,tags foldmultilines=false

Release file:
JAVA_VERSION="21.0.9" 
MODULES="java.base java.compiler java.datatransfer java.xml java.prefs java.desktop java.instrument java.logging java.management java.security.sasl java.naming java.rmi java.management.rmi java.net.http java.scripting java.security.jgss java.transaction.xa java.sql java.sql.rowset java.xml.crypto java.se java.smartcardio jdk.accessibility jdk.internal.jvmstat jdk.attach jdk.charsets jdk.internal.opt jdk.zipfs jdk.compiler jdk.crypto.ec jdk.crypto.cryptoki jdk.crypto.mscapi jdk.dynalink jdk.internal.ed jdk.editpad jdk.hotspot.agent jdk.httpserver jdk.internal.le jdk.internal.vm.ci jdk.internal.vm.compiler jdk.internal.vm.compiler.management jdk.jartool jdk.javadoc jdk.jcmd jdk.management jdk.management.agent jdk.jconsole jdk.jdeps jdk.jdwp.agent jdk.jdi jdk.jfr jdk.jshell jdk.jsobject jdk.jstatd jdk.localedata jdk.management.jfr jdk.naming.dns jdk.naming.rmi jdk.net jdk.nio.mapmode jdk.random jdk.sctp jdk.security.auth jdk.security.jgss jdk.unsupported jdk.unsupported.desktop jdk.xml.dom" 

Environment Variables:
PATH=C:\Program Files\Common Files\Oracle\Java\javapath;C:\Windows\system32;C:\Windows;C:\Windows\System32\Wbem;C:\Windows\System32\WindowsPowerShell\v1.0\;C:\Windows\System32\OpenSSH\;C:\Program Files\Intel\WiFi\bin\;C:\Program Files\Common Files\Intel\WirelessCommon\;C:\Users\Windows 11\AppData\Local\Programs\Python\Python312;C:\Users\Windows 11\AppData\Local\Programs\Python\Python312\Scripts;C:\Program Files\dotnet\;C:\msys64\ucrt64\bin\;D:\Nodejs\;D:\Git\cmd;D:\SEMESTER 3 TEKNIK INFORMATIKA\KOMPUTER GRAFIK\PRAKTEK\dotnet;D:\Downloads\php-8.4.12-Win32-vs17-x64;D:\SEMESTER 3 TEKNIK INFORMATIKA\PROYEK-3-PBO\ComposerSetup;C:\Program Files\Java\jdk-17\bin;D:\xampp\php;D:\cursor\resources\app\bin;D:\SEMESTER 3 TEKNIK INFORMATIKA\PEMROGRAMAN-BERORIENTASI-OBJECT\maven\maven-mvnd-1.0.3-windows-amd64\mvn\bin;D:\Downloads\flutter_windows_3.29.0-stable\flutter\bin;C:\Users\Windows 11\scoop\shims;C:\Users\Windows 11\AppData\Local\Programs\Python\Python313\Scripts\;C:\Users\Windows 11\AppData\Local\Programs\Python\Python313\;C:\Users\Windows 11\AppData\Local\Programs\Python\Launcher\;C:\Users\Windows 11\AppData\Local\Microsoft\WindowsApps;D:\Microsoft VS Code\bin;C:\Users\Windows 11\AppData\Local\Programs\Python\Python312;C:\Users\Windows 11\AppData\Local\Programs\Python\Python312\Scripts;C:\Users\Windows 11\scoop\apps\scoop\current\bin\;C:\Users\Windows 11\scoop\apps\make\4.4.1\bin;C:\msys64\ucrt64\bin\;D:\IntelliJ IDEA 2024.3.1.1\bin;;D:\Downloads\kotlin-compiler-2.1.10\kotlinc\bin;C:\Users\Windows 11\AppData\Local\GitHubDesktop\bin;D:\Downloads\kotlin-compiler-2.1.10\kotlinc\lib;C:\msys64\usr\bin;C:\Users\Windows 11\AppData\Roaming\npm;C:\Users\Windows 11\.dotnet\tools;C:\Users\Windows 11\AppData\Roaming\Composer\vendor\bin
USERNAME=Windows 11
OS=Windows_NT
PROCESSOR_IDENTIFIER=Intel64 Family 6 Model 142 Stepping 10, GenuineIntel
TMP=C:\Users\WINDOW~1\AppData\Local\Temp
TEMP=C:\Users\WINDOW~1\AppData\Local\Temp




Periodic native trim disabled

---------------  S Y S T E M  ---------------

OS:
 Windows 11 , 64 bit Build 22621 (10.0.22621.5415)
OS uptime: 0 days 21:48 hours
Hyper-V role detected

CPU: total 8 (initial active 8) (4 cores per cpu, 2 threads per core) family 6 model 142 stepping 10 microcode 0xf6, cx8, cmov, fxsr, ht, mmx, 3dnowpref, sse, sse2, sse3, ssse3, sse4.1, sse4.2, popcnt, lzcnt, tsc, tscinvbit, avx, avx2, aes, erms, clmul, bmi1, bmi2, rtm, adx, fma, vzeroupper, clflush, clflushopt, hv, rdtscp, f16c
Processor Information for processor 0
  Max Mhz: 1896, Current Mhz: 1696, Mhz Limit: 1687
Processor Information for processor 1
  Max Mhz: 1896, Current Mhz: 1696, Mhz Limit: 1687
Processor Information for processor 2
  Max Mhz: 1896, Current Mhz: 1496, Mhz Limit: 1687
Processor Information for processor 3
  Max Mhz: 1896, Current Mhz: 1696, Mhz Limit: 1687
Processor Information for processor 4
  Max Mhz: 1896, Current Mhz: 1696, Mhz Limit: 1687
Processor Information for processor 5
  Max Mhz: 1896, Current Mhz: 1696, Mhz Limit: 1687
Processor Information for processor 6
  Max Mhz: 1896, Current Mhz: 1696, Mhz Limit: 1687
Processor Information for processor 7
  Max Mhz: 1896, Current Mhz: 1696, Mhz Limit: 1687

Memory: 4k page, system-wide physical 8071M (465M free)
TotalPageFile size 11493M (AvailPageFile size 12M)
current process WorkingSet (physical memory assigned to process): 239M, peak: 243M
current process commit charge ("private bytes"): 343M, peak: 349M

vm_info: OpenJDK 64-Bit Server VM (21.0.9+10-LTS) for windows-amd64 JRE (21.0.9+10-LTS), built on 2025-10-21T00:00:00Z by "admin" with unknown MS VC++:1942

END.
