#
# There is insufficient memory for the Java Runtime Environment to continue.
# Native memory allocation (malloc) failed to allocate 1048576 bytes. Error detail: AllocateHeap
# Possible reasons:
#   The system is out of physical RAM or swap space
#   This process is running with CompressedOops enabled, and the Java Heap may be blocking the growth of the native heap
# Possible solutions:
#   Reduce memory load on the system
#   Increase physical memory or swap space
#   Check if swap backing store is full
#   Decrease Java heap size (-Xmx/-Xms)
#   Decrease number of Java threads
#   Decrease Java thread stack sizes (-Xss)
#   Set larger code cache with -XX:ReservedCodeCacheSize=
#   JVM is running with Unscaled Compressed Oops mode in which the Java heap is
#     placed in the first 4GB address space. The Java Heap base address is the
#     maximum limit for the native heap growth. Please use -XX:HeapBaseMinAddress
#     to set the Java Heap base and to place the Java Heap above 4GB virtual address.
# This output file may be truncated or incomplete.
#
#  Out of Memory Error (allocation.cpp:44), pid=8820, tid=13808
#
# JRE version: OpenJDK Runtime Environment Temurin-21.0.9+10 (21.0.9+10) (build 21.0.9+10-LTS)
# Java VM: OpenJDK 64-Bit Server VM Temurin-21.0.9+10 (21.0.9+10-LTS, mixed mode, sharing, tiered, compressed oops, compressed class ptrs, parallel gc, windows-amd64)
# No core dump will be written. Minidumps are not enabled by default on client versions of Windows
#

---------------  S U M M A R Y ------------

Command Line: --add-modules=ALL-SYSTEM --add-opens=java.base/java.util=ALL-UNNAMED --add-opens=java.base/java.lang=ALL-UNNAMED --add-opens=java.base/sun.nio.fs=ALL-UNNAMED -Declipse.application=org.eclipse.jdt.ls.core.id1 -Dosgi.bundles.defaultStartLevel=4 -Declipse.product=org.eclipse.jdt.ls.core.product -Djava.import.generatesMetadataFilesAtProjectRoot=false -DDetectVMInstallationsJob.disabled=true -Dfile.encoding=utf8 -XX:+UseParallelGC -XX:GCTimeRatio=4 -XX:AdaptiveSizePolicyWeight=90 -Dsun.zip.disableMemoryMapping=true -Xmx2G -Xms100m -Xlog:disable -javaagent:c:\Users\Windows 11\.vscode\extensions\redhat.java-1.50.0-win32-x64\lombok\lombok-1.18.39-4050.jar -XX:+HeapDumpOnOutOfMemoryError -XX:HeapDumpPath=c:\Users\Windows 11\AppData\Roaming\Code\User\workspaceStorage\c73543d6d93c52d8039c0b5be2055d3d\redhat.java -Daether.dependencyCollector.impl=bf c:\Users\Windows 11\.vscode\extensions\redhat.java-1.50.0-win32-x64\server\plugins\org.eclipse.equinox.launcher_1.7.100.v20251111-0406.jar -configuration c:\Users\Windows 11\AppData\Roaming\Code\User\globalStorage\redhat.java\1.50.0\config_win -data c:\Users\Windows 11\AppData\Roaming\Code\User\workspaceStorage\c73543d6d93c52d8039c0b5be2055d3d\redhat.java\jdt_ws --pipe=\\.\pipe\lsp-f044c1831db48e5795a74a8cedb79527-sock

Host: Intel(R) Core(TM) i5-8350U CPU @ 1.70GHz, 8 cores, 7G,  Windows 11 , 64 bit Build 22621 (10.0.22621.5415)
Time: Thu Nov 27 10:11:20 2025 SE Asia Standard Time elapsed time: 8781.958454 seconds (0d 2h 26m 21s)

---------------  T H R E A D  ---------------

Current thread (0x0000016cf05122d0):  JavaThread "Attach Listener" daemon [_thread_in_vm, id=13808, stack(0x00000016f6b00000,0x00000016f6c00000) (1024K)]

Stack: [0x00000016f6b00000,0x00000016f6c00000]
Native frames: (J=compiled Java code, j=interpreted, Vv=VM code, C=native code)
V  [jvm.dll+0x6d6e29]
V  [jvm.dll+0x8b4b76]
V  [jvm.dll+0x8b712e]
V  [jvm.dll+0x8b7813]
V  [jvm.dll+0x283d86]
V  [jvm.dll+0xc1277]
V  [jvm.dll+0x6d76d9]
V  [jvm.dll+0x133466]
V  [jvm.dll+0x3f7ea6]
V  [jvm.dll+0x85e9ad]
V  [jvm.dll+0x6d565d]
C  [ucrtbase.dll+0x29333]
C  [KERNEL32.DLL+0x1259d]
C  [ntdll.dll+0x5af78]


---------------  P R O C E S S  ---------------

Threads class SMR info:
_java_thread_list=0x0000016cf9010000, length=66, elements={
0x0000016cd7806700, 0x0000016cf050c830, 0x0000016cf050e3c0, 0x0000016cf05113c0,
0x0000016cf05122d0, 0x0000016cf05131e0, 0x0000016cf0516d50, 0x0000016cf0517b80,
0x0000016cf603a6e0, 0x0000016cf61c7c80, 0x0000016cf6262ad0, 0x0000016cf6508c80,
0x0000016cf6af1ed0, 0x0000016cf642c1c0, 0x0000016cf642d000, 0x0000016cf66dfa10,
0x0000016cf6e0e110, 0x0000016cf6386440, 0x0000016cf6aa9770, 0x0000016cf6ba3140,
0x0000016cf6ba44f0, 0x0000016cf6ba1d90, 0x0000016cf6ba2ab0, 0x0000016cfb0335b0,
0x0000016cfb02faa0, 0x0000016cfb033c40, 0x0000016cfb0314e0, 0x0000016cfb034ff0,
0x0000016cfb035680, 0x0000016cfb0342d0, 0x0000016cfb031b70, 0x0000016cfb032890,
0x0000016cfb0307c0, 0x0000016cfb035d10, 0x0000016cfb032200, 0x0000016cfb030e50,
0x0000016cfb030130, 0x0000016cfb02ed80, 0x0000016cfb032f20, 0x0000016cfb02f410,
0x0000016cfb0363a0, 0x0000016cf6ba1700, 0x0000016cf71eed60, 0x0000016cf71f2f00,
0x0000016cf71f0e30, 0x0000016cf71f42b0, 0x0000016cf71f1b50, 0x0000016cf71f4940,
0x0000016cf71f2870, 0x0000016cf71f14c0, 0x0000016cf71efa80, 0x0000016cf71f0110,
0x0000016cf71f3590, 0x0000016cf71ee040, 0x0000016cf71f3c20, 0x0000016cf71f07a0,
0x0000016cf71ee6d0, 0x0000016cfa3d9e80, 0x0000016cfa3daba0, 0x0000016cfa3db230,
0x0000016cfa3db8c0, 0x0000016cfa3d97f0, 0x0000016cfa3d8440, 0x0000016cfa3d8ad0,
0x0000016cf6ba37d0, 0x0000016cf6ba1070
}

Java Threads: ( => current thread )
  0x0000016cd7806700 JavaThread "main"                              [_thread_blocked, id=7320, stack(0x00000016f6400000,0x00000016f6500000) (1024K)]
  0x0000016cf050c830 JavaThread "Reference Handler"          daemon [_thread_blocked, id=15672, stack(0x00000016f6800000,0x00000016f6900000) (1024K)]
  0x0000016cf050e3c0 JavaThread "Finalizer"                  daemon [_thread_blocked, id=15632, stack(0x00000016f6900000,0x00000016f6a00000) (1024K)]
  0x0000016cf05113c0 JavaThread "Signal Dispatcher"          daemon [_thread_blocked, id=18948, stack(0x00000016f6a00000,0x00000016f6b00000) (1024K)]
=>0x0000016cf05122d0 JavaThread "Attach Listener"            daemon [_thread_in_vm, id=13808, stack(0x00000016f6b00000,0x00000016f6c00000) (1024K)]
  0x0000016cf05131e0 JavaThread "Service Thread"             daemon [_thread_blocked, id=20652, stack(0x00000016f6c00000,0x00000016f6d00000) (1024K)]
  0x0000016cf0516d50 JavaThread "Monitor Deflation Thread"   daemon [_thread_blocked, id=19852, stack(0x00000016f6d00000,0x00000016f6e00000) (1024K)]
  0x0000016cf0517b80 JavaThread "C2 CompilerThread0"         daemon [_thread_blocked, id=16280, stack(0x00000016f6e00000,0x00000016f6f00000) (1024K)]
  0x0000016cf603a6e0 JavaThread "C1 CompilerThread0"         daemon [_thread_blocked, id=11020, stack(0x00000016f6f00000,0x00000016f7000000) (1024K)]
  0x0000016cf61c7c80 JavaThread "Common-Cleaner"             daemon [_thread_blocked, id=14412, stack(0x00000016f7000000,0x00000016f7100000) (1024K)]
  0x0000016cf6262ad0 JavaThread "Notification Thread"        daemon [_thread_blocked, id=17592, stack(0x00000016f7100000,0x00000016f7200000) (1024K)]
  0x0000016cf6508c80 JavaThread "Active Thread: Equinox Container: e65dd8c7-d39c-4dea-889b-05ce62be9634"        [_thread_blocked, id=1408, stack(0x00000016f7900000,0x00000016f7a00000) (1024K)]
  0x0000016cf6af1ed0 JavaThread "Refresh Thread: Equinox Container: e65dd8c7-d39c-4dea-889b-05ce62be9634" daemon [_thread_blocked, id=15456, stack(0x00000016f7200000,0x00000016f7300000) (1024K)]
  0x0000016cf642c1c0 JavaThread "Framework Event Dispatcher: Equinox Container: e65dd8c7-d39c-4dea-889b-05ce62be9634" daemon [_thread_blocked, id=12272, stack(0x00000016f7b00000,0x00000016f7c00000) (1024K)]
  0x0000016cf642d000 JavaThread "Start Level: Equinox Container: e65dd8c7-d39c-4dea-889b-05ce62be9634" daemon [_thread_blocked, id=8576, stack(0x00000016f7c00000,0x00000016f7d00000) (1024K)]
  0x0000016cf66dfa10 JavaThread "Bundle File Closer"         daemon [_thread_blocked, id=20424, stack(0x00000016f7e00000,0x00000016f7f00000) (1024K)]
  0x0000016cf6e0e110 JavaThread "SCR Component Actor"        daemon [_thread_blocked, id=13316, stack(0x00000016f7d00000,0x00000016f7e00000) (1024K)]
  0x0000016cf6386440 JavaThread "Worker-JM"                         [_thread_blocked, id=11620, stack(0x00000016f8100000,0x00000016f8200000) (1024K)]
  0x0000016cf6aa9770 JavaThread "JNA Cleaner"                daemon [_thread_blocked, id=20320, stack(0x00000016f7f00000,0x00000016f8000000) (1024K)]
  0x0000016cf6ba3140 JavaThread "Java indexing"              daemon [_thread_blocked, id=9208, stack(0x00000016f8500000,0x00000016f8600000) (1024K)]
  0x0000016cf6ba44f0 JavaThread "Thread-1"                   daemon [_thread_in_native, id=1504, stack(0x00000016f8b00000,0x00000016f8c00000) (1024K)]
  0x0000016cf6ba1d90 JavaThread "Thread-2"                   daemon [_thread_in_native, id=5240, stack(0x00000016f8c00000,0x00000016f8d00000) (1024K)]
  0x0000016cf6ba2ab0 JavaThread "Thread-3"                   daemon [_thread_in_native, id=2656, stack(0x00000016f8d00000,0x00000016f8e00000) (1024K)]
  0x0000016cfb0335b0 JavaThread "Thread-4"                   daemon [_thread_in_native, id=8636, stack(0x00000016f8e00000,0x00000016f8f00000) (1024K)]
  0x0000016cfb02faa0 JavaThread "Thread-5"                   daemon [_thread_in_native, id=17320, stack(0x00000016f8f00000,0x00000016f9000000) (1024K)]
  0x0000016cfb033c40 JavaThread "Thread-6"                   daemon [_thread_in_native, id=8708, stack(0x00000016f9000000,0x00000016f9100000) (1024K)]
  0x0000016cfb0314e0 JavaThread "Thread-7"                   daemon [_thread_in_native, id=14420, stack(0x00000016f9100000,0x00000016f9200000) (1024K)]
  0x0000016cfb034ff0 JavaThread "Thread-8"                   daemon [_thread_in_native, id=7044, stack(0x00000016f9200000,0x00000016f9300000) (1024K)]
  0x0000016cfb035680 JavaThread "Thread-9"                   daemon [_thread_in_native, id=1636, stack(0x00000016f9300000,0x00000016f9400000) (1024K)]
  0x0000016cfb0342d0 JavaThread "pool-2-thread-1"                   [_thread_blocked, id=19296, stack(0x00000016f9400000,0x00000016f9500000) (1024K)]
  0x0000016cfb031b70 JavaThread "WorkspaceEventsHandler"            [_thread_blocked, id=9496, stack(0x00000016f9800000,0x00000016f9900000) (1024K)]
  0x0000016cfb032890 JavaThread "pool-1-thread-1"                   [_thread_blocked, id=14744, stack(0x00000016f9900000,0x00000016f9a00000) (1024K)]
  0x0000016cfb0307c0 JavaThread "Cleaner-0"                  daemon [_thread_blocked, id=9596, stack(0x00000016f9e00000,0x00000016f9f00000) (1024K)]
  0x0000016cfb035d10 JavaThread "ForkJoinPool.commonPool-worker-8" daemon [_thread_blocked, id=3952, stack(0x00000016f6200000,0x00000016f6300000) (1024K)]
  0x0000016cfb032200 JavaThread "ForkJoinPool.commonPool-worker-9" daemon [_thread_blocked, id=11080, stack(0x00000016f6300000,0x00000016f6400000) (1024K)]
  0x0000016cfb030e50 JavaThread "ForkJoinPool.commonPool-worker-10" daemon [_thread_blocked, id=1196, stack(0x00000016f8200000,0x00000016f8300000) (1024K)]
  0x0000016cfb030130 JavaThread "ForkJoinPool.commonPool-worker-11" daemon [_thread_blocked, id=12364, stack(0x00000016f8300000,0x00000016f8400000) (1024K)]
  0x0000016cfb02ed80 JavaThread "ForkJoinPool.commonPool-worker-12" daemon [_thread_blocked, id=4376, stack(0x00000016f8600000,0x00000016f8700000) (1024K)]
  0x0000016cfb032f20 JavaThread "ForkJoinPool.commonPool-worker-13" daemon [_thread_blocked, id=12976, stack(0x00000016f8700000,0x00000016f8800000) (1024K)]
  0x0000016cfb02f410 JavaThread "Worker-5"                          [_thread_blocked, id=12860, stack(0x00000016f8900000,0x00000016f8a00000) (1024K)]
  0x0000016cfb0363a0 JavaThread "Worker-6"                          [_thread_blocked, id=17372, stack(0x00000016f8400000,0x00000016f8500000) (1024K)]
  0x0000016cf6ba1700 JavaThread "Compiler Source File Reader" daemon [_thread_blocked, id=19028, stack(0x00000016f9600000,0x00000016f9700000) (1024K)]
  0x0000016cf71eed60 JavaThread "Compiler Source File Reader" daemon [_thread_blocked, id=14980, stack(0x00000016f8800000,0x00000016f8900000) (1024K)]
  0x0000016cf71f2f00 JavaThread "LocalFile Deleter"          daemon [_thread_blocked, id=18632, stack(0x00000016f9b00000,0x00000016f9c00000) (1024K)]
  0x0000016cf71f0e30 JavaThread "LocalFile Deleter"          daemon [_thread_blocked, id=19896, stack(0x00000016f9c00000,0x00000016f9d00000) (1024K)]
  0x0000016cf71f42b0 JavaThread "LocalFile Deleter"          daemon [_thread_blocked, id=6672, stack(0x00000016f9d00000,0x00000016f9e00000) (1024K)]
  0x0000016cf71f1b50 JavaThread "LocalFile Deleter"          daemon [_thread_blocked, id=2112, stack(0x00000016f9f00000,0x00000016fa000000) (1024K)]
  0x0000016cf71f4940 JavaThread "LocalFile Deleter"          daemon [_thread_blocked, id=6088, stack(0x00000016fa000000,0x00000016fa100000) (1024K)]
  0x0000016cf71f2870 JavaThread "LocalFile Deleter"          daemon [_thread_blocked, id=5036, stack(0x00000016fa100000,0x00000016fa200000) (1024K)]
  0x0000016cf71f14c0 JavaThread "ForkJoinPool.commonPool-worker-14" daemon [_thread_blocked, id=2640, stack(0x00000016fa300000,0x00000016fa400000) (1024K)]
  0x0000016cf71efa80 JavaThread "Compiler Source File Reader" daemon [_thread_blocked, id=14784, stack(0x00000016fa400000,0x00000016fa500000) (1024K)]
  0x0000016cf71f0110 JavaThread "Compiler Source File Reader" daemon [_thread_blocked, id=19492, stack(0x00000016fa500000,0x00000016fa600000) (1024K)]
  0x0000016cf71f3590 JavaThread "Compiler Source File Reader" daemon [_thread_blocked, id=9264, stack(0x00000016fa600000,0x00000016fa700000) (1024K)]
  0x0000016cf71ee040 JavaThread "Compiler Source File Reader" daemon [_thread_blocked, id=15896, stack(0x00000016fa700000,0x00000016fa800000) (1024K)]
  0x0000016cf71f3c20 JavaThread "Compiler Class File Writer" daemon [_thread_blocked, id=16604, stack(0x00000016fa900000,0x00000016faa00000) (1024K)]
  0x0000016cf71f07a0 JavaThread "Compiler Class File Writer" daemon [_thread_blocked, id=12948, stack(0x00000016faa00000,0x00000016fab00000) (1024K)]
  0x0000016cf71ee6d0 JavaThread "Compiler Class File Writer" daemon [_thread_blocked, id=3632, stack(0x00000016fab00000,0x00000016fac00000) (1024K)]
  0x0000016cfa3d9e80 JavaThread "Compiler Class File Writer" daemon [_thread_blocked, id=9776, stack(0x00000016fac00000,0x00000016fad00000) (1024K)]
  0x0000016cfa3daba0 JavaThread "Compiler Class File Writer" daemon [_thread_blocked, id=16596, stack(0x00000016fad00000,0x00000016fae00000) (1024K)]
  0x0000016cfa3db230 JavaThread "Compiler Class File Writer" daemon [_thread_blocked, id=6264, stack(0x00000016fae00000,0x00000016faf00000) (1024K)]
  0x0000016cfa3db8c0 JavaThread "Compiler Processing Task"   daemon [_thread_blocked, id=4464, stack(0x00000016f9500000,0x00000016f9600000) (1024K)]
  0x0000016cfa3d97f0 JavaThread "Worker-8"                          [_thread_blocked, id=2480, stack(0x00000016f8000000,0x00000016f8100000) (1024K)]
  0x0000016cfa3d8440 JavaThread "Worker-9"                          [_thread_blocked, id=5620, stack(0x00000016f8a00000,0x00000016f8b00000) (1024K)]
  0x0000016cfa3d8ad0 JavaThread "Worker-10"                         [_thread_blocked, id=20452, stack(0x00000016f9700000,0x00000016f9800000) (1024K)]
  0x0000016cf6ba37d0 JavaThread "LocalFile Deleter"          daemon [_thread_blocked, id=12276, stack(0x00000016fa200000,0x00000016fa300000) (1024K)]
  0x0000016cf6ba1070 JavaThread "LocalFile Deleter"          daemon [_thread_blocked, id=2356, stack(0x00000016fa800000,0x00000016fa900000) (1024K)]
Total: 66

Other Threads:
  0x0000016cf04f2650 VMThread "VM Thread"                           [id=16908, stack(0x00000016f6700000,0x00000016f6800000) (1024K)]
  0x0000016cd9b08750 WatcherThread "VM Periodic Task Thread"        [id=21452, stack(0x00000016f6600000,0x00000016f6700000) (1024K)]
  0x0000016cd9abc3c0 WorkerThread "GC Thread#0"                     [id=18052, stack(0x00000016f6500000,0x00000016f6600000) (1024K)]
  0x0000016cf6362a80 WorkerThread "GC Thread#1"                     [id=11356, stack(0x00000016f7300000,0x00000016f7400000) (1024K)]
  0x0000016cf6c00670 WorkerThread "GC Thread#2"                     [id=1224, stack(0x00000016f7400000,0x00000016f7500000) (1024K)]
  0x0000016cf6c00a10 WorkerThread "GC Thread#3"                     [id=19924, stack(0x00000016f7500000,0x00000016f7600000) (1024K)]
  0x0000016cf632de60 WorkerThread "GC Thread#4"                     [id=2488, stack(0x00000016f7600000,0x00000016f7700000) (1024K)]
  0x0000016cf632e200 WorkerThread "GC Thread#5"                     [id=6224, stack(0x00000016f7700000,0x00000016f7800000) (1024K)]
  0x0000016cf632e5a0 WorkerThread "GC Thread#6"                     [id=19144, stack(0x00000016f7800000,0x00000016f7900000) (1024K)]
  0x0000016cf60a9650 WorkerThread "GC Thread#7"                     [id=5796, stack(0x00000016f7a00000,0x00000016f7b00000) (1024K)]
Total: 10

Threads with active compile tasks:
Total: 0

VM state: not at safepoint (normal execution)

VM Mutex/Monitor currently owned by a thread: None

Heap address: 0x0000000080000000, size: 2048 MB, Compressed Oops mode: 32-bit

CDS archive(s) mapped at: [0x0000016c80000000-0x0000016c80ba0000-0x0000016c80ba0000), size 12189696, SharedBaseAddress: 0x0000016c80000000, ArchiveRelocationMode: 1.
Compressed class space mapped at: 0x0000016c81000000-0x0000016cc1000000, reserved size: 1073741824
Narrow klass base: 0x0000016c80000000, Narrow klass shift: 0, Narrow klass range: 0x100000000

GC Precious Log:
 CardTable entry size: 512
 CPUs: 8 total, 8 available
 Memory: 8071M
 Large Page Support: Disabled
 NUMA Support: Disabled
 Compressed Oops: Enabled (32-bit)
 Alignments: Space 512K, Generation 512K, Heap 2M
 Heap Min Capacity: 100M
 Heap Initial Capacity: 100M
 Heap Max Capacity: 2G
 Pre-touch: Disabled
 Parallel Workers: 8

Heap:
 PSYoungGen      total 3584K, used 377K [0x00000000d5580000, 0x00000000d5b00000, 0x0000000100000000)
  eden space 3072K, 7% used [0x00000000d5580000,0x00000000d55b6548,0x00000000d5880000)
  from space 512K, 31% used [0x00000000d5a80000,0x00000000d5aa8000,0x00000000d5b00000)
  to   space 1024K, 0% used [0x00000000d5900000,0x00000000d5900000,0x00000000d5a00000)
 ParOldGen       total 202240K, used 201844K [0x0000000080000000, 0x000000008c580000, 0x00000000d5580000)
  object space 202240K, 99% used [0x0000000080000000,0x000000008c51d090,0x000000008c580000)
 Metaspace       used 79411K, committed 80832K, reserved 1179648K
  class space    used 8103K, committed 8704K, reserved 1048576K

Card table byte_map: [0x0000016cd9470000,0x0000016cd9880000] _byte_map_base: 0x0000016cd9070000

Marking Bits: (ParMarkBitMap*) 0x00007fff7bae2460
 Begin Bits: [0x0000016cebf50000, 0x0000016cedf50000)
 End Bits:   [0x0000016cedf50000, 0x0000016ceff50000)

Polling page: 0x0000016cd9260000

Metaspace:

Usage:
  Non-class:     69.64 MB used.
      Class:      7.91 MB used.
       Both:     77.55 MB used.

Virtual space:
  Non-class space:      128.00 MB reserved,      70.44 MB ( 55%) committed,  2 nodes.
      Class space:        1.00 GB reserved,       8.50 MB ( <1%) committed,  1 nodes.
             Both:        1.12 GB reserved,      78.94 MB (  7%) committed. 

Chunk freelists:
   Non-Class:  8.73 MB
       Class:  7.51 MB
        Both:  16.25 MB

MaxMetaspaceSize: unlimited
CompressedClassSpaceSize: 1.00 GB
Initial GC threshold: 21.00 MB
Current GC threshold: 124.19 MB
CDS: on
 - commit_granule_bytes: 65536.
 - commit_granule_words: 8192.
 - virtual_space_node_default_size: 8388608.
 - enlarge_chunks_in_place: 1.
 - use_allocation_guard: 0.


Internal statistics:

num_allocs_failed_limit: 9.
num_arena_births: 1622.
num_arena_deaths: 378.
num_vsnodes_births: 3.
num_vsnodes_deaths: 0.
num_space_committed: 1263.
num_space_uncommitted: 0.
num_chunks_returned_to_freelist: 452.
num_chunks_taken_from_freelist: 5828.
num_chunk_merges: 137.
num_chunk_splits: 3346.
num_chunks_enlarged: 1789.
num_inconsistent_stats: 0.

CodeHeap 'non-profiled nmethods': size=120000Kb used=17770Kb max_used=17770Kb free=102229Kb
 bounds [0x0000016ce4770000, 0x0000016ce58d0000, 0x0000016cebca0000]
CodeHeap 'profiled nmethods': size=120000Kb used=42768Kb max_used=42768Kb free=77231Kb
 bounds [0x0000016cdcca0000, 0x0000016cdf670000, 0x0000016ce41d0000]
CodeHeap 'non-nmethods': size=5760Kb used=1487Kb max_used=1615Kb free=4272Kb
 bounds [0x0000016ce41d0000, 0x0000016ce4440000, 0x0000016ce4770000]
CodeCache: size=245760Kb, used=62025Kb, max_used=62153Kb, free=183732Kb
 total_blobs=17663, nmethods=16859, adapters=704, full_count=0
Compilation: enabled, stopped_count=0, restarted_count=0

Compilation events (20 events):
Event: 8757.411 Thread 0x0000016cf603a6e0 18319       1       java.lang.Thread::getName (5 bytes)
Event: 8757.411 Thread 0x0000016cf603a6e0 nmethod 18319 0x0000016ce58c0b10 code [0x0000016ce58c0ca0, 0x0000016ce58c0d68]
Event: 8757.417 Thread 0x0000016cf603a6e0 18320       3       sun.nio.cs.UTF_8$Encoder::encodeLoop (28 bytes)
Event: 8757.418 Thread 0x0000016cf603a6e0 nmethod 18320 0x0000016cdf660b10 code [0x0000016cdf660d00, 0x0000016cdf6610d0]
Event: 8757.418 Thread 0x0000016cf603a6e0 18321       3       sun.nio.cs.UTF_8$Encoder::encodeArrayLoop (137 bytes)
Event: 8757.420 Thread 0x0000016cf603a6e0 nmethod 18321 0x0000016cdf661210 code [0x0000016cdf6615a0, 0x0000016cdf662a60]
Event: 8757.420 Thread 0x0000016cf603a6e0 18322       3       java.text.SimpleDateFormat::useDateFormatSymbols (20 bytes)
Event: 8757.420 Thread 0x0000016cf603a6e0 nmethod 18322 0x0000016cdf663290 code [0x0000016cdf663440, 0x0000016cdf6635d8]
Event: 8757.487 Thread 0x0000016cfb7730a0 nmethod 18318 0x0000016ce58c0e10 code [0x0000016ce58c1120, 0x0000016ce58c29b8]
Event: 8757.487 Thread 0x0000016cfb7730a0 18317       4       org.eclipse.jdt.internal.compiler.classfmt.ClassFileReader::isAnonymous (30 bytes)
Event: 8757.490 Thread 0x0000016cfb7730a0 nmethod 18317 0x0000016ce58c4010 code [0x0000016ce58c41a0, 0x0000016ce58c4290]
Event: 8757.519 Thread 0x0000016cf0517b80 nmethod 18307 0x0000016ce58c4390 code [0x0000016ce58c4800, 0x0000016ce58c71e8]
Event: 8758.583 Thread 0x0000016cfb7730a0 18323       4       java.lang.invoke.LambdaForm$MH/0x0000016c8121e400::invoke (37 bytes)
Event: 8758.586 Thread 0x0000016cfb7730a0 nmethod 18323 0x0000016ce58c9210 code [0x0000016ce58c93a0, 0x0000016ce58c9540]
Event: 8758.590 Thread 0x0000016cf603a6e0 18324       3       org.eclipse.jdt.internal.core.JavaElement::getOpenable (5 bytes)
Event: 8758.591 Thread 0x0000016cf603a6e0 nmethod 18324 0x0000016cdf663690 code [0x0000016cdf663840, 0x0000016cdf663a08]
Event: 8758.591 Thread 0x0000016cf603a6e0 18325       3       org.eclipse.jdt.internal.core.SourceMethod::getParameterNames (18 bytes)
Event: 8758.591 Thread 0x0000016cf603a6e0 nmethod 18325 0x0000016cdf663a90 code [0x0000016cdf663c80, 0x0000016cdf6641a8]
Event: 8762.446 Thread 0x0000016cfb7730a0 18326       4       org.eclipse.core.runtime.Path::<init> (77 bytes)
Event: 8762.467 Thread 0x0000016cfb7730a0 nmethod 18326 0x0000016ce58c9710 code [0x0000016ce58c9940, 0x0000016ce58ca208]

GC Heap History (20 events):
Event: 8755.809 GC heap before
{Heap before GC invocations=361 (full 4):
 PSYoungGen      total 3584K, used 3328K [0x00000000d5580000, 0x00000000d5b80000, 0x0000000100000000)
  eden space 3072K, 100% used [0x00000000d5580000,0x00000000d5880000,0x00000000d5880000)
  from space 512K, 50% used [0x00000000d5b00000,0x00000000d5b40000,0x00000000d5b80000)
  to   space 512K, 0% used [0x00000000d5a80000,0x00000000d5a80000,0x00000000d5b00000)
 ParOldGen       total 199168K, used 199151K [0x0000000080000000, 0x000000008c280000, 0x00000000d5580000)
  object space 199168K, 99% used [0x0000000080000000,0x000000008c27bfe0,0x000000008c280000)
 Metaspace       used 79385K, committed 80832K, reserved 1179648K
  class space    used 8103K, committed 8704K, reserved 1048576K
}
Event: 8755.811 GC heap after
{Heap after GC invocations=361 (full 4):
 PSYoungGen      total 3584K, used 224K [0x00000000d5580000, 0x00000000d5b80000, 0x0000000100000000)
  eden space 3072K, 0% used [0x00000000d5580000,0x00000000d5580000,0x00000000d5880000)
  from space 512K, 43% used [0x00000000d5a80000,0x00000000d5ab8000,0x00000000d5b00000)
  to   space 512K, 0% used [0x00000000d5b00000,0x00000000d5b00000,0x00000000d5b80000)
 ParOldGen       total 199680K, used 199215K [0x0000000080000000, 0x000000008c300000, 0x00000000d5580000)
  object space 199680K, 99% used [0x0000000080000000,0x000000008c28bfe0,0x000000008c300000)
 Metaspace       used 79385K, committed 80832K, reserved 1179648K
  class space    used 8103K, committed 8704K, reserved 1048576K
}
Event: 8755.851 GC heap before
{Heap before GC invocations=362 (full 4):
 PSYoungGen      total 3584K, used 3296K [0x00000000d5580000, 0x00000000d5b80000, 0x0000000100000000)
  eden space 3072K, 100% used [0x00000000d5580000,0x00000000d5880000,0x00000000d5880000)
  from space 512K, 43% used [0x00000000d5a80000,0x00000000d5ab8000,0x00000000d5b00000)
  to   space 512K, 0% used [0x00000000d5b00000,0x00000000d5b00000,0x00000000d5b80000)
 ParOldGen       total 199680K, used 199215K [0x0000000080000000, 0x000000008c300000, 0x00000000d5580000)
  object space 199680K, 99% used [0x0000000080000000,0x000000008c28bfe0,0x000000008c300000)
 Metaspace       used 79385K, committed 80832K, reserved 1179648K
  class space    used 8103K, committed 8704K, reserved 1048576K
}
Event: 8755.853 GC heap after
{Heap after GC invocations=362 (full 4):
 PSYoungGen      total 3584K, used 192K [0x00000000d5580000, 0x00000000d5b80000, 0x0000000100000000)
  eden space 3072K, 0% used [0x00000000d5580000,0x00000000d5580000,0x00000000d5880000)
  from space 512K, 37% used [0x00000000d5b00000,0x00000000d5b30000,0x00000000d5b80000)
  to   space 512K, 0% used [0x00000000d5a80000,0x00000000d5a80000,0x00000000d5b00000)
 ParOldGen       total 199680K, used 199223K [0x0000000080000000, 0x000000008c300000, 0x00000000d5580000)
  object space 199680K, 99% used [0x0000000080000000,0x000000008c28dfe0,0x000000008c300000)
 Metaspace       used 79385K, committed 80832K, reserved 1179648K
  class space    used 8103K, committed 8704K, reserved 1048576K
}
Event: 8755.994 GC heap before
{Heap before GC invocations=363 (full 4):
 PSYoungGen      total 3584K, used 3264K [0x00000000d5580000, 0x00000000d5b80000, 0x0000000100000000)
  eden space 3072K, 100% used [0x00000000d5580000,0x00000000d5880000,0x00000000d5880000)
  from space 512K, 37% used [0x00000000d5b00000,0x00000000d5b30000,0x00000000d5b80000)
  to   space 512K, 0% used [0x00000000d5a80000,0x00000000d5a80000,0x00000000d5b00000)
 ParOldGen       total 199680K, used 199223K [0x0000000080000000, 0x000000008c300000, 0x00000000d5580000)
  object space 199680K, 99% used [0x0000000080000000,0x000000008c28dfe0,0x000000008c300000)
 Metaspace       used 79387K, committed 80832K, reserved 1179648K
  class space    used 8103K, committed 8704K, reserved 1048576K
}
Event: 8755.996 GC heap after
{Heap after GC invocations=363 (full 4):
 PSYoungGen      total 3584K, used 160K [0x00000000d5580000, 0x00000000d5b80000, 0x0000000100000000)
  eden space 3072K, 0% used [0x00000000d5580000,0x00000000d5580000,0x00000000d5880000)
  from space 512K, 31% used [0x00000000d5a80000,0x00000000d5aa8000,0x00000000d5b00000)
  to   space 512K, 0% used [0x00000000d5b00000,0x00000000d5b00000,0x00000000d5b80000)
 ParOldGen       total 199680K, used 199342K [0x0000000080000000, 0x000000008c300000, 0x00000000d5580000)
  object space 199680K, 99% used [0x0000000080000000,0x000000008c2abbb0,0x000000008c300000)
 Metaspace       used 79387K, committed 80832K, reserved 1179648K
  class space    used 8103K, committed 8704K, reserved 1048576K
}
Event: 8756.202 GC heap before
{Heap before GC invocations=364 (full 4):
 PSYoungGen      total 3584K, used 3232K [0x00000000d5580000, 0x00000000d5b80000, 0x0000000100000000)
  eden space 3072K, 100% used [0x00000000d5580000,0x00000000d5880000,0x00000000d5880000)
  from space 512K, 31% used [0x00000000d5a80000,0x00000000d5aa8000,0x00000000d5b00000)
  to   space 512K, 0% used [0x00000000d5b00000,0x00000000d5b00000,0x00000000d5b80000)
 ParOldGen       total 199680K, used 199342K [0x0000000080000000, 0x000000008c300000, 0x00000000d5580000)
  object space 199680K, 99% used [0x0000000080000000,0x000000008c2abbb0,0x000000008c300000)
 Metaspace       used 79396K, committed 80832K, reserved 1179648K
  class space    used 8103K, committed 8704K, reserved 1048576K
}
Event: 8756.204 GC heap after
{Heap after GC invocations=364 (full 4):
 PSYoungGen      total 3584K, used 320K [0x00000000d5580000, 0x00000000d5b80000, 0x0000000100000000)
  eden space 3072K, 0% used [0x00000000d5580000,0x00000000d5580000,0x00000000d5880000)
  from space 512K, 62% used [0x00000000d5b00000,0x00000000d5b50000,0x00000000d5b80000)
  to   space 512K, 0% used [0x00000000d5a80000,0x00000000d5a80000,0x00000000d5b00000)
 ParOldGen       total 199680K, used 199374K [0x0000000080000000, 0x000000008c300000, 0x00000000d5580000)
  object space 199680K, 99% used [0x0000000080000000,0x000000008c2b3bb0,0x000000008c300000)
 Metaspace       used 79396K, committed 80832K, reserved 1179648K
  class space    used 8103K, committed 8704K, reserved 1048576K
}
Event: 8756.219 GC heap before
{Heap before GC invocations=365 (full 4):
 PSYoungGen      total 3584K, used 3392K [0x00000000d5580000, 0x00000000d5b80000, 0x0000000100000000)
  eden space 3072K, 100% used [0x00000000d5580000,0x00000000d5880000,0x00000000d5880000)
  from space 512K, 62% used [0x00000000d5b00000,0x00000000d5b50000,0x00000000d5b80000)
  to   space 512K, 0% used [0x00000000d5a80000,0x00000000d5a80000,0x00000000d5b00000)
 ParOldGen       total 199680K, used 199374K [0x0000000080000000, 0x000000008c300000, 0x00000000d5580000)
  object space 199680K, 99% used [0x0000000080000000,0x000000008c2b3bb0,0x000000008c300000)
 Metaspace       used 79398K, committed 80832K, reserved 1179648K
  class space    used 8103K, committed 8704K, reserved 1048576K
}
Event: 8756.221 GC heap after
{Heap after GC invocations=365 (full 4):
 PSYoungGen      total 3584K, used 496K [0x00000000d5580000, 0x00000000d5b80000, 0x0000000100000000)
  eden space 3072K, 0% used [0x00000000d5580000,0x00000000d5580000,0x00000000d5880000)
  from space 512K, 96% used [0x00000000d5a80000,0x00000000d5afc030,0x00000000d5b00000)
  to   space 512K, 0% used [0x00000000d5b00000,0x00000000d5b00000,0x00000000d5b80000)
 ParOldGen       total 200192K, used 199861K [0x0000000080000000, 0x000000008c380000, 0x00000000d5580000)
  object space 200192K, 99% used [0x0000000080000000,0x000000008c32d5d0,0x000000008c380000)
 Metaspace       used 79398K, committed 80832K, reserved 1179648K
  class space    used 8103K, committed 8704K, reserved 1048576K
}
Event: 8757.149 GC heap before
{Heap before GC invocations=366 (full 4):
 PSYoungGen      total 3584K, used 3568K [0x00000000d5580000, 0x00000000d5b80000, 0x0000000100000000)
  eden space 3072K, 100% used [0x00000000d5580000,0x00000000d5880000,0x00000000d5880000)
  from space 512K, 96% used [0x00000000d5a80000,0x00000000d5afc030,0x00000000d5b00000)
  to   space 512K, 0% used [0x00000000d5b00000,0x00000000d5b00000,0x00000000d5b80000)
 ParOldGen       total 200192K, used 199861K [0x0000000080000000, 0x000000008c380000, 0x00000000d5580000)
  object space 200192K, 99% used [0x0000000080000000,0x000000008c32d5d0,0x000000008c380000)
 Metaspace       used 79401K, committed 80832K, reserved 1179648K
  class space    used 8103K, committed 8704K, reserved 1048576K
}
Event: 8757.153 GC heap after
{Heap after GC invocations=366 (full 4):
 PSYoungGen      total 3584K, used 432K [0x00000000d5580000, 0x00000000d5b80000, 0x0000000100000000)
  eden space 3072K, 0% used [0x00000000d5580000,0x00000000d5580000,0x00000000d5880000)
  from space 512K, 84% used [0x00000000d5b00000,0x00000000d5b6c010,0x00000000d5b80000)
  to   space 1024K, 0% used [0x00000000d5980000,0x00000000d5980000,0x00000000d5a80000)
 ParOldGen       total 200704K, used 200381K [0x0000000080000000, 0x000000008c400000, 0x00000000d5580000)
  object space 200704K, 99% used [0x0000000080000000,0x000000008c3af600,0x000000008c400000)
 Metaspace       used 79401K, committed 80832K, reserved 1179648K
  class space    used 8103K, committed 8704K, reserved 1048576K
}
Event: 8757.193 GC heap before
{Heap before GC invocations=367 (full 4):
 PSYoungGen      total 3584K, used 3504K [0x00000000d5580000, 0x00000000d5b80000, 0x0000000100000000)
  eden space 3072K, 100% used [0x00000000d5580000,0x00000000d5880000,0x00000000d5880000)
  from space 512K, 84% used [0x00000000d5b00000,0x00000000d5b6c010,0x00000000d5b80000)
  to   space 1024K, 0% used [0x00000000d5980000,0x00000000d5980000,0x00000000d5a80000)
 ParOldGen       total 200704K, used 200381K [0x0000000080000000, 0x000000008c400000, 0x00000000d5580000)
  object space 200704K, 99% used [0x0000000080000000,0x000000008c3af600,0x000000008c400000)
 Metaspace       used 79403K, committed 80832K, reserved 1179648K
  class space    used 8103K, committed 8704K, reserved 1048576K
}
Event: 8757.204 GC heap after
{Heap after GC invocations=367 (full 4):
 PSYoungGen      total 4096K, used 432K [0x00000000d5580000, 0x00000000d5b80000, 0x0000000100000000)
  eden space 3072K, 0% used [0x00000000d5580000,0x00000000d5580000,0x00000000d5880000)
  from space 1024K, 42% used [0x00000000d5980000,0x00000000d59ec010,0x00000000d5a80000)
  to   space 512K, 0% used [0x00000000d5b00000,0x00000000d5b00000,0x00000000d5b80000)
 ParOldGen       total 200704K, used 200586K [0x0000000080000000, 0x000000008c400000, 0x00000000d5580000)
  object space 200704K, 99% used [0x0000000080000000,0x000000008c3e2890,0x000000008c400000)
 Metaspace       used 79403K, committed 80832K, reserved 1179648K
  class space    used 8103K, committed 8704K, reserved 1048576K
}
Event: 8757.294 GC heap before
{Heap before GC invocations=368 (full 4):
 PSYoungGen      total 4096K, used 3504K [0x00000000d5580000, 0x00000000d5b80000, 0x0000000100000000)
  eden space 3072K, 100% used [0x00000000d5580000,0x00000000d5880000,0x00000000d5880000)
  from space 1024K, 42% used [0x00000000d5980000,0x00000000d59ec010,0x00000000d5a80000)
  to   space 512K, 0% used [0x00000000d5b00000,0x00000000d5b00000,0x00000000d5b80000)
 ParOldGen       total 200704K, used 200586K [0x0000000080000000, 0x000000008c400000, 0x00000000d5580000)
  object space 200704K, 99% used [0x0000000080000000,0x000000008c3e2890,0x000000008c400000)
 Metaspace       used 79404K, committed 80832K, reserved 1179648K
  class space    used 8103K, committed 8704K, reserved 1048576K
}
Event: 8757.329 GC heap after
{Heap after GC invocations=368 (full 4):
 PSYoungGen      total 3584K, used 512K [0x00000000d5580000, 0x00000000d5b80000, 0x0000000100000000)
  eden space 3072K, 0% used [0x00000000d5580000,0x00000000d5580000,0x00000000d5880000)
  from space 512K, 100% used [0x00000000d5b00000,0x00000000d5b80000,0x00000000d5b80000)
  to   space 1024K, 0% used [0x00000000d5980000,0x00000000d5980000,0x00000000d5a80000)
 ParOldGen       total 200704K, used 200666K [0x0000000080000000, 0x000000008c400000, 0x00000000d5580000)
  object space 200704K, 99% used [0x0000000080000000,0x000000008c3f68a0,0x000000008c400000)
 Metaspace       used 79404K, committed 80832K, reserved 1179648K
  class space    used 8103K, committed 8704K, reserved 1048576K
}
Event: 8757.369 GC heap before
{Heap before GC invocations=369 (full 4):
 PSYoungGen      total 3584K, used 3584K [0x00000000d5580000, 0x00000000d5b80000, 0x0000000100000000)
  eden space 3072K, 100% used [0x00000000d5580000,0x00000000d5880000,0x00000000d5880000)
  from space 512K, 100% used [0x00000000d5b00000,0x00000000d5b80000,0x00000000d5b80000)
  to   space 1024K, 0% used [0x00000000d5980000,0x00000000d5980000,0x00000000d5a80000)
 ParOldGen       total 200704K, used 200666K [0x0000000080000000, 0x000000008c400000, 0x00000000d5580000)
  object space 200704K, 99% used [0x0000000080000000,0x000000008c3f68a0,0x000000008c400000)
 Metaspace       used 79405K, committed 80832K, reserved 1179648K
  class space    used 8103K, committed 8704K, reserved 1048576K
}
Event: 8757.372 GC heap after
{Heap after GC invocations=369 (full 4):
 PSYoungGen      total 4096K, used 1008K [0x00000000d5580000, 0x00000000d5c80000, 0x0000000100000000)
  eden space 3072K, 0% used [0x00000000d5580000,0x00000000d5580000,0x00000000d5880000)
  from space 1024K, 98% used [0x00000000d5980000,0x00000000d5a7c010,0x00000000d5a80000)
  to   space 2048K, 0% used [0x00000000d5a80000,0x00000000d5a80000,0x00000000d5c80000)
 ParOldGen       total 201728K, used 201270K [0x0000000080000000, 0x000000008c500000, 0x00000000d5580000)
  object space 201728K, 99% used [0x0000000080000000,0x000000008c48d900,0x000000008c500000)
 Metaspace       used 79405K, committed 80832K, reserved 1179648K
  class space    used 8103K, committed 8704K, reserved 1048576K
}
Event: 8762.448 GC heap before
{Heap before GC invocations=370 (full 4):
 PSYoungGen      total 4096K, used 4080K [0x00000000d5580000, 0x00000000d5c80000, 0x0000000100000000)
  eden space 3072K, 100% used [0x00000000d5580000,0x00000000d5880000,0x00000000d5880000)
  from space 1024K, 98% used [0x00000000d5980000,0x00000000d5a7c010,0x00000000d5a80000)
  to   space 2048K, 0% used [0x00000000d5a80000,0x00000000d5a80000,0x00000000d5c80000)
 ParOldGen       total 201728K, used 201270K [0x0000000080000000, 0x000000008c500000, 0x00000000d5580000)
  object space 201728K, 99% used [0x0000000080000000,0x000000008c48d900,0x000000008c500000)
 Metaspace       used 79411K, committed 80832K, reserved 1179648K
  class space    used 8103K, committed 8704K, reserved 1048576K
}
Event: 8762.450 GC heap after
{Heap after GC invocations=370 (full 4):
 PSYoungGen      total 3584K, used 160K [0x00000000d5580000, 0x00000000d5b00000, 0x0000000100000000)
  eden space 3072K, 0% used [0x00000000d5580000,0x00000000d5580000,0x00000000d5880000)
  from space 512K, 31% used [0x00000000d5a80000,0x00000000d5aa8000,0x00000000d5b00000)
  to   space 1024K, 0% used [0x00000000d5900000,0x00000000d5900000,0x00000000d5a00000)
 ParOldGen       total 202240K, used 201844K [0x0000000080000000, 0x000000008c580000, 0x00000000d5580000)
  object space 202240K, 99% used [0x0000000080000000,0x000000008c51d090,0x000000008c580000)
 Metaspace       used 79411K, committed 80832K, reserved 1179648K
  class space    used 8103K, committed 8704K, reserved 1048576K
}

Dll operation events (10 events):
Event: 0.033 Loaded shared library c:\Users\Windows 11\.vscode\extensions\redhat.java-1.50.0-win32-x64\jre\21.0.9-win32-x86_64\bin\java.dll
Event: 0.441 Loaded shared library c:\Users\Windows 11\.vscode\extensions\redhat.java-1.50.0-win32-x64\jre\21.0.9-win32-x86_64\bin\zip.dll
Event: 0.657 Loaded shared library C:\Users\Windows 11\.vscode\extensions\redhat.java-1.50.0-win32-x64\jre\21.0.9-win32-x86_64\bin\instrument.dll
Event: 0.674 Loaded shared library C:\Users\Windows 11\.vscode\extensions\redhat.java-1.50.0-win32-x64\jre\21.0.9-win32-x86_64\bin\net.dll
Event: 0.682 Loaded shared library C:\Users\Windows 11\.vscode\extensions\redhat.java-1.50.0-win32-x64\jre\21.0.9-win32-x86_64\bin\nio.dll
Event: 0.697 Loaded shared library C:\Users\Windows 11\.vscode\extensions\redhat.java-1.50.0-win32-x64\jre\21.0.9-win32-x86_64\bin\zip.dll
Event: 0.863 Loaded shared library C:\Users\Windows 11\.vscode\extensions\redhat.java-1.50.0-win32-x64\jre\21.0.9-win32-x86_64\bin\jimage.dll
Event: 1.301 Loaded shared library c:\Users\Windows 11\.vscode\extensions\redhat.java-1.50.0-win32-x64\jre\21.0.9-win32-x86_64\bin\verify.dll
Event: 8.234 Loaded shared library C:\Users\Windows 11\AppData\Roaming\Code\User\globalStorage\redhat.java\1.50.0\config_win\org.eclipse.equinox.launcher\org.eclipse.equinox.launcher.win32.win32.x86_64_1.2.1400.v20250801-0854\eclipse_11916.dll
Event: 29.840 Loaded shared library C:\Users\Windows 11\AppData\Local\Temp\jna--438106883\jna11444001386500817525.dll

Deoptimization events (20 events):
Event: 8751.898 Thread 0x0000016cfb02ed80 Uncommon trap: trap_request=0xffffff3d fr.pc=0x0000016ce4e97628 relative=0x0000000000000248
Event: 8751.898 Thread 0x0000016cfb02ed80 Uncommon trap: reason=unstable_fused_if action=reinterpret pc=0x0000016ce4e97628 method=org.eclipse.jdt.core.Signature.appendClassTypeSignature([CIZLjava/lang/StringBuilder;)I @ 110 c2
Event: 8751.898 Thread 0x0000016cfb02ed80 DEOPT PACKING pc=0x0000016ce4e97628 sp=0x00000016f86fde10
Event: 8751.898 Thread 0x0000016cfb02ed80 DEOPT UNPACKING pc=0x0000016ce4223aa2 sp=0x00000016f86fdd40 mode 2
Event: 8751.900 Thread 0x0000016cfb02ed80 Uncommon trap: trap_request=0xffffff45 fr.pc=0x0000016ce5859fa8 relative=0x00000000000003e8
Event: 8751.900 Thread 0x0000016cfb02ed80 Uncommon trap: reason=unstable_if action=reinterpret pc=0x0000016ce5859fa8 method=org.eclipse.jdt.core.compiler.CharOperation.prefixEquals([C[CZI)Z @ 16 c2
Event: 8751.900 Thread 0x0000016cfb02ed80 DEOPT PACKING pc=0x0000016ce5859fa8 sp=0x00000016f86fdf80
Event: 8751.900 Thread 0x0000016cfb02ed80 DEOPT UNPACKING pc=0x0000016ce4223aa2 sp=0x00000016f86fdf30 mode 2
Event: 8755.380 Thread 0x0000016cfb035d10 Uncommon trap: trap_request=0xffffff6e fr.pc=0x0000016ce583de78 relative=0x00000000000002f8
Event: 8755.380 Thread 0x0000016cfb035d10 Uncommon trap: reason=loop_limit_check action=maybe_recompile pc=0x0000016ce583de78 method=org.eclipse.jdt.internal.core.util.CommentRecorderParser.checkComment()V @ 202 c2
Event: 8755.380 Thread 0x0000016cfb035d10 DEOPT PACKING pc=0x0000016ce583de78 sp=0x00000016f62fe1c0
Event: 8755.380 Thread 0x0000016cfb035d10 DEOPT UNPACKING pc=0x0000016ce4223aa2 sp=0x00000016f62fe140 mode 2
Event: 8756.691 Thread 0x0000016cfb035d10 Uncommon trap: trap_request=0xffffff45 fr.pc=0x0000016ce58b4610 relative=0x0000000000000770
Event: 8756.691 Thread 0x0000016cfb035d10 Uncommon trap: reason=unstable_if action=reinterpret pc=0x0000016ce58b4610 method=org.eclipse.jface.text.ListLineTracker.getLineOffset(I)I @ 35 c2
Event: 8756.691 Thread 0x0000016cfb035d10 DEOPT PACKING pc=0x0000016ce58b4610 sp=0x00000016f62fefe0
Event: 8756.691 Thread 0x0000016cfb035d10 DEOPT UNPACKING pc=0x0000016ce4223aa2 sp=0x00000016f62fee40 mode 2
Event: 8758.590 Thread 0x0000016cfb035d10 Uncommon trap: trap_request=0xffffff45 fr.pc=0x0000016ce561864c relative=0x000000000000032c
Event: 8758.590 Thread 0x0000016cfb035d10 Uncommon trap: reason=unstable_if action=reinterpret pc=0x0000016ce561864c method=org.eclipse.jface.text.ListLineTracker.getLineOffset(I)I @ 35 c2
Event: 8758.590 Thread 0x0000016cfb035d10 DEOPT PACKING pc=0x0000016ce561864c sp=0x00000016f62fef70
Event: 8758.590 Thread 0x0000016cfb035d10 DEOPT UNPACKING pc=0x0000016ce4223aa2 sp=0x00000016f62fee38 mode 2

Classes loaded (20 events):
Event: 8614.504 Loading class java/nio/file/FileTreeIterator
Event: 8614.505 Loading class java/nio/file/FileTreeIterator done
Event: 8614.546 Loading class java/util/zip/CheckedInputStream
Event: 8614.547 Loading class java/util/zip/CheckedInputStream done
Event: 8614.788 Loading class java/nio/file/Files$2
Event: 8614.788 Loading class java/nio/file/Files$2 done
Event: 8614.837 Loading class java/util/concurrent/ArrayBlockingQueue
Event: 8614.838 Loading class java/util/concurrent/ArrayBlockingQueue done
Event: 8616.498 Loading class sun/nio/cs/ISO_8859_1$Decoder
Event: 8616.499 Loading class sun/nio/cs/ISO_8859_1$Decoder done
Event: 8617.122 Loading class java/util/ImmutableCollections$SubList
Event: 8617.123 Loading class java/util/ImmutableCollections$SubList done
Event: 8629.006 Loading class java/util/ArrayDeque$DeqSpliterator
Event: 8629.008 Loading class java/util/ArrayDeque$DeqSpliterator done
Event: 8632.759 Loading class java/util/concurrent/ConcurrentHashMap$KeySpliterator
Event: 8632.759 Loading class java/util/concurrent/ConcurrentHashMap$KeySpliterator done
Event: 8740.044 Loading class java/io/CharArrayReader
Event: 8740.044 Loading class java/io/CharArrayReader done
Event: 8740.045 Loading class java/util/regex/Pattern$Bound
Event: 8740.045 Loading class java/util/regex/Pattern$Bound done

Classes unloaded (20 events):
Event: 8639.862 Thread 0x0000016cf04f2650 Unloading class 0x0000016c81017400 'java/lang/invoke/LambdaForm$MH+0x0000016c81017400'
Event: 8639.862 Thread 0x0000016cf04f2650 Unloading class 0x0000016c81016400 'java/lang/invoke/LambdaForm$MH+0x0000016c81016400'
Event: 8639.862 Thread 0x0000016cf04f2650 Unloading class 0x0000016c8100d800 'java/lang/invoke/LambdaForm$MH+0x0000016c8100d800'
Event: 8639.862 Thread 0x0000016cf04f2650 Unloading class 0x0000016c8100d400 'java/lang/invoke/LambdaForm$MH+0x0000016c8100d400'
Event: 8639.862 Thread 0x0000016cf04f2650 Unloading class 0x0000016c8100d000 'java/lang/invoke/LambdaForm$MH+0x0000016c8100d000'
Event: 8639.862 Thread 0x0000016cf04f2650 Unloading class 0x0000016c8100cc00 'java/lang/invoke/LambdaForm$MH+0x0000016c8100cc00'
Event: 8639.862 Thread 0x0000016cf04f2650 Unloading class 0x0000016c8100c800 'java/lang/invoke/LambdaForm$BMH+0x0000016c8100c800'
Event: 8639.862 Thread 0x0000016cf04f2650 Unloading class 0x0000016c8100c000 'java/lang/invoke/LambdaForm$DMH+0x0000016c8100c000'
Event: 8639.862 Thread 0x0000016cf04f2650 Unloading class 0x0000016c81008c00 'java/lang/invoke/LambdaForm$MH+0x0000016c81008c00'
Event: 8639.862 Thread 0x0000016cf04f2650 Unloading class 0x0000016c81008800 'java/lang/invoke/LambdaForm$MH+0x0000016c81008800'
Event: 8639.862 Thread 0x0000016cf04f2650 Unloading class 0x0000016c81008400 'java/lang/invoke/LambdaForm$MH+0x0000016c81008400'
Event: 8639.862 Thread 0x0000016cf04f2650 Unloading class 0x0000016c81007000 'java/lang/invoke/LambdaForm$MH+0x0000016c81007000'
Event: 8639.862 Thread 0x0000016cf04f2650 Unloading class 0x0000016c81006c00 'java/lang/invoke/LambdaForm$MH+0x0000016c81006c00'
Event: 8639.862 Thread 0x0000016cf04f2650 Unloading class 0x0000016c81006800 'java/lang/invoke/LambdaForm$MH+0x0000016c81006800'
Event: 8639.862 Thread 0x0000016cf04f2650 Unloading class 0x0000016c81006400 'java/lang/invoke/LambdaForm$MH+0x0000016c81006400'
Event: 8639.862 Thread 0x0000016cf04f2650 Unloading class 0x0000016c81005c00 'java/lang/invoke/LambdaForm$BMH+0x0000016c81005c00'
Event: 8639.862 Thread 0x0000016cf04f2650 Unloading class 0x0000016c81004800 'java/lang/invoke/LambdaForm$DMH+0x0000016c81004800'
Event: 8639.862 Thread 0x0000016cf04f2650 Unloading class 0x0000016c81002400 'java/lang/invoke/LambdaForm$MH+0x0000016c81002400'
Event: 8639.862 Thread 0x0000016cf04f2650 Unloading class 0x0000016c81002000 'java/lang/invoke/LambdaForm$MH+0x0000016c81002000'
Event: 8639.862 Thread 0x0000016cf04f2650 Unloading class 0x0000016c81001800 'java/lang/invoke/LambdaForm$MH+0x0000016c81001800'

Classes redefined (0 events):
No events

Internal exceptions (20 events):
Event: 8747.352 Thread 0x0000016cfb02f410 Exception <a 'sun/nio/fs/WindowsException'{0x00000000d56ca6e8}> (0x00000000d56ca6e8) 
thrown [s\src\hotspot\share\prims\jni.cpp, line 520]
Event: 8747.356 Thread 0x0000016cfb02f410 Exception <a 'sun/nio/fs/WindowsException'{0x00000000d56d33e8}> (0x00000000d56d33e8) 
thrown [s\src\hotspot\share\prims\jni.cpp, line 520]
Event: 8747.356 Thread 0x0000016cf71f2870 Exception <a 'sun/nio/fs/WindowsException'{0x00000000d56cc520}> (0x00000000d56cc520) 
thrown [s\src\hotspot\share\prims\jni.cpp, line 520]
Event: 8747.363 Thread 0x0000016cfb02f410 Exception <a 'sun/nio/fs/WindowsException'{0x00000000d56efbf0}> (0x00000000d56efbf0) 
thrown [s\src\hotspot\share\prims\jni.cpp, line 520]
Event: 8747.837 Thread 0x0000016cfb02f410 Exception <a 'sun/nio/fs/WindowsException'{0x00000000d55ab5a8}> (0x00000000d55ab5a8) 
thrown [s\src\hotspot\share\prims\jni.cpp, line 520]
Event: 8747.837 Thread 0x0000016cfb02f410 Exception <a 'sun/nio/fs/WindowsException'{0x00000000d55abe30}> (0x00000000d55abe30) 
thrown [s\src\hotspot\share\prims\jni.cpp, line 520]
Event: 8747.838 Thread 0x0000016cfb02f410 Exception <a 'sun/nio/fs/WindowsException'{0x00000000d55ac7d8}> (0x00000000d55ac7d8) 
thrown [s\src\hotspot\share\prims\jni.cpp, line 520]
Event: 8747.838 Thread 0x0000016cfb02f410 Exception <a 'sun/nio/fs/WindowsException'{0x00000000d55ad060}> (0x00000000d55ad060) 
thrown [s\src\hotspot\share\prims\jni.cpp, line 520]
Event: 8747.871 Thread 0x0000016cfb02f410 Exception <a 'sun/nio/fs/WindowsException'{0x00000000d5672128}> (0x00000000d5672128) 
thrown [s\src\hotspot\share\prims\jni.cpp, line 520]
Event: 8751.766 Thread 0x0000016cfb02ed80 Exception <a 'java/lang/ArrayIndexOutOfBoundsException'{0x00000000d55c2a08}: Index 7794 out of bounds for length 7794> (0x00000000d55c2a08) 
thrown [s\src\hotspot\share\interpreter\interpreterRuntime.cpp, line 439]
Event: 8751.766 Thread 0x0000016cfb02ed80 Exception <a 'java/lang/ArrayIndexOutOfBoundsException'{0x00000000d55c3040}: Index 7794 out of bounds for length 7794> (0x00000000d55c3040) 
thrown [s\src\hotspot\share\interpreter\interpreterRuntime.cpp, line 439]
Event: 8751.766 Thread 0x0000016cfb02ed80 Exception <a 'java/lang/ArrayIndexOutOfBoundsException'{0x00000000d55c33c8}: Index 7795 out of bounds for length 7794> (0x00000000d55c33c8) 
thrown [s\src\hotspot\share\interpreter\interpreterRuntime.cpp, line 439]
Event: 8756.085 Thread 0x0000016cfb030e50 Exception <a 'sun/nio/fs/WindowsException'{0x00000000d575b6e0}> (0x00000000d575b6e0) 
thrown [s\src\hotspot\share\prims\jni.cpp, line 520]
Event: 8756.085 Thread 0x0000016cfb030e50 Exception <a 'sun/nio/fs/WindowsException'{0x00000000d575bfc0}> (0x00000000d575bfc0) 
thrown [s\src\hotspot\share\prims\jni.cpp, line 520]
Event: 8756.086 Thread 0x0000016cfb030e50 Exception <a 'sun/nio/fs/WindowsException'{0x00000000d575cd20}> (0x00000000d575cd20) 
thrown [s\src\hotspot\share\prims\jni.cpp, line 520]
Event: 8756.086 Thread 0x0000016cfb030e50 Exception <a 'sun/nio/fs/WindowsException'{0x00000000d575d600}> (0x00000000d575d600) 
thrown [s\src\hotspot\share\prims\jni.cpp, line 520]
Event: 8756.087 Thread 0x0000016cfb030e50 Exception <a 'sun/nio/fs/WindowsException'{0x00000000d575eff8}> (0x00000000d575eff8) 
thrown [s\src\hotspot\share\prims\jni.cpp, line 520]
Event: 8756.087 Thread 0x0000016cfb030e50 Exception <a 'sun/nio/fs/WindowsException'{0x00000000d575f8d8}> (0x00000000d575f8d8) 
thrown [s\src\hotspot\share\prims\jni.cpp, line 520]
Event: 8756.092 Thread 0x0000016cfb030e50 Exception <a 'sun/nio/fs/WindowsException'{0x00000000d577e558}> (0x00000000d577e558) 
thrown [s\src\hotspot\share\prims\jni.cpp, line 520]
Event: 8756.092 Thread 0x0000016cfb030e50 Exception <a 'sun/nio/fs/WindowsException'{0x00000000d577f098}> (0x00000000d577f098) 
thrown [s\src\hotspot\share\prims\jni.cpp, line 520]

ZGC Phase Switch (0 events):
No events

VM Operations (20 events):
Event: 8756.461 Executing VM operation: HandshakeAllThreads (HandshakeForDeflation)
Event: 8756.461 Executing VM operation: HandshakeAllThreads (HandshakeForDeflation) done
Event: 8756.461 Executing VM operation: RendezvousGCThreads
Event: 8756.461 Executing VM operation: RendezvousGCThreads done
Event: 8757.149 Executing VM operation: ParallelGCFailedAllocation (Allocation Failure)
Event: 8757.153 Executing VM operation: ParallelGCFailedAllocation (Allocation Failure) done
Event: 8757.184 Executing VM operation: ParallelGCFailedAllocation (Allocation Failure)
Event: 8757.204 Executing VM operation: ParallelGCFailedAllocation (Allocation Failure) done
Event: 8757.294 Executing VM operation: ParallelGCFailedAllocation (Allocation Failure)
Event: 8757.329 Executing VM operation: ParallelGCFailedAllocation (Allocation Failure) done
Event: 8757.368 Executing VM operation: ParallelGCFailedAllocation (Allocation Failure)
Event: 8757.372 Executing VM operation: ParallelGCFailedAllocation (Allocation Failure) done
Event: 8758.372 Executing VM operation: Cleanup
Event: 8758.372 Executing VM operation: Cleanup done
Event: 8759.385 Executing VM operation: Cleanup
Event: 8759.385 Executing VM operation: Cleanup done
Event: 8762.448 Executing VM operation: ParallelGCFailedAllocation (Allocation Failure)
Event: 8762.450 Executing VM operation: ParallelGCFailedAllocation (Allocation Failure) done
Event: 8776.555 Executing VM operation: Cleanup
Event: 8776.555 Executing VM operation: Cleanup done

Memory protections (0 events):
No events

Nmethod flushes (20 events):
Event: 8639.991 Thread 0x0000016cf04f2650 flushing  nmethod 0x0000016cdd98a590
Event: 8639.991 Thread 0x0000016cf04f2650 flushing  nmethod 0x0000016cdd991310
Event: 8639.991 Thread 0x0000016cf04f2650 flushing  nmethod 0x0000016cdd99a890
Event: 8639.991 Thread 0x0000016cf04f2650 flushing  nmethod 0x0000016cdd99b310
Event: 8639.991 Thread 0x0000016cf04f2650 flushing  nmethod 0x0000016cdd99cf90
Event: 8639.991 Thread 0x0000016cf04f2650 flushing  nmethod 0x0000016cdd99d890
Event: 8639.991 Thread 0x0000016cf04f2650 flushing  nmethod 0x0000016cdd99e690
Event: 8639.991 Thread 0x0000016cf04f2650 flushing  nmethod 0x0000016cdd99f990
Event: 8639.991 Thread 0x0000016cf04f2650 flushing  nmethod 0x0000016cdd9a1110
Event: 8639.991 Thread 0x0000016cf04f2650 flushing  nmethod 0x0000016cdd9a5590
Event: 8639.991 Thread 0x0000016cf04f2650 flushing  nmethod 0x0000016cdd9aa890
Event: 8639.991 Thread 0x0000016cf04f2650 flushing  nmethod 0x0000016cdd9ab590
Event: 8639.991 Thread 0x0000016cf04f2650 flushing  nmethod 0x0000016cdd9ab910
Event: 8639.991 Thread 0x0000016cf04f2650 flushing  nmethod 0x0000016cdd9ada90
Event: 8639.991 Thread 0x0000016cf04f2650 flushing  nmethod 0x0000016cdd9c9590
Event: 8639.991 Thread 0x0000016cf04f2650 flushing  nmethod 0x0000016cdd9e0f90
Event: 8639.991 Thread 0x0000016cf04f2650 flushing  nmethod 0x0000016cdd9e5b90
Event: 8639.991 Thread 0x0000016cf04f2650 flushing osr nmethod 0x0000016cdd9f1d10
Event: 8639.991 Thread 0x0000016cf04f2650 flushing  nmethod 0x0000016cdda6a990
Event: 8639.991 Thread 0x0000016cf04f2650 flushing  nmethod 0x0000016cddba3e90

Events (20 events):
Event: 8747.321 Thread 0x0000016cfb773770 Thread exited: 0x0000016cfb773770
Event: 8747.327 Thread 0x0000016cf71f4940 Thread added: 0x0000016cf6ba37d0
Event: 8747.327 Thread 0x0000016cf71f1b50 Thread added: 0x0000016cf6ba1070
Event: 8747.573 Thread 0x0000016cf0517b80 Thread added: 0x0000016cfb774be0
Event: 8749.196 Thread 0x0000016cfb774be0 Thread exited: 0x0000016cfb774be0
Event: 8749.783 Thread 0x0000016cf603a6e0 Thread added: 0x0000016cfb773770
Event: 8750.297 Thread 0x0000016cfb773770 Thread exited: 0x0000016cfb773770
Event: 8751.520 Thread 0x0000016cfb7730a0 Thread exited: 0x0000016cfb7730a0
Event: 8751.596 Thread 0x0000016cf0517b80 Thread added: 0x0000016cfb778260
Event: 8751.831 Thread 0x0000016cf603a6e0 Thread added: 0x0000016cfb778930
Event: 8752.973 Thread 0x0000016cfb778930 Thread exited: 0x0000016cfb778930
Event: 8752.973 Thread 0x0000016cfb778260 Thread exited: 0x0000016cfb778260
Event: 8755.520 Thread 0x0000016cf0517b80 Thread added: 0x0000016cfb778260
Event: 8755.520 Thread 0x0000016cf0517b80 Thread added: 0x0000016cfb773e40
Event: 8755.683 Thread 0x0000016cfb773e40 Thread exited: 0x0000016cfb773e40
Event: 8755.965 Thread 0x0000016cfb778260 Thread added: 0x0000016cfb774be0
Event: 8756.199 Thread 0x0000016cfb774be0 Thread exited: 0x0000016cfb774be0
Event: 8756.199 Thread 0x0000016cfb778260 Thread exited: 0x0000016cfb778260
Event: 8757.184 Thread 0x0000016cf0517b80 Thread added: 0x0000016cfb7730a0
Event: 8767.457 Thread 0x0000016cfb7730a0 Thread exited: 0x0000016cfb7730a0


Dynamic libraries:
0x00007ff68b310000 - 0x00007ff68b31e000 	c:\Users\Windows 11\.vscode\extensions\redhat.java-1.50.0-win32-x64\jre\21.0.9-win32-x86_64\bin\java.exe
0x00007fffea8f0000 - 0x00007fffeab08000 	C:\Windows\SYSTEM32\ntdll.dll
0x00007fffe8910000 - 0x00007fffe89d4000 	C:\Windows\System32\KERNEL32.DLL
0x00007fffe7ce0000 - 0x00007fffe80b3000 	C:\Windows\System32\KERNELBASE.dll
0x00007fffe79f0000 - 0x00007fffe7b01000 	C:\Windows\System32\ucrtbase.dll
0x00007fffb86b0000 - 0x00007fffb86c8000 	c:\Users\Windows 11\.vscode\extensions\redhat.java-1.50.0-win32-x64\jre\21.0.9-win32-x86_64\bin\jli.dll
0x00007fffe8cf0000 - 0x00007fffe8ea2000 	C:\Windows\System32\USER32.dll
0x00007fffe7cb0000 - 0x00007fffe7cd6000 	C:\Windows\System32\win32u.dll
0x00007fffe97b0000 - 0x00007fffe97d9000 	C:\Windows\System32\GDI32.dll
0x00007fffb7410000 - 0x00007fffb742e000 	c:\Users\Windows 11\.vscode\extensions\redhat.java-1.50.0-win32-x64\jre\21.0.9-win32-x86_64\bin\VCRUNTIME140.dll
0x00007fffe80c0000 - 0x00007fffe81e3000 	C:\Windows\System32\gdi32full.dll
0x00007fffe81f0000 - 0x00007fffe828a000 	C:\Windows\System32\msvcp_win.dll
0x00007fffd36a0000 - 0x00007fffd393c000 	C:\Windows\WinSxS\amd64_microsoft.windows.common-controls_6595b64144ccf1df_6.0.22621.6060_none_2712eda17382d24b\COMCTL32.dll
0x00007fffe8aa0000 - 0x00007fffe8b47000 	C:\Windows\System32\msvcrt.dll
0x00007fffe86a0000 - 0x00007fffe86d1000 	C:\Windows\System32\IMM32.DLL
0x00007fffdcfb0000 - 0x00007fffdcfbc000 	c:\Users\Windows 11\.vscode\extensions\redhat.java-1.50.0-win32-x64\jre\21.0.9-win32-x86_64\bin\vcruntime140_1.dll
0x00007fffa0ae0000 - 0x00007fffa0b6d000 	c:\Users\Windows 11\.vscode\extensions\redhat.java-1.50.0-win32-x64\jre\21.0.9-win32-x86_64\bin\msvcp140.dll
0x00007fff7ae20000 - 0x00007fff7bbc0000 	c:\Users\Windows 11\.vscode\extensions\redhat.java-1.50.0-win32-x64\jre\21.0.9-win32-x86_64\bin\server\jvm.dll
0x00007fffe89e0000 - 0x00007fffe8a91000 	C:\Windows\System32\ADVAPI32.dll
0x00007fffea130000 - 0x00007fffea1d8000 	C:\Windows\System32\sechost.dll
0x00007fffe7c80000 - 0x00007fffe7ca8000 	C:\Windows\System32\bcrypt.dll
0x00007fffe9b20000 - 0x00007fffe9c38000 	C:\Windows\System32\RPCRT4.dll
0x00007fffe9c50000 - 0x00007fffe9cc1000 	C:\Windows\System32\WS2_32.dll
0x00007fffe67e0000 - 0x00007fffe682d000 	C:\Windows\SYSTEM32\POWRPROF.dll
0x00007fffe23c0000 - 0x00007fffe23f4000 	C:\Windows\SYSTEM32\WINMM.dll
0x00007fffded90000 - 0x00007fffded9a000 	C:\Windows\SYSTEM32\VERSION.dll
0x00007fffe67c0000 - 0x00007fffe67d3000 	C:\Windows\SYSTEM32\UMPDC.dll
0x00007fffe6a70000 - 0x00007fffe6a88000 	C:\Windows\SYSTEM32\kernel.appcore.dll
0x00007fffd45d0000 - 0x00007fffd45da000 	c:\Users\Windows 11\.vscode\extensions\redhat.java-1.50.0-win32-x64\jre\21.0.9-win32-x86_64\bin\jimage.dll
0x00007fffe4fb0000 - 0x00007fffe51e3000 	C:\Windows\SYSTEM32\DBGHELP.DLL
0x00007fffe9d20000 - 0x00007fffea0b2000 	C:\Windows\System32\combase.dll
0x00007fffe87a0000 - 0x00007fffe8878000 	C:\Windows\System32\OLEAUT32.dll
0x00007fffd00e0000 - 0x00007fffd0112000 	C:\Windows\SYSTEM32\dbgcore.DLL
0x00007fffe8290000 - 0x00007fffe830b000 	C:\Windows\System32\bcryptPrimitives.dll
0x00007fffd0120000 - 0x00007fffd012f000 	c:\Users\Windows 11\.vscode\extensions\redhat.java-1.50.0-win32-x64\jre\21.0.9-win32-x86_64\bin\instrument.dll
0x00007fffb43f0000 - 0x00007fffb4410000 	c:\Users\Windows 11\.vscode\extensions\redhat.java-1.50.0-win32-x64\jre\21.0.9-win32-x86_64\bin\java.dll
0x00007fffe8f10000 - 0x00007fffe97ae000 	C:\Windows\System32\SHELL32.dll
0x00007fffe8310000 - 0x00007fffe844f000 	C:\Windows\System32\wintypes.dll
0x00007fffe5890000 - 0x00007fffe61a8000 	C:\Windows\SYSTEM32\windows.storage.dll
0x00007fffe8590000 - 0x00007fffe8694000 	C:\Windows\System32\SHCORE.dll
0x00007fffea0c0000 - 0x00007fffea129000 	C:\Windows\System32\shlwapi.dll
0x00007fffe7920000 - 0x00007fffe7945000 	C:\Windows\SYSTEM32\profapi.dll
0x00007fffb3080000 - 0x00007fffb3098000 	c:\Users\Windows 11\.vscode\extensions\redhat.java-1.50.0-win32-x64\jre\21.0.9-win32-x86_64\bin\zip.dll
0x00007fffcd370000 - 0x00007fffcd380000 	C:\Users\Windows 11\.vscode\extensions\redhat.java-1.50.0-win32-x64\jre\21.0.9-win32-x86_64\bin\net.dll
0x00007fffe2050000 - 0x00007fffe217c000 	C:\Windows\SYSTEM32\WINHTTP.dll
0x00007fffe6f30000 - 0x00007fffe6f99000 	C:\Windows\system32\mswsock.dll
0x00007fffb0610000 - 0x00007fffb0626000 	C:\Users\Windows 11\.vscode\extensions\redhat.java-1.50.0-win32-x64\jre\21.0.9-win32-x86_64\bin\nio.dll
0x00007fffcc2a0000 - 0x00007fffcc2b0000 	c:\Users\Windows 11\.vscode\extensions\redhat.java-1.50.0-win32-x64\jre\21.0.9-win32-x86_64\bin\verify.dll
0x00007fffa2180000 - 0x00007fffa21c4000 	C:\Users\Windows 11\AppData\Roaming\Code\User\globalStorage\redhat.java\1.50.0\config_win\org.eclipse.equinox.launcher\org.eclipse.equinox.launcher.win32.win32.x86_64_1.2.1400.v20250801-0854\eclipse_11916.dll
0x00007fffe8b50000 - 0x00007fffe8cf0000 	C:\Windows\System32\ole32.dll
0x00007fffe7280000 - 0x00007fffe729b000 	C:\Windows\SYSTEM32\CRYPTSP.dll
0x00007fffe69d0000 - 0x00007fffe6a07000 	C:\Windows\system32\rsaenh.dll
0x00007fffe6fd0000 - 0x00007fffe6ff8000 	C:\Windows\SYSTEM32\USERENV.dll
0x00007fffe7260000 - 0x00007fffe726c000 	C:\Windows\SYSTEM32\CRYPTBASE.dll
0x00007fffe64c0000 - 0x00007fffe64ed000 	C:\Windows\SYSTEM32\IPHLPAPI.DLL
0x00007fffe98a0000 - 0x00007fffe98a9000 	C:\Windows\System32\NSI.dll
0x00007fff9d490000 - 0x00007fff9d4d9000 	C:\Users\Windows 11\AppData\Local\Temp\jna--438106883\jna11444001386500817525.dll
0x00007fffe8790000 - 0x00007fffe8798000 	C:\Windows\System32\PSAPI.DLL
0x00007fffe2030000 - 0x00007fffe2049000 	C:\Windows\SYSTEM32\dhcpcsvc6.DLL
0x00007fffe2010000 - 0x00007fffe202f000 	C:\Windows\SYSTEM32\dhcpcsvc.DLL
0x00007fffe6b80000 - 0x00007fffe6bb4000 	C:\Windows\SYSTEM32\ntmarta.dll

JVMTI agents:
c:\Users\Windows 11\.vscode\extensions\redhat.java-1.50.0-win32-x64\lombok\lombok-1.18.39-4050.jar path:c:\Users\Windows 11\.vscode\extensions\redhat.java-1.50.0-win32-x64\jre\21.0.9-win32-x86_64\bin\instrument.dll, loaded, initialized, instrumentlib options:none

dbghelp: loaded successfully - version: 4.0.5 - missing functions: none
symbol engine: initialized successfully - sym options: 0x614 - pdb path: .;c:\Users\Windows 11\.vscode\extensions\redhat.java-1.50.0-win32-x64\jre\21.0.9-win32-x86_64\bin;C:\Windows\SYSTEM32;C:\Windows\WinSxS\amd64_microsoft.windows.common-controls_6595b64144ccf1df_6.0.22621.6060_none_2712eda17382d24b;c:\Users\Windows 11\.vscode\extensions\redhat.java-1.50.0-win32-x64\jre\21.0.9-win32-x86_64\bin\server;C:\Users\Windows 11\AppData\Roaming\Code\User\globalStorage\redhat.java\1.50.0\config_win\org.eclipse.equinox.launcher\org.eclipse.equinox.launcher.win32.win32.x86_64_1.2.1400.v20250801-0854;C:\Users\Windows 11\AppData\Local\Temp\jna--438106883

VM Arguments:
jvm_args: --add-modules=ALL-SYSTEM --add-opens=java.base/java.util=ALL-UNNAMED --add-opens=java.base/java.lang=ALL-UNNAMED --add-opens=java.base/sun.nio.fs=ALL-UNNAMED -Declipse.application=org.eclipse.jdt.ls.core.id1 -Dosgi.bundles.defaultStartLevel=4 -Declipse.product=org.eclipse.jdt.ls.core.product -Djava.import.generatesMetadataFilesAtProjectRoot=false -DDetectVMInstallationsJob.disabled=true -Dfile.encoding=utf8 -XX:+UseParallelGC -XX:GCTimeRatio=4 -XX:AdaptiveSizePolicyWeight=90 -Dsun.zip.disableMemoryMapping=true -Xmx2G -Xms100m -Xlog:disable -javaagent:c:\Users\Windows 11\.vscode\extensions\redhat.java-1.50.0-win32-x64\lombok\lombok-1.18.39-4050.jar -XX:+HeapDumpOnOutOfMemoryError -XX:HeapDumpPath=c:\Users\Windows 11\AppData\Roaming\Code\User\workspaceStorage\c73543d6d93c52d8039c0b5be2055d3d\redhat.java -Daether.dependencyCollector.impl=bf 
java_command: c:\Users\Windows 11\.vscode\extensions\redhat.java-1.50.0-win32-x64\server\plugins\org.eclipse.equinox.launcher_1.7.100.v20251111-0406.jar -configuration c:\Users\Windows 11\AppData\Roaming\Code\User\globalStorage\redhat.java\1.50.0\config_win -data c:\Users\Windows 11\AppData\Roaming\Code\User\workspaceStorage\c73543d6d93c52d8039c0b5be2055d3d\redhat.java\jdt_ws --pipe=\\.\pipe\lsp-f044c1831db48e5795a74a8cedb79527-sock
java_class_path (initial): c:\Users\Windows 11\.vscode\extensions\redhat.java-1.50.0-win32-x64\server\plugins\org.eclipse.equinox.launcher_1.7.100.v20251111-0406.jar
Launcher Type: SUN_STANDARD

[Global flags]
    uintx AdaptiveSizePolicyWeight                 = 90                                        {product} {command line}
     intx CICompilerCount                          = 4                                         {product} {ergonomic}
    uintx GCTimeRatio                              = 4                                         {product} {command line}
     bool HeapDumpOnOutOfMemoryError               = true                                   {manageable} {command line}
    ccstr HeapDumpPath                             = c:\Users\Windows 11\AppData\Roaming\Code\User\workspaceStorage\c73543d6d93c52d8039c0b5be2055d3d\redhat.java         {manageable} {command line}
   size_t InitialHeapSize                          = 104857600                                 {product} {command line}
   size_t MaxHeapSize                              = 2147483648                                {product} {command line}
   size_t MaxNewSize                               = 715653120                                 {product} {ergonomic}
   size_t MinHeapDeltaBytes                        = 524288                                    {product} {ergonomic}
   size_t MinHeapSize                              = 104857600                                 {product} {command line}
   size_t NewSize                                  = 34603008                                  {product} {ergonomic}
    uintx NonNMethodCodeHeapSize                   = 5839372                                {pd product} {ergonomic}
    uintx NonProfiledCodeHeapSize                  = 122909434                              {pd product} {ergonomic}
   size_t OldSize                                  = 70254592                                  {product} {ergonomic}
    uintx ProfiledCodeHeapSize                     = 122909434                              {pd product} {ergonomic}
    uintx ReservedCodeCacheSize                    = 251658240                              {pd product} {ergonomic}
     bool SegmentedCodeCache                       = true                                      {product} {ergonomic}
   size_t SoftMaxHeapSize                          = 2147483648                             {manageable} {ergonomic}
     bool UseCompressedOops                        = true                           {product lp64_product} {ergonomic}
     bool UseLargePagesIndividualAllocation        = false                                  {pd product} {ergonomic}
     bool UseParallelGC                            = true                                      {product} {command line}

Logging:
Log output configuration:
 #0: stdout all=off uptime,level,tags foldmultilines=false
 #1: stderr all=off uptime,level,tags foldmultilines=false

Release file:
JAVA_VERSION="21.0.9" 
MODULES="java.base java.compiler java.datatransfer java.xml java.prefs java.desktop java.instrument java.logging java.management java.security.sasl java.naming java.rmi java.management.rmi java.net.http java.scripting java.security.jgss java.transaction.xa java.sql java.sql.rowset java.xml.crypto java.se java.smartcardio jdk.accessibility jdk.internal.jvmstat jdk.attach jdk.charsets jdk.internal.opt jdk.zipfs jdk.compiler jdk.crypto.ec jdk.crypto.cryptoki jdk.crypto.mscapi jdk.dynalink jdk.internal.ed jdk.editpad jdk.hotspot.agent jdk.httpserver jdk.internal.le jdk.internal.vm.ci jdk.internal.vm.compiler jdk.internal.vm.compiler.management jdk.jartool jdk.javadoc jdk.jcmd jdk.management jdk.management.agent jdk.jconsole jdk.jdeps jdk.jdwp.agent jdk.jdi jdk.jfr jdk.jshell jdk.jsobject jdk.jstatd jdk.localedata jdk.management.jfr jdk.naming.dns jdk.naming.rmi jdk.net jdk.nio.mapmode jdk.random jdk.sctp jdk.security.auth jdk.security.jgss jdk.unsupported jdk.unsupported.desktop jdk.xml.dom" 

Environment Variables:
PATH=C:\Program Files\Common Files\Oracle\Java\javapath;C:\Windows\system32;C:\Windows;C:\Windows\System32\Wbem;C:\Windows\System32\WindowsPowerShell\v1.0\;C:\Windows\System32\OpenSSH\;C:\Program Files\Intel\WiFi\bin\;C:\Program Files\Common Files\Intel\WirelessCommon\;C:\Users\Windows 11\AppData\Local\Programs\Python\Python312;C:\Users\Windows 11\AppData\Local\Programs\Python\Python312\Scripts;C:\Program Files\dotnet\;C:\msys64\ucrt64\bin\;D:\Nodejs\;D:\Git\cmd;D:\SEMESTER 3 TEKNIK INFORMATIKA\KOMPUTER GRAFIK\PRAKTEK\dotnet;D:\Downloads\php-8.4.12-Win32-vs17-x64;D:\SEMESTER 3 TEKNIK INFORMATIKA\PROYEK-3-PBO\ComposerSetup;C:\Program Files\Java\jdk-17\bin;D:\xampp\php;D:\cursor\resources\app\bin;D:\SEMESTER 3 TEKNIK INFORMATIKA\PEMROGRAMAN-BERORIENTASI-OBJECT\maven\maven-mvnd-1.0.3-windows-amd64\mvn\bin;D:\Downloads\flutter_windows_3.29.0-stable\flutter\bin;C:\Users\Windows 11\scoop\shims;C:\Users\Windows 11\AppData\Local\Programs\Python\Python313\Scripts\;C:\Users\Windows 11\AppData\Local\Programs\Python\Python313\;C:\Users\Windows 11\AppData\Local\Programs\Python\Launcher\;C:\Users\Windows 11\AppData\Local\Microsoft\WindowsApps;D:\Microsoft VS Code\bin;C:\Users\Windows 11\AppData\Local\Programs\Python\Python312;C:\Users\Windows 11\AppData\Local\Programs\Python\Python312\Scripts;C:\Users\Windows 11\scoop\apps\scoop\current\bin\;C:\Users\Windows 11\scoop\apps\make\4.4.1\bin;C:\msys64\ucrt64\bin\;D:\IntelliJ IDEA 2024.3.1.1\bin;;D:\Downloads\kotlin-compiler-2.1.10\kotlinc\bin;C:\Users\Windows 11\AppData\Local\GitHubDesktop\bin;D:\Downloads\kotlin-compiler-2.1.10\kotlinc\lib;C:\msys64\usr\bin;C:\Users\Windows 11\AppData\Roaming\npm;C:\Users\Windows 11\.dotnet\tools;C:\Users\Windows 11\AppData\Roaming\Composer\vendor\bin
USERNAME=Windows 11
OS=Windows_NT
PROCESSOR_IDENTIFIER=Intel64 Family 6 Model 142 Stepping 10, GenuineIntel
TMP=C:\Users\WINDOW~1\AppData\Local\Temp
TEMP=C:\Users\WINDOW~1\AppData\Local\Temp




Periodic native trim disabled

---------------  S Y S T E M  ---------------

OS:
 Windows 11 , 64 bit Build 22621 (10.0.22621.5415)
OS uptime: 2 days 14:19 hours
Hyper-V role detected

CPU: total 8 (initial active 8) (4 cores per cpu, 2 threads per core) family 6 model 142 stepping 10 microcode 0xf6, cx8, cmov, fxsr, ht, mmx, 3dnowpref, sse, sse2, sse3, ssse3, sse4.1, sse4.2, popcnt, lzcnt, tsc, tscinvbit, avx, avx2, aes, erms, clmul, bmi1, bmi2, rtm, adx, fma, vzeroupper, clflush, clflushopt, hv, rdtscp, f16c
Processor Information for processor 0
  Max Mhz: 1896, Current Mhz: 1496, Mhz Limit: 1687
Processor Information for processor 1
  Max Mhz: 1896, Current Mhz: 1496, Mhz Limit: 1687
Processor Information for processor 2
  Max Mhz: 1896, Current Mhz: 1696, Mhz Limit: 1687
Processor Information for processor 3
  Max Mhz: 1896, Current Mhz: 1696, Mhz Limit: 1687
Processor Information for processor 4
  Max Mhz: 1896, Current Mhz: 1696, Mhz Limit: 1687
Processor Information for processor 5
  Max Mhz: 1896, Current Mhz: 1496, Mhz Limit: 1687
Processor Information for processor 6
  Max Mhz: 1896, Current Mhz: 1496, Mhz Limit: 1687
Processor Information for processor 7
  Max Mhz: 1896, Current Mhz: 1696, Mhz Limit: 1687

Memory: 4k page, system-wide physical 8071M (715M free)
TotalPageFile size 12082M (AvailPageFile size 0M)
current process WorkingSet (physical memory assigned to process): 486M, peak: 492M
current process commit charge ("private bytes"): 566M, peak: 573M

vm_info: OpenJDK 64-Bit Server VM (21.0.9+10-LTS) for windows-amd64 JRE (21.0.9+10-LTS), built on 2025-10-21T00:00:00Z by "admin" with unknown MS VC++:1942

END.
