#
# There is insufficient memory for the Java Runtime Environment to continue.
# Native memory allocation (malloc) failed to allocate 32744 bytes. Error detail: Chunk::new
# Possible reasons:
#   The system is out of physical RAM or swap space
#   This process is running with CompressedOops enabled, and the Java Heap may be blocking the growth of the native heap
# Possible solutions:
#   Reduce memory load on the system
#   Increase physical memory or swap space
#   Check if swap backing store is full
#   Decrease Java heap size (-Xmx/-Xms)
#   Decrease number of Java threads
#   Decrease Java thread stack sizes (-Xss)
#   Set larger code cache with -XX:ReservedCodeCacheSize=
#   JVM is running with Unscaled Compressed Oops mode in which the Java heap is
#     placed in the first 4GB address space. The Java Heap base address is the
#     maximum limit for the native heap growth. Please use -XX:HeapBaseMinAddress
#     to set the Java Heap base and to place the Java Heap above 4GB virtual address.
# This output file may be truncated or incomplete.
#
#  Out of Memory Error (arena.cpp:168), pid=7740, tid=8296
#
# JRE version: OpenJDK Runtime Environment Temurin-21.0.9+10 (21.0.9+10) (build 21.0.9+10-LTS)
# Java VM: OpenJDK 64-Bit Server VM Temurin-21.0.9+10 (21.0.9+10-LTS, mixed mode, sharing, tiered, compressed oops, compressed class ptrs, parallel gc, windows-amd64)
# No core dump will be written. Minidumps are not enabled by default on client versions of Windows
#

---------------  S U M M A R Y ------------

Command Line: --add-modules=ALL-SYSTEM --add-opens=java.base/java.util=ALL-UNNAMED --add-opens=java.base/java.lang=ALL-UNNAMED --add-opens=java.base/sun.nio.fs=ALL-UNNAMED -Declipse.application=org.eclipse.jdt.ls.core.id1 -Dosgi.bundles.defaultStartLevel=4 -Declipse.product=org.eclipse.jdt.ls.core.product -Djava.import.generatesMetadataFilesAtProjectRoot=false -DDetectVMInstallationsJob.disabled=true -Dfile.encoding=utf8 -XX:+UseParallelGC -XX:GCTimeRatio=4 -XX:AdaptiveSizePolicyWeight=90 -Dsun.zip.disableMemoryMapping=true -Xmx2G -Xms100m -Xlog:disable -javaagent:c:\Users\Windows 11\.vscode\extensions\redhat.java-1.50.0-win32-x64\lombok\lombok-1.18.39-4050.jar c:\Users\Windows 11\.vscode\extensions\redhat.java-1.50.0-win32-x64\server\plugins\org.eclipse.equinox.launcher_1.7.100.v20251111-0406.jar -configuration c:\Users\Windows 11\AppData\Roaming\Code\User\globalStorage\redhat.java\1.50.0\config_ss_win -data c:\Users\Windows 11\AppData\Roaming\Code\User\workspaceStorage\c73543d6d93c52d8039c0b5be2055d3d\redhat.java\ss_ws --pipe=\\.\pipe\lsp-a7f1793abd6220bf1b1cefe10a3847b9-sock

Host: Intel(R) Core(TM) i5-8350U CPU @ 1.70GHz, 8 cores, 7G,  Windows 11 , 64 bit Build 22621 (10.0.22621.5415)
Time: Thu Dec  4 12:11:37 2025 SE Asia Standard Time elapsed time: 1.003519 seconds (0d 0h 0m 1s)

---------------  T H R E A D  ---------------

Current thread (0x000001ee6862e4d0):  JavaThread "C2 CompilerThread0" daemon [_thread_in_native, id=8296, stack(0x0000001fc6c00000,0x0000001fc6d00000) (1024K)]


Current CompileTask:
C2:1003  530 %     4       lombok.launch.PackageShader::apply @ 76 (252 bytes)

Stack: [0x0000001fc6c00000,0x0000001fc6d00000]
Native frames: (J=compiled Java code, j=interpreted, Vv=VM code, C=native code)
V  [jvm.dll+0x6d6e29]
V  [jvm.dll+0x8b4b76]
V  [jvm.dll+0x8b712e]
V  [jvm.dll+0x8b7813]
V  [jvm.dll+0x283d86]
V  [jvm.dll+0xc66ed]
V  [jvm.dll+0xc6c31]
V  [jvm.dll+0x1e2ff0]
V  [jvm.dll+0x72088a]
V  [jvm.dll+0x1e3c61]
V  [jvm.dll+0x24c0f3]
V  [jvm.dll+0x24b580]
V  [jvm.dll+0x1cb13e]
V  [jvm.dll+0x25b29d]
V  [jvm.dll+0x25982a]
V  [jvm.dll+0x3f7ea6]
V  [jvm.dll+0x85e9ad]
V  [jvm.dll+0x6d565d]
C  [ucrtbase.dll+0x29333]
C  [KERNEL32.DLL+0x1259d]
C  [ntdll.dll+0x5af78]


---------------  P R O C E S S  ---------------

Threads class SMR info:
_java_thread_list=0x000001ee6e326da0, length=12, elements={
0x000001ee51b937c0, 0x000001ee51c4c610, 0x000001ee51c4de10, 0x000001ee686050a0,
0x000001ee68606fb0, 0x000001ee68607ec0, 0x000001ee6860d690, 0x000001ee6862e4d0,
0x000001ee6e020610, 0x000001ee6e1d0b10, 0x000001ee6e311cc0, 0x000001ee6e420690
}

Java Threads: ( => current thread )
  0x000001ee51b937c0 JavaThread "main"                              [_thread_in_vm, id=1112, stack(0x0000001fc6200000,0x0000001fc6300000) (1024K)]
  0x000001ee51c4c610 JavaThread "Reference Handler"          daemon [_thread_blocked, id=20496, stack(0x0000001fc6600000,0x0000001fc6700000) (1024K)]
  0x000001ee51c4de10 JavaThread "Finalizer"                  daemon [_thread_blocked, id=22360, stack(0x0000001fc6700000,0x0000001fc6800000) (1024K)]
  0x000001ee686050a0 JavaThread "Signal Dispatcher"          daemon [_thread_blocked, id=8264, stack(0x0000001fc6800000,0x0000001fc6900000) (1024K)]
  0x000001ee68606fb0 JavaThread "Attach Listener"            daemon [_thread_blocked, id=22232, stack(0x0000001fc6900000,0x0000001fc6a00000) (1024K)]
  0x000001ee68607ec0 JavaThread "Service Thread"             daemon [_thread_blocked, id=19920, stack(0x0000001fc6a00000,0x0000001fc6b00000) (1024K)]
  0x000001ee6860d690 JavaThread "Monitor Deflation Thread"   daemon [_thread_blocked, id=21132, stack(0x0000001fc6b00000,0x0000001fc6c00000) (1024K)]
=>0x000001ee6862e4d0 JavaThread "C2 CompilerThread0"         daemon [_thread_in_native, id=8296, stack(0x0000001fc6c00000,0x0000001fc6d00000) (1024K)]
  0x000001ee6e020610 JavaThread "C1 CompilerThread0"         daemon [_thread_blocked, id=15752, stack(0x0000001fc6d00000,0x0000001fc6e00000) (1024K)]
  0x000001ee6e1d0b10 JavaThread "Common-Cleaner"             daemon [_thread_blocked, id=20384, stack(0x0000001fc6e00000,0x0000001fc6f00000) (1024K)]
  0x000001ee6e311cc0 JavaThread "Notification Thread"        daemon [_thread_blocked, id=1092, stack(0x0000001fc6f00000,0x0000001fc7000000) (1024K)]
  0x000001ee6e420690 JavaThread "C2 CompilerThread1"         daemon [_thread_blocked, id=22272, stack(0x0000001fc7000000,0x0000001fc7100000) (1024K)]
Total: 12

Other Threads:
  0x000001ee51c339c0 VMThread "VM Thread"                           [id=17452, stack(0x0000001fc6500000,0x0000001fc6600000) (1024K)]
  0x000001ee6851ca00 WatcherThread "VM Periodic Task Thread"        [id=6800, stack(0x0000001fc6400000,0x0000001fc6500000) (1024K)]
  0x000001ee51bb3de0 WorkerThread "GC Thread#0"                     [id=15960, stack(0x0000001fc6300000,0x0000001fc6400000) (1024K)]
Total: 3

Threads with active compile tasks:
C2 CompilerThread0  1049  530 %     4       lombok.launch.PackageShader::apply @ 76 (252 bytes)
Total: 1

VM state: not at safepoint (normal execution)

VM Mutex/Monitor currently owned by a thread:  ([mutex/lock_event])
[0x00007fffd48ab4f0] Metaspace_lock - owner thread: 0x000001ee51b937c0

Heap address: 0x0000000080000000, size: 2048 MB, Compressed Oops mode: 32-bit

CDS archive(s) mapped at: [0x000001ee00000000-0x000001ee00ba0000-0x000001ee00ba0000), size 12189696, SharedBaseAddress: 0x000001ee00000000, ArchiveRelocationMode: 1.
Compressed class space mapped at: 0x000001ee01000000-0x000001ee41000000, reserved size: 1073741824
Narrow klass base: 0x000001ee00000000, Narrow klass shift: 0, Narrow klass range: 0x100000000

GC Precious Log:
 CardTable entry size: 512
 CPUs: 8 total, 8 available
 Memory: 8071M
 Large Page Support: Disabled
 NUMA Support: Disabled
 Compressed Oops: Enabled (32-bit)
 Alignments: Space 512K, Generation 512K, Heap 2M
 Heap Min Capacity: 100M
 Heap Initial Capacity: 100M
 Heap Max Capacity: 2G
 Pre-touch: Disabled
 Parallel Workers: 8

Heap:
 PSYoungGen      total 29696K, used 9884K [0x00000000d5580000, 0x00000000d7680000, 0x0000000100000000)
  eden space 25600K, 38% used [0x00000000d5580000,0x00000000d5f27288,0x00000000d6e80000)
  from space 4096K, 0% used [0x00000000d7280000,0x00000000d7280000,0x00000000d7680000)
  to   space 4096K, 0% used [0x00000000d6e80000,0x00000000d6e80000,0x00000000d7280000)
 ParOldGen       total 68608K, used 0K [0x0000000080000000, 0x0000000084300000, 0x00000000d5580000)
  object space 68608K, 0% used [0x0000000080000000,0x0000000080000000,0x0000000084300000)
 Metaspace       used 1172K, committed 1344K, reserved 1114112K
  class space    used 104K, committed 192K, reserved 1048576K

Card table byte_map: [0x000001ee51560000,0x000001ee51970000] _byte_map_base: 0x000001ee51160000

Marking Bits: (ParMarkBitMap*) 0x00007fffd48b2460
 Begin Bits: [0x000001ee64040000, 0x000001ee66040000)
 End Bits:   [0x000001ee66040000, 0x000001ee68040000)

Polling page: 0x000001ee51350000

Metaspace:

Usage:
  Non-class:      1.04 MB used.
      Class:    104.11 KB used.
       Both:      1.15 MB used.

Virtual space:
  Non-class space:       64.00 MB reserved,       1.12 MB (  2%) committed,  1 nodes.
      Class space:        1.00 GB reserved,     192.00 KB ( <1%) committed,  1 nodes.
             Both:        1.06 GB reserved,       1.31 MB ( <1%) committed. 

Chunk freelists:
   Non-Class:  11.66 MB
       Class:  15.67 MB
        Both:  27.33 MB

MaxMetaspaceSize: unlimited
CompressedClassSpaceSize: 1.00 GB
Initial GC threshold: 21.00 MB
Current GC threshold: 21.00 MB
CDS: on
 - commit_granule_bytes: 65536.
 - commit_granule_words: 8192.
 - virtual_space_node_default_size: 8388608.
 - enlarge_chunks_in_place: 1.
 - use_allocation_guard: 0.


Internal statistics:

num_allocs_failed_limit: 0.
num_arena_births: 74.
num_arena_deaths: 0.
num_vsnodes_births: 2.
num_vsnodes_deaths: 0.
num_space_committed: 21.
num_space_uncommitted: 0.
num_chunks_returned_to_freelist: 0.
num_chunks_taken_from_freelist: 96.
num_chunk_merges: 0.
num_chunk_splits: 67.
num_chunks_enlarged: 43.
num_inconsistent_stats: 0.

CodeHeap 'non-profiled nmethods': size=120000Kb used=183Kb max_used=183Kb free=119816Kb
 bounds [0x000001ee5c860000, 0x000001ee5cad0000, 0x000001ee63d90000]
CodeHeap 'profiled nmethods': size=120000Kb used=815Kb max_used=815Kb free=119185Kb
 bounds [0x000001ee54d90000, 0x000001ee55000000, 0x000001ee5c2c0000]
CodeHeap 'non-nmethods': size=5760Kb used=1151Kb max_used=1166Kb free=4608Kb
 bounds [0x000001ee5c2c0000, 0x000001ee5c530000, 0x000001ee5c860000]
CodeCache: size=245760Kb, used=2149Kb, max_used=2164Kb, free=243609Kb
 total_blobs=968, nmethods=569, adapters=306, full_count=0
Compilation: enabled, stopped_count=0, restarted_count=0

Compilation events (20 events):
Event: 0.992 Thread 0x000001ee6e020610 nmethod 548 0x000001ee5c88bb10 code [0x000001ee5c88bca0, 0x000001ee5c88bd70]
Event: 0.992 Thread 0x000001ee6e020610  549       3       java.lang.String::indexOf (64 bytes)
Event: 0.993 Thread 0x000001ee6e020610 nmethod 549 0x000001ee54e51510 code [0x000001ee54e51720, 0x000001ee54e51bd0]
Event: 0.993 Thread 0x000001ee6e020610  550       3       java.lang.StringLatin1::indexOf (25 bytes)
Event: 0.993 Thread 0x000001ee6e020610 nmethod 550 0x000001ee54e51d90 code [0x000001ee54e51f60, 0x000001ee54e52150]
Event: 0.993 Thread 0x000001ee6e020610  551       3       java.util.ArrayList::get (15 bytes)
Event: 0.993 Thread 0x000001ee6e020610 nmethod 551 0x000001ee54e52210 code [0x000001ee54e523c0, 0x000001ee54e52618]
Event: 0.993 Thread 0x000001ee6e020610  552       3       java.lang.String::contains (19 bytes)
Event: 0.994 Thread 0x000001ee6e020610 nmethod 552 0x000001ee54e52790 code [0x000001ee54e52960, 0x000001ee54e52bd0]
Event: 0.994 Thread 0x000001ee6e020610  553       3       java.util.Collections$UnmodifiableCollection::<init> (22 bytes)
Event: 0.994 Thread 0x000001ee6e020610 nmethod 553 0x000001ee54e52c90 code [0x000001ee54e52e40, 0x000001ee54e530c0]
Event: 0.994 Thread 0x000001ee6e020610  554       3       java.util.Collections$UnmodifiableCollection$1::next (10 bytes)
Event: 0.994 Thread 0x000001ee6e020610 nmethod 554 0x000001ee54e53210 code [0x000001ee54e533c0, 0x000001ee54e53598]
Event: 0.995 Thread 0x000001ee6e020610  555       3       lombok.patcher.Hook::toSpec (95 bytes)
Event: 0.996 Thread 0x000001ee6e020610 nmethod 555 0x000001ee54e53690 code [0x000001ee54e539c0, 0x000001ee54e54988]
Event: 0.996 Thread 0x000001ee6e020610  556       3       java.util.Collections::unmodifiableList (51 bytes)
Event: 0.997 Thread 0x000001ee6e020610 nmethod 556 0x000001ee54e55010 code [0x000001ee54e55260, 0x000001ee54e55c98]
Event: 0.997 Thread 0x000001ee6e020610  557       3       java.util.Collections$UnmodifiableRandomAccessList::<init> (6 bytes)
Event: 0.997 Thread 0x000001ee6e020610 nmethod 557 0x000001ee54e55f90 code [0x000001ee54e56160, 0x000001ee54e564c0]
Event: 0.998 Thread 0x000001ee6e020610  558   !   3       java.lang.String::replace (258 bytes)

GC Heap History (0 events):
No events

Dll operation events (8 events):
Event: 0.034 Loaded shared library c:\Users\Windows 11\.vscode\extensions\redhat.java-1.50.0-win32-x64\jre\21.0.9-win32-x86_64\bin\java.dll
Event: 0.249 Loaded shared library c:\Users\Windows 11\.vscode\extensions\redhat.java-1.50.0-win32-x64\jre\21.0.9-win32-x86_64\bin\zip.dll
Event: 0.310 Loaded shared library C:\Users\Windows 11\.vscode\extensions\redhat.java-1.50.0-win32-x64\jre\21.0.9-win32-x86_64\bin\instrument.dll
Event: 0.320 Loaded shared library C:\Users\Windows 11\.vscode\extensions\redhat.java-1.50.0-win32-x64\jre\21.0.9-win32-x86_64\bin\net.dll
Event: 0.325 Loaded shared library C:\Users\Windows 11\.vscode\extensions\redhat.java-1.50.0-win32-x64\jre\21.0.9-win32-x86_64\bin\nio.dll
Event: 0.335 Loaded shared library C:\Users\Windows 11\.vscode\extensions\redhat.java-1.50.0-win32-x64\jre\21.0.9-win32-x86_64\bin\zip.dll
Event: 0.397 Loaded shared library C:\Users\Windows 11\.vscode\extensions\redhat.java-1.50.0-win32-x64\jre\21.0.9-win32-x86_64\bin\jimage.dll
Event: 0.701 Loaded shared library c:\Users\Windows 11\.vscode\extensions\redhat.java-1.50.0-win32-x64\jre\21.0.9-win32-x86_64\bin\verify.dll

Deoptimization events (20 events):
Event: 0.409 Thread 0x000001ee51b937c0 DEOPT PACKING pc=0x000001ee54dc9349 sp=0x0000001fc62fe770
Event: 0.409 Thread 0x000001ee51b937c0 DEOPT UNPACKING pc=0x000001ee5c314242 sp=0x0000001fc62fdbf8 mode 0
Event: 0.410 Thread 0x000001ee51b937c0 DEOPT PACKING pc=0x000001ee54dc9349 sp=0x0000001fc62fe770
Event: 0.410 Thread 0x000001ee51b937c0 DEOPT UNPACKING pc=0x000001ee5c314242 sp=0x0000001fc62fdbf8 mode 0
Event: 0.412 Thread 0x000001ee51b937c0 DEOPT PACKING pc=0x000001ee54dc9349 sp=0x0000001fc62fe770
Event: 0.412 Thread 0x000001ee51b937c0 DEOPT UNPACKING pc=0x000001ee5c314242 sp=0x0000001fc62fdbf8 mode 0
Event: 0.414 Thread 0x000001ee51b937c0 DEOPT PACKING pc=0x000001ee54dc9349 sp=0x0000001fc62fe770
Event: 0.414 Thread 0x000001ee51b937c0 DEOPT UNPACKING pc=0x000001ee5c314242 sp=0x0000001fc62fdbf8 mode 0
Event: 0.999 Thread 0x000001ee51b937c0 Uncommon trap: trap_request=0xffffff45 fr.pc=0x000001ee5c871464 relative=0x00000000000000c4
Event: 0.999 Thread 0x000001ee51b937c0 Uncommon trap: reason=unstable_if action=reinterpret pc=0x000001ee5c871464 method=java.lang.String.isLatin1()Z @ 10 c2
Event: 0.999 Thread 0x000001ee51b937c0 DEOPT PACKING pc=0x000001ee5c871464 sp=0x0000001fc62ff300
Event: 0.999 Thread 0x000001ee51b937c0 DEOPT UNPACKING pc=0x000001ee5c313aa2 sp=0x0000001fc62ff240 mode 2
Event: 1.000 Thread 0x000001ee51b937c0 Uncommon trap: trap_request=0xffffffde fr.pc=0x000001ee5c86fbe8 relative=0x00000000000007c8
Event: 1.000 Thread 0x000001ee51b937c0 Uncommon trap: reason=class_check action=maybe_recompile pc=0x000001ee5c86fbe8 method=java.util.HashMap.putVal(ILjava/lang/Object;Ljava/lang/Object;ZZ)Ljava/lang/Object; @ 152 c2
Event: 1.000 Thread 0x000001ee51b937c0 DEOPT PACKING pc=0x000001ee5c86fbe8 sp=0x0000001fc62ff130
Event: 1.001 Thread 0x000001ee51b937c0 DEOPT UNPACKING pc=0x000001ee5c313aa2 sp=0x0000001fc62ff090 mode 2
Event: 1.001 Thread 0x000001ee51b937c0 Uncommon trap: trap_request=0xffffffde fr.pc=0x000001ee5c86fbe8 relative=0x00000000000007c8
Event: 1.001 Thread 0x000001ee51b937c0 Uncommon trap: reason=class_check action=maybe_recompile pc=0x000001ee5c86fbe8 method=java.util.HashMap.putVal(ILjava/lang/Object;Ljava/lang/Object;ZZ)Ljava/lang/Object; @ 152 c2
Event: 1.001 Thread 0x000001ee51b937c0 DEOPT PACKING pc=0x000001ee5c86fbe8 sp=0x0000001fc62ff130
Event: 1.001 Thread 0x000001ee51b937c0 DEOPT UNPACKING pc=0x000001ee5c313aa2 sp=0x0000001fc62ff090 mode 2

Classes loaded (20 events):
Event: 0.709 Loading class java/lang/IllegalAccessException
Event: 0.710 Loading class java/lang/IllegalAccessException done
Event: 0.720 Loading class java/lang/IllegalStateException
Event: 0.720 Loading class java/lang/IllegalStateException done
Event: 0.734 Loading class java/lang/UnsupportedOperationException
Event: 0.734 Loading class java/lang/UnsupportedOperationException done
Event: 0.737 Loading class java/lang/instrument/ClassFileTransformer
Event: 0.737 Loading class java/lang/instrument/ClassFileTransformer done
Event: 0.770 Loading class java/lang/instrument/UnmodifiableClassException
Event: 0.770 Loading class java/lang/instrument/UnmodifiableClassException done
Event: 0.770 Loading class java/lang/instrument/ClassDefinition
Event: 0.770 Loading class java/lang/instrument/ClassDefinition done
Event: 0.786 Loading class java/lang/invoke/WrongMethodTypeException
Event: 0.786 Loading class java/lang/invoke/WrongMethodTypeException done
Event: 0.822 Loading class java/util/regex/Pattern$Loop
Event: 0.822 Loading class java/util/regex/Pattern$Loop done
Event: 0.822 Loading class java/util/regex/Pattern$Prolog
Event: 0.822 Loading class java/util/regex/Pattern$Prolog done
Event: 0.997 Loading class jdk/internal/vm/PostVMInitHook
Event: 0.997 Loading class jdk/internal/vm/PostVMInitHook done

Classes unloaded (0 events):
No events

Classes redefined (0 events):
No events

Internal exceptions (11 events):
Event: 0.217 Thread 0x000001ee51b937c0 Exception <a 'java/lang/NoSuchMethodError'{0x00000000d57a9570}: 'void java.lang.invoke.DirectMethodHandle$Holder.invokeStatic(java.lang.Object, java.lang.Object, java.lang.Object)'> (0x00000000d57a9570) 
thrown [s\src\hotspot\share\interpreter\linkResolver.cpp, line 773]
Event: 0.373 Thread 0x000001ee51b937c0 Exception <a 'java/lang/NoSuchMethodError'{0x00000000d5914008}: 'java.lang.Object java.lang.invoke.Invokers$Holder.invokeExact_MT(java.lang.Object, java.lang.Object, java.lang.Object, java.lang.Object, java.lang.Object)'> (0x00000000d5914008) 
thrown [s\src\hotspot\share\interpreter\linkResolver.cpp, line 773]
Event: 0.492 Thread 0x000001ee51b937c0 Exception <a 'java/lang/NoSuchMethodError'{0x00000000d59ceea8}: 'int java.lang.invoke.DirectMethodHandle$Holder.invokeSpecial(java.lang.Object, java.lang.Object, java.lang.Object, int)'> (0x00000000d59ceea8) 
thrown [s\src\hotspot\share\interpreter\linkResolver.cpp, line 773]
Event: 0.497 Thread 0x000001ee51b937c0 Exception <a 'java/lang/NoSuchMethodError'{0x00000000d59e1890}: 'java.lang.Object java.lang.invoke.DirectMethodHandle$Holder.invokeStatic(java.lang.Object, java.lang.Object, java.lang.Object, java.lang.Object, int)'> (0x00000000d59e1890) 
thrown [s\src\hotspot\share\interpreter\linkResolver.cpp, line 773]
Event: 0.500 Thread 0x000001ee51b937c0 Exception <a 'java/lang/NoSuchMethodError'{0x00000000d59eccd0}: 'void java.lang.invoke.DelegatingMethodHandle$Holder.reinvoke_L(java.lang.Object, java.lang.Object, java.lang.Object, int, java.lang.Object)'> (0x00000000d59eccd0) 
thrown [s\src\hotspot\share\interpreter\linkResolver.cpp, line 773]
Event: 0.501 Thread 0x000001ee51b937c0 Exception <a 'java/lang/NoSuchMethodError'{0x00000000d59f0708}: 'int java.lang.invoke.DirectMethodHandle$Holder.invokeSpecial(java.lang.Object, java.lang.Object, java.lang.Object)'> (0x00000000d59f0708) 
thrown [s\src\hotspot\share\interpreter\linkResolver.cpp, line 773]
Event: 0.511 Thread 0x000001ee51b937c0 Exception <a 'java/lang/NoSuchMethodError'{0x00000000d5a093f8}: 'java.lang.Object java.lang.invoke.DirectMethodHandle$Holder.invokeStatic(java.lang.Object, java.lang.Object, int)'> (0x00000000d5a093f8) 
thrown [s\src\hotspot\share\interpreter\linkResolver.cpp, line 773]
Event: 0.513 Thread 0x000001ee51b937c0 Exception <a 'java/lang/NoSuchMethodError'{0x00000000d5a0dd48}: 'void java.lang.invoke.DirectMethodHandle$Holder.invokeStatic(java.lang.Object, java.lang.Object, int, java.lang.Object)'> (0x00000000d5a0dd48) 
thrown [s\src\hotspot\share\interpreter\linkResolver.cpp, line 773]
Event: 0.514 Thread 0x000001ee51b937c0 Exception <a 'java/lang/NoSuchMethodError'{0x00000000d5a11b38}: 'void java.lang.invoke.DirectMethodHandle$Holder.invokeSpecial(java.lang.Object, java.lang.Object, java.lang.Object, int, java.lang.Object)'> (0x00000000d5a11b38) 
thrown [s\src\hotspot\share\interpreter\linkResolver.cpp, line 773]
Event: 0.514 Thread 0x000001ee51b937c0 Exception <a 'java/lang/NoSuchMethodError'{0x00000000d5a14fa8}: 'void java.lang.invoke.DelegatingMethodHandle$Holder.delegate(java.lang.Object, java.lang.Object, int, java.lang.Object)'> (0x00000000d5a14fa8) 
thrown [s\src\hotspot\share\interpreter\linkResolver.cpp, line 773]
Event: 0.780 Thread 0x000001ee51b937c0 Exception <a 'java/lang/NoSuchMethodError'{0x00000000d5be2400}: 'void java.lang.invoke.DelegatingMethodHandle$Holder.reinvoke_L(java.lang.Object, java.lang.Object, java.lang.Object, int)'> (0x00000000d5be2400) 
thrown [s\src\hotspot\share\interpreter\linkResolver.cpp, line 773]

ZGC Phase Switch (0 events):
No events

VM Operations (4 events):
Event: 0.246 Executing VM operation: HandshakeAllThreads (Deoptimize)
Event: 0.246 Executing VM operation: HandshakeAllThreads (Deoptimize) done
Event: 0.432 Executing VM operation: HandshakeAllThreads (Deoptimize)
Event: 0.432 Executing VM operation: HandshakeAllThreads (Deoptimize) done

Memory protections (0 events):
No events

Nmethod flushes (0 events):
No events

Events (13 events):
Event: 0.078 Thread 0x000001ee51b937c0 Thread added: 0x000001ee51b937c0
Event: 0.129 Thread 0x000001ee51b937c0 Thread added: 0x000001ee51c4c610
Event: 0.129 Thread 0x000001ee51b937c0 Thread added: 0x000001ee51c4de10
Event: 0.130 Thread 0x000001ee51b937c0 Thread added: 0x000001ee686050a0
Event: 0.130 Thread 0x000001ee51b937c0 Thread added: 0x000001ee68606fb0
Event: 0.130 Thread 0x000001ee51b937c0 Thread added: 0x000001ee68607ec0
Event: 0.130 Thread 0x000001ee51b937c0 Thread added: 0x000001ee6860d690
Event: 0.131 Thread 0x000001ee51b937c0 Thread added: 0x000001ee6862e4d0
Event: 0.132 Thread 0x000001ee51b937c0 Thread added: 0x000001ee6e020610
Event: 0.315 Thread 0x000001ee51b937c0 Thread added: 0x000001ee6e1d0b10
Event: 0.570 Thread 0x000001ee6862e4d0 Thread added: 0x000001ee6e2902f0
Event: 0.758 Thread 0x000001ee6e2902f0 Thread exited: 0x000001ee6e2902f0
Event: 0.997 Thread 0x000001ee51b937c0 Thread added: 0x000001ee6e311cc0


Dynamic libraries:
0x00007ff6abeb0000 - 0x00007ff6abebe000 	c:\Users\Windows 11\.vscode\extensions\redhat.java-1.50.0-win32-x64\jre\21.0.9-win32-x86_64\bin\java.exe
0x00007ff852990000 - 0x00007ff852ba8000 	C:\Windows\SYSTEM32\ntdll.dll
0x00007ff850df0000 - 0x00007ff850eb4000 	C:\Windows\System32\KERNEL32.DLL
0x00007ff84ff40000 - 0x00007ff850313000 	C:\Windows\System32\KERNELBASE.dll
0x00007ff84fc80000 - 0x00007ff84fd91000 	C:\Windows\System32\ucrtbase.dll
0x00007ff83bff0000 - 0x00007ff83c008000 	c:\Users\Windows 11\.vscode\extensions\redhat.java-1.50.0-win32-x64\jre\21.0.9-win32-x86_64\bin\jli.dll
0x00007ff850930000 - 0x00007ff850ae2000 	C:\Windows\System32\USER32.dll
0x00007ff84ff10000 - 0x00007ff84ff36000 	C:\Windows\System32\win32u.dll
0x00007ff852660000 - 0x00007ff852689000 	C:\Windows\System32\GDI32.dll
0x00007ff850500000 - 0x00007ff850623000 	C:\Windows\System32\gdi32full.dll
0x00007ff850460000 - 0x00007ff8504fa000 	C:\Windows\System32\msvcp_win.dll
0x00007ff83b510000 - 0x00007ff83b52e000 	c:\Users\Windows 11\.vscode\extensions\redhat.java-1.50.0-win32-x64\jre\21.0.9-win32-x86_64\bin\VCRUNTIME140.dll
0x00007ff83d330000 - 0x00007ff83d5cc000 	C:\Windows\WinSxS\amd64_microsoft.windows.common-controls_6595b64144ccf1df_6.0.22621.6060_none_2712eda17382d24b\COMCTL32.dll
0x00007ff851c60000 - 0x00007ff851d07000 	C:\Windows\System32\msvcrt.dll
0x00007ff852690000 - 0x00007ff8526c1000 	C:\Windows\System32\IMM32.DLL
0x00007ff83b4d0000 - 0x00007ff83b4dc000 	c:\Users\Windows 11\.vscode\extensions\redhat.java-1.50.0-win32-x64\jre\21.0.9-win32-x86_64\bin\vcruntime140_1.dll
0x00007ff820aa0000 - 0x00007ff820b2d000 	c:\Users\Windows 11\.vscode\extensions\redhat.java-1.50.0-win32-x64\jre\21.0.9-win32-x86_64\bin\msvcp140.dll
0x00007fffd3bf0000 - 0x00007fffd4990000 	c:\Users\Windows 11\.vscode\extensions\redhat.java-1.50.0-win32-x64\jre\21.0.9-win32-x86_64\bin\server\jvm.dll
0x00007ff851050000 - 0x00007ff851101000 	C:\Windows\System32\ADVAPI32.dll
0x00007ff850630000 - 0x00007ff8506d8000 	C:\Windows\System32\sechost.dll
0x00007ff84fc50000 - 0x00007ff84fc78000 	C:\Windows\System32\bcrypt.dll
0x00007ff851110000 - 0x00007ff851228000 	C:\Windows\System32\RPCRT4.dll
0x00007ff850c90000 - 0x00007ff850d01000 	C:\Windows\System32\WS2_32.dll
0x00007ff84e880000 - 0x00007ff84e8cd000 	C:\Windows\SYSTEM32\POWRPROF.dll
0x00007ff84b090000 - 0x00007ff84b0c4000 	C:\Windows\SYSTEM32\WINMM.dll
0x00007ff847900000 - 0x00007ff84790a000 	C:\Windows\SYSTEM32\VERSION.dll
0x00007ff84e860000 - 0x00007ff84e873000 	C:\Windows\SYSTEM32\UMPDC.dll
0x00007ff84eab0000 - 0x00007ff84eac8000 	C:\Windows\SYSTEM32\kernel.appcore.dll
0x00007ff83ac50000 - 0x00007ff83ac5a000 	c:\Users\Windows 11\.vscode\extensions\redhat.java-1.50.0-win32-x64\jre\21.0.9-win32-x86_64\bin\jimage.dll
0x00007ff84d250000 - 0x00007ff84d483000 	C:\Windows\SYSTEM32\DBGHELP.DLL
0x00007ff851820000 - 0x00007ff851bb2000 	C:\Windows\System32\combase.dll
0x00007ff850d10000 - 0x00007ff850de8000 	C:\Windows\System32\OLEAUT32.dll
0x00007ff837740000 - 0x00007ff837772000 	C:\Windows\SYSTEM32\dbgcore.DLL
0x00007ff84fa90000 - 0x00007ff84fb0b000 	C:\Windows\System32\bcryptPrimitives.dll
0x00007ff838390000 - 0x00007ff83839f000 	c:\Users\Windows 11\.vscode\extensions\redhat.java-1.50.0-win32-x64\jre\21.0.9-win32-x86_64\bin\instrument.dll
0x00007ff835000000 - 0x00007ff835020000 	c:\Users\Windows 11\.vscode\extensions\redhat.java-1.50.0-win32-x64\jre\21.0.9-win32-x86_64\bin\java.dll
0x00007ff851da0000 - 0x00007ff85263e000 	C:\Windows\System32\SHELL32.dll
0x00007ff850320000 - 0x00007ff85045f000 	C:\Windows\System32\wintypes.dll
0x00007ff84d930000 - 0x00007ff84e248000 	C:\Windows\SYSTEM32\windows.storage.dll
0x00007ff850ec0000 - 0x00007ff850fc4000 	C:\Windows\System32\SHCORE.dll
0x00007ff852830000 - 0x00007ff852899000 	C:\Windows\System32\shlwapi.dll
0x00007ff84f9c0000 - 0x00007ff84f9e5000 	C:\Windows\SYSTEM32\profapi.dll
0x00007ff834300000 - 0x00007ff834318000 	c:\Users\Windows 11\.vscode\extensions\redhat.java-1.50.0-win32-x64\jre\21.0.9-win32-x86_64\bin\zip.dll
0x00007ff8377a0000 - 0x00007ff8377b0000 	C:\Users\Windows 11\.vscode\extensions\redhat.java-1.50.0-win32-x64\jre\21.0.9-win32-x86_64\bin\net.dll
0x00007ff84b3f0000 - 0x00007ff84b51c000 	C:\Windows\SYSTEM32\WINHTTP.dll
0x00007ff84efd0000 - 0x00007ff84f039000 	C:\Windows\system32\mswsock.dll
0x00007ff8311b0000 - 0x00007ff8311c6000 	C:\Users\Windows 11\.vscode\extensions\redhat.java-1.50.0-win32-x64\jre\21.0.9-win32-x86_64\bin\nio.dll
0x00007ff8311a0000 - 0x00007ff8311b0000 	c:\Users\Windows 11\.vscode\extensions\redhat.java-1.50.0-win32-x64\jre\21.0.9-win32-x86_64\bin\verify.dll

JVMTI agents:
c:\Users\Windows 11\.vscode\extensions\redhat.java-1.50.0-win32-x64\lombok\lombok-1.18.39-4050.jar path:c:\Users\Windows 11\.vscode\extensions\redhat.java-1.50.0-win32-x64\jre\21.0.9-win32-x86_64\bin\instrument.dll, loaded, initialized, instrumentlib options:none

dbghelp: loaded successfully - version: 4.0.5 - missing functions: none
symbol engine: initialized successfully - sym options: 0x614 - pdb path: .;c:\Users\Windows 11\.vscode\extensions\redhat.java-1.50.0-win32-x64\jre\21.0.9-win32-x86_64\bin;C:\Windows\SYSTEM32;C:\Windows\WinSxS\amd64_microsoft.windows.common-controls_6595b64144ccf1df_6.0.22621.6060_none_2712eda17382d24b;c:\Users\Windows 11\.vscode\extensions\redhat.java-1.50.0-win32-x64\jre\21.0.9-win32-x86_64\bin\server

VM Arguments:
jvm_args: --add-modules=ALL-SYSTEM --add-opens=java.base/java.util=ALL-UNNAMED --add-opens=java.base/java.lang=ALL-UNNAMED --add-opens=java.base/sun.nio.fs=ALL-UNNAMED -Declipse.application=org.eclipse.jdt.ls.core.id1 -Dosgi.bundles.defaultStartLevel=4 -Declipse.product=org.eclipse.jdt.ls.core.product -Djava.import.generatesMetadataFilesAtProjectRoot=false -DDetectVMInstallationsJob.disabled=true -Dfile.encoding=utf8 -XX:+UseParallelGC -XX:GCTimeRatio=4 -XX:AdaptiveSizePolicyWeight=90 -Dsun.zip.disableMemoryMapping=true -Xmx2G -Xms100m -Xlog:disable -javaagent:c:\Users\Windows 11\.vscode\extensions\redhat.java-1.50.0-win32-x64\lombok\lombok-1.18.39-4050.jar 
java_command: c:\Users\Windows 11\.vscode\extensions\redhat.java-1.50.0-win32-x64\server\plugins\org.eclipse.equinox.launcher_1.7.100.v20251111-0406.jar -configuration c:\Users\Windows 11\AppData\Roaming\Code\User\globalStorage\redhat.java\1.50.0\config_ss_win -data c:\Users\Windows 11\AppData\Roaming\Code\User\workspaceStorage\c73543d6d93c52d8039c0b5be2055d3d\redhat.java\ss_ws --pipe=\\.\pipe\lsp-a7f1793abd6220bf1b1cefe10a3847b9-sock
java_class_path (initial): c:\Users\Windows 11\.vscode\extensions\redhat.java-1.50.0-win32-x64\server\plugins\org.eclipse.equinox.launcher_1.7.100.v20251111-0406.jar
Launcher Type: SUN_STANDARD

[Global flags]
    uintx AdaptiveSizePolicyWeight                 = 90                                        {product} {command line}
     intx CICompilerCount                          = 4                                         {product} {ergonomic}
    uintx GCTimeRatio                              = 4                                         {product} {command line}
   size_t InitialHeapSize                          = 104857600                                 {product} {command line}
   size_t MaxHeapSize                              = 2147483648                                {product} {command line}
   size_t MaxNewSize                               = 715653120                                 {product} {ergonomic}
   size_t MinHeapDeltaBytes                        = 524288                                    {product} {ergonomic}
   size_t MinHeapSize                              = 104857600                                 {product} {command line}
   size_t NewSize                                  = 34603008                                  {product} {ergonomic}
    uintx NonNMethodCodeHeapSize                   = 5839372                                {pd product} {ergonomic}
    uintx NonProfiledCodeHeapSize                  = 122909434                              {pd product} {ergonomic}
   size_t OldSize                                  = 70254592                                  {product} {ergonomic}
    uintx ProfiledCodeHeapSize                     = 122909434                              {pd product} {ergonomic}
    uintx ReservedCodeCacheSize                    = 251658240                              {pd product} {ergonomic}
     bool SegmentedCodeCache                       = true                                      {product} {ergonomic}
   size_t SoftMaxHeapSize                          = 2147483648                             {manageable} {ergonomic}
     bool UseCompressedOops                        = true                           {product lp64_product} {ergonomic}
     bool UseLargePagesIndividualAllocation        = false                                  {pd product} {ergonomic}
     bool UseParallelGC                            = true                                      {product} {command line}

Logging:
Log output configuration:
 #0: stdout all=off uptime,level,tags foldmultilines=false
 #1: stderr all=off uptime,level,tags foldmultilines=false

Release file:
<release file has not been read>
Environment Variables:
PATH=C:\Program Files\Common Files\Oracle\Java\javapath;C:\Windows\system32;C:\Windows;C:\Windows\System32\Wbem;C:\Windows\System32\WindowsPowerShell\v1.0\;C:\Windows\System32\OpenSSH\;C:\Program Files\Intel\WiFi\bin\;C:\Program Files\Common Files\Intel\WirelessCommon\;C:\Users\Windows 11\AppData\Local\Programs\Python\Python312;C:\Users\Windows 11\AppData\Local\Programs\Python\Python312\Scripts;C:\Program Files\dotnet\;C:\msys64\ucrt64\bin\;D:\Nodejs\;D:\Git\cmd;D:\SEMESTER 3 TEKNIK INFORMATIKA\KOMPUTER GRAFIK\PRAKTEK\dotnet;D:\Downloads\php-8.4.12-Win32-vs17-x64;D:\SEMESTER 3 TEKNIK INFORMATIKA\PROYEK-3-PBO\ComposerSetup;C:\Program Files\Java\jdk-17\bin;D:\xampp\php;D:\cursor\resources\app\bin;D:\SEMESTER 3 TEKNIK INFORMATIKA\PEMROGRAMAN-BERORIENTASI-OBJECT\maven\maven-mvnd-1.0.3-windows-amd64\mvn\bin;D:\Downloads\flutter_windows_3.29.0-stable\flutter\bin;C:\Users\Windows 11\scoop\shims;C:\Users\Windows 11\AppData\Local\Programs\Python\Python313\Scripts\;C:\Users\Windows 11\AppData\Local\Programs\Python\Python313\;C:\Users\Windows 11\AppData\Local\Programs\Python\Launcher\;C:\Users\Windows 11\AppData\Local\Microsoft\WindowsApps;D:\Microsoft VS Code\bin;C:\Users\Windows 11\AppData\Local\Programs\Python\Python312;C:\Users\Windows 11\AppData\Local\Programs\Python\Python312\Scripts;C:\Users\Windows 11\scoop\apps\scoop\current\bin\;C:\Users\Windows 11\scoop\apps\make\4.4.1\bin;C:\msys64\ucrt64\bin\;D:\IntelliJ IDEA 2024.3.1.1\bin;;D:\Downloads\kotlin-compiler-2.1.10\kotlinc\bin;C:\Users\Windows 11\AppData\Local\GitHubDesktop\bin;D:\Downloads\kotlin-compiler-2.1.10\kotlinc\lib;C:\msys64\usr\bin;C:\Users\Windows 11\AppData\Roaming\npm;C:\Users\Windows 11\.dotnet\tools;C:\Users\Windows 11\AppData\Roaming\Composer\vendor\bin
USERNAME=Windows 11
OS=Windows_NT
PROCESSOR_IDENTIFIER=Intel64 Family 6 Model 142 Stepping 10, GenuineIntel
TMP=C:\Users\WINDOW~1\AppData\Local\Temp
TEMP=C:\Users\WINDOW~1\AppData\Local\Temp




Periodic native trim disabled

---------------  S Y S T E M  ---------------

OS:
 Windows 11 , 64 bit Build 22621 (10.0.22621.5415)
OS uptime: 1 days 6:19 hours
Hyper-V role detected

CPU: total 8 (initial active 8) (4 cores per cpu, 2 threads per core) family 6 model 142 stepping 10 microcode 0xf6, cx8, cmov, fxsr, ht, mmx, 3dnowpref, sse, sse2, sse3, ssse3, sse4.1, sse4.2, popcnt, lzcnt, tsc, tscinvbit, avx, avx2, aes, erms, clmul, bmi1, bmi2, rtm, adx, fma, vzeroupper, clflush, clflushopt, hv, rdtscp, f16c
Processor Information for the first 8 processors :
  Max Mhz: 1896, Current Mhz: 1696, Mhz Limit: 1687

Memory: 4k page, system-wide physical 8071M (980M free)
TotalPageFile size 11835M (AvailPageFile size 219M)
current process WorkingSet (physical memory assigned to process): 47M, peak: 47M
current process commit charge ("private bytes"): 225M, peak: 225M

vm_info: OpenJDK 64-Bit Server VM (21.0.9+10-LTS) for windows-amd64 JRE (21.0.9+10-LTS), built on 2025-10-21T00:00:00Z by "admin" with unknown MS VC++:1942

END.
