#
# There is insufficient memory for the Java Runtime Environment to continue.
# Native memory allocation (mmap) failed to map 134217728 bytes for G1 virtual space
# Possible reasons:
#   The system is out of physical RAM or swap space
#   The process is running with CompressedOops enabled, and the Java Heap may be blocking the growth of the native heap
# Possible solutions:
#   Reduce memory load on the system
#   Increase physical memory or swap space
#   Check if swap backing store is full
#   Decrease Java heap size (-Xmx/-Xms)
#   Decrease number of Java threads
#   Decrease Java thread stack sizes (-Xss)
#   Set larger code cache with -XX:ReservedCodeCacheSize=
#   JVM is running with Unscaled Compressed Oops mode in which the Java heap is
#     placed in the first 4GB address space. The Java Heap base address is the
#     maximum limit for the native heap growth. Please use -XX:HeapBaseMinAddress
#     to set the Java Heap base and to place the Java Heap above 4GB virtual address.
# This output file may be truncated or incomplete.
#
#  Out of Memory Error (os_windows.cpp:3551), pid=19152, tid=19300
#
# JRE version:  (17.0.14+8) (build )
# Java VM: Java HotSpot(TM) 64-Bit Server VM (17.0.14+8-LTS-191, mixed mode, sharing, tiered, compressed oops, compressed class ptrs, g1 gc, windows-amd64)
# No core dump will be written. Minidumps are not enabled by default on client versions of Windows
#

---------------  S U M M A R Y ------------

Command Line: -Dfile.encoding=UTF-8 com.game.gui.GameWindow

Host: Intel(R) Core(TM) i5-8350U CPU @ 1.70GHz, 8 cores, 7G,  Windows 11 , 64 bit Build 22621 (10.0.22621.5415)
Time: Thu Nov 27 10:19:58 2025 SE Asia Standard Time elapsed time: 0.039964 seconds (0d 0h 0m 0s)

---------------  T H R E A D  ---------------

Current thread (0x000001cda34ca850):  JavaThread "Unknown thread" [_thread_in_vm, id=19300, stack(0x00000088e0300000,0x00000088e0400000)]

Stack: [0x00000088e0300000,0x00000088e0400000]
Native frames: (J=compiled Java code, j=interpreted, Vv=VM code, C=native code)
V  [jvm.dll+0x67a38a]
V  [jvm.dll+0x7da7ed]
V  [jvm.dll+0x7dc133]
V  [jvm.dll+0x7dc7a3]
V  [jvm.dll+0x24517f]
V  [jvm.dll+0x6773b9]
V  [jvm.dll+0x66c062]
V  [jvm.dll+0x302096]
V  [jvm.dll+0x309636]
V  [jvm.dll+0x359f8e]
V  [jvm.dll+0x35a1bf]
V  [jvm.dll+0x2d9168]
V  [jvm.dll+0x2da0d4]
V  [jvm.dll+0x7acf71]
V  [jvm.dll+0x3677f1]
V  [jvm.dll+0x78bdf9]
V  [jvm.dll+0x3ecbaf]
V  [jvm.dll+0x3ee7e1]
C  [jli.dll+0x5297]
C  [ucrtbase.dll+0x29333]
C  [KERNEL32.DLL+0x1259d]
C  [ntdll.dll+0x5af78]


---------------  P R O C E S S  ---------------

Threads class SMR info:
_java_thread_list=0x00007fff7ba88a18, length=0, elements={
}

Java Threads: ( => current thread )

Other Threads:
  0x000001cda3524270 GCTaskThread "GC Thread#0" [stack: 0x00000088e0400000,0x00000088e0500000] [id=20408]
  0x000001cda3535e10 ConcurrentGCThread "G1 Main Marker" [stack: 0x00000088e0500000,0x00000088e0600000] [id=19628]
  0x000001cda3536820 ConcurrentGCThread "G1 Conc#0" [stack: 0x00000088e0600000,0x00000088e0700000] [id=9944]

[error occurred during error reporting (printing all threads), id 0xc0000005, EXCEPTION_ACCESS_VIOLATION (0xc0000005) at pc=0x00007fff7b2b9c57]

VM state: not at safepoint (not fully initialized)

VM Mutex/Monitor currently owned by a thread:  ([mutex/lock_event])
[0x000001cda34c58d0] Heap_lock - owner thread: 0x000001cda34ca850

Heap address: 0x0000000081e00000, size: 2018 MB, Compressed Oops mode: 32-bit

CDS archive(s) mapped at: [0x0000000000000000-0x0000000000000000-0x0000000000000000), size 0, SharedBaseAddress: 0x0000000800000000, ArchiveRelocationMode: 1.
Narrow klass base: 0x0000000000000000, Narrow klass shift: 0, Narrow klass range: 0x0

GC Precious Log:
<Empty>

Heap:
 garbage-first heap   total 0K, used 0K [0x0000000081e00000, 0x0000000100000000)
  region size 1024K, 0 young (0K), 0 survivors (0K)

[error occurred during error reporting (printing heap information), id 0xc0000005, EXCEPTION_ACCESS_VIOLATION (0xc0000005) at pc=0x00007fff7b6a3b79]

GC Heap History (0 events):
No events

Deoptimization events (0 events):
No events

Classes unloaded (0 events):
No events

Classes redefined (0 events):
No events

Internal exceptions (0 events):
No events

VM Operations (0 events):
No events

Events (1 events):
Event: 0.019 Loaded shared library C:\Program Files\Java\jdk-17\bin\java.dll


Dynamic libraries:
0x00007ff763a90000 - 0x00007ff763aa0000 	C:\Program Files\Java\jdk-17\bin\java.exe
0x00007fffea8f0000 - 0x00007fffeab08000 	C:\Windows\SYSTEM32\ntdll.dll
0x00007fffe8910000 - 0x00007fffe89d4000 	C:\Windows\System32\KERNEL32.DLL
0x00007fffe7ce0000 - 0x00007fffe80b3000 	C:\Windows\System32\KERNELBASE.dll
0x00007fffe79f0000 - 0x00007fffe7b01000 	C:\Windows\System32\ucrtbase.dll
0x00007fffd4440000 - 0x00007fffd445b000 	C:\Program Files\Java\jdk-17\bin\VCRUNTIME140.dll
0x00007fffb3080000 - 0x00007fffb3099000 	C:\Program Files\Java\jdk-17\bin\jli.dll
0x00007fffe89e0000 - 0x00007fffe8a91000 	C:\Windows\System32\ADVAPI32.dll
0x00007fffe8aa0000 - 0x00007fffe8b47000 	C:\Windows\System32\msvcrt.dll
0x00007fffea130000 - 0x00007fffea1d8000 	C:\Windows\System32\sechost.dll
0x00007fffe7c80000 - 0x00007fffe7ca8000 	C:\Windows\System32\bcrypt.dll
0x00007fffe9b20000 - 0x00007fffe9c38000 	C:\Windows\System32\RPCRT4.dll
0x00007fffe8cf0000 - 0x00007fffe8ea2000 	C:\Windows\System32\USER32.dll
0x00007fffe7cb0000 - 0x00007fffe7cd6000 	C:\Windows\System32\win32u.dll
0x00007fffe97b0000 - 0x00007fffe97d9000 	C:\Windows\System32\GDI32.dll
0x00007fffe80c0000 - 0x00007fffe81e3000 	C:\Windows\System32\gdi32full.dll
0x00007fffe81f0000 - 0x00007fffe828a000 	C:\Windows\System32\msvcp_win.dll
0x00007fffd36a0000 - 0x00007fffd393c000 	C:\Windows\WinSxS\amd64_microsoft.windows.common-controls_6595b64144ccf1df_6.0.22621.6060_none_2712eda17382d24b\COMCTL32.dll
0x00007fffded90000 - 0x00007fffded9a000 	C:\Windows\SYSTEM32\VERSION.dll
0x00007fffe86a0000 - 0x00007fffe86d1000 	C:\Windows\System32\IMM32.DLL
0x00007fffe2ee0000 - 0x00007fffe2eec000 	C:\Program Files\Java\jdk-17\bin\vcruntime140_1.dll
0x00007fffa1500000 - 0x00007fffa158e000 	C:\Program Files\Java\jdk-17\bin\msvcp140.dll
0x00007fff7afd0000 - 0x00007fff7bbb1000 	C:\Program Files\Java\jdk-17\bin\server\jvm.dll
0x00007fffe8790000 - 0x00007fffe8798000 	C:\Windows\System32\PSAPI.DLL
0x00007fffcb040000 - 0x00007fffcb049000 	C:\Windows\SYSTEM32\WSOCK32.dll
0x00007fffe9c50000 - 0x00007fffe9cc1000 	C:\Windows\System32\WS2_32.dll
0x00007fffe23c0000 - 0x00007fffe23f4000 	C:\Windows\SYSTEM32\WINMM.dll
0x00007fffe6a70000 - 0x00007fffe6a88000 	C:\Windows\SYSTEM32\kernel.appcore.dll
0x00007fffde410000 - 0x00007fffde41a000 	C:\Program Files\Java\jdk-17\bin\jimage.dll
0x00007fffe4fb0000 - 0x00007fffe51e3000 	C:\Windows\SYSTEM32\DBGHELP.DLL
0x00007fffe9d20000 - 0x00007fffea0b2000 	C:\Windows\System32\combase.dll
0x00007fffe87a0000 - 0x00007fffe8878000 	C:\Windows\System32\OLEAUT32.dll
0x00007fffd00e0000 - 0x00007fffd0112000 	C:\Windows\SYSTEM32\dbgcore.DLL
0x00007fffe8290000 - 0x00007fffe830b000 	C:\Windows\System32\bcryptPrimitives.dll
0x00007fffcb0f0000 - 0x00007fffcb115000 	C:\Program Files\Java\jdk-17\bin\java.dll

dbghelp: loaded successfully - version: 4.0.5 - missing functions: none
symbol engine: initialized successfully - sym options: 0x614 - pdb path: .;C:\Program Files\Java\jdk-17\bin;C:\Windows\SYSTEM32;C:\Windows\WinSxS\amd64_microsoft.windows.common-controls_6595b64144ccf1df_6.0.22621.6060_none_2712eda17382d24b;C:\Program Files\Java\jdk-17\bin\server

VM Arguments:
jvm_args: -Dfile.encoding=UTF-8 
java_command: com.game.gui.GameWindow
java_class_path (initial): D:\SEMESTER 3 TEKNIK INFORMATIKA\PEMROGRAMAN-BERORIENTASI-OBJECT\GIT\Tugas-Besar\TurnBaseGameJava\target\classes
Launcher Type: SUN_STANDARD

[Global flags]
     intx CICompilerCount                          = 4                                         {product} {ergonomic}
     uint ConcGCThreads                            = 2                                         {product} {ergonomic}
     uint G1ConcRefinementThreads                  = 8                                         {product} {ergonomic}
   size_t G1HeapRegionSize                         = 1048576                                   {product} {ergonomic}
    uintx GCDrainStackTargetSize                   = 64                                        {product} {ergonomic}
   size_t InitialHeapSize                          = 134217728                                 {product} {ergonomic}
   size_t MarkStackSize                            = 4194304                                   {product} {ergonomic}
   size_t MaxHeapSize                              = 2116026368                                {product} {ergonomic}
   size_t MinHeapDeltaBytes                        = 1048576                                   {product} {ergonomic}
   size_t MinHeapSize                              = 8388608                                   {product} {ergonomic}
    uintx NonNMethodCodeHeapSize                   = 5839372                                {pd product} {ergonomic}
    uintx NonProfiledCodeHeapSize                  = 122909434                              {pd product} {ergonomic}
    uintx ProfiledCodeHeapSize                     = 122909434                              {pd product} {ergonomic}
    uintx ReservedCodeCacheSize                    = 251658240                              {pd product} {ergonomic}
     bool SegmentedCodeCache                       = true                                      {product} {ergonomic}
   size_t SoftMaxHeapSize                          = 2116026368                             {manageable} {ergonomic}
     bool UseCompressedClassPointers               = true                           {product lp64_product} {ergonomic}
     bool UseCompressedOops                        = true                           {product lp64_product} {ergonomic}
     bool UseG1GC                                  = true                                      {product} {ergonomic}
     bool UseLargePagesIndividualAllocation        = false                                  {pd product} {ergonomic}

Logging:
Log output configuration:
 #0: stdout all=warning uptime,level,tags
 #1: stderr all=off uptime,level,tags

Environment Variables:
JAVA_HOME=C:\Program Files\Java\jdk-17
PATH=C:\Program Files\Common Files\Oracle\Java\javapath;C:\Windows\system32;C:\Windows;C:\Windows\System32\Wbem;C:\Windows\System32\WindowsPowerShell\v1.0\;C:\Windows\System32\OpenSSH\;C:\Program Files\Intel\WiFi\bin\;C:\Program Files\Common Files\Intel\WirelessCommon\;C:\Users\Windows 11\AppData\Local\Programs\Python\Python312;C:\Users\Windows 11\AppData\Local\Programs\Python\Python312\Scripts;C:\Program Files\dotnet\;C:\msys64\ucrt64\bin\;D:\Nodejs\;D:\Git\cmd;D:\SEMESTER 3 TEKNIK INFORMATIKA\KOMPUTER GRAFIK\PRAKTEK\dotnet;D:\Downloads\php-8.4.12-Win32-vs17-x64;D:\SEMESTER 3 TEKNIK INFORMATIKA\PROYEK-3-PBO\ComposerSetup;C:\Program Files\Java\jdk-17\bin;D:\xampp\php;D:\cursor\resources\app\bin;D:\SEMESTER 3 TEKNIK INFORMATIKA\PEMROGRAMAN-BERORIENTASI-OBJECT\maven\maven-mvnd-1.0.3-windows-amd64\mvn\bin;D:\Downloads\flutter_windows_3.29.0-stable\flutter\bin;C:\Users\Windows 11\scoop\shims;C:\Users\Windows 11\AppData\Local\Programs\Python\Python313\Scripts\;C:\Users\Windows 11\AppData\Local\Programs\Python\Python313\;C:\Users\Windows 11\AppData\Local\Programs\Python\Launcher\;C:\Users\Windows 11\AppData\Local\Microsoft\WindowsApps;D:\Microsoft VS Code\bin;C:\Users\Windows 11\AppData\Local\Programs\Python\Python312;C:\Users\Windows 11\AppData\Local\Programs\Python\Python312\Scripts;C:\Users\Windows 11\scoop\apps\scoop\current\bin\;C:\Users\Windows 11\scoop\apps\make\4.4.1\bin;C:\msys64\ucrt64\bin\;D:\IntelliJ IDEA 2024.3.1.1\bin;;D:\Downloads\kotlin-compiler-2.1.10\kotlinc\bin;C:\Users\Windows 11\AppData\Local\GitHubDesktop\bin;D:\Downloads\kotlin-compiler-2.1.10\kotlinc\lib;C:\msys64\usr\bin;C:\Users\Windows 11\AppData\Roaming\npm;C:\Users\Windows 11\.dotnet\tools;C:\Users\Windows 11\AppData\Roaming\Composer\vendor\bin
USERNAME=Windows 11
OS=Windows_NT
PROCESSOR_IDENTIFIER=Intel64 Family 6 Model 142 Stepping 10, GenuineIntel



---------------  S Y S T E M  ---------------

OS:
 Windows 11 , 64 bit Build 22621 (10.0.22621.5415)
OS uptime: 2 days 14:28 hours
Hyper-V role detected

CPU: total 8 (initial active 8) (4 cores per cpu, 2 threads per core) family 6 model 142 stepping 10 microcode 0xf6, cx8, cmov, fxsr, ht, mmx, 3dnowpref, sse, sse2, sse3, ssse3, sse4.1, sse4.2, popcnt, lzcnt, tsc, tscinvbit, avx, avx2, aes, erms, clmul, bmi1, bmi2, rtm, adx, fma, vzeroupper, clflush, clflushopt, hv

Memory: 4k page, system-wide physical 8071M (479M free)
TotalPageFile size 11943M (AvailPageFile size 63M)
current process WorkingSet (physical memory assigned to process): 11M, peak: 11M
current process commit charge ("private bytes"): 60M, peak: 188M

vm_info: Java HotSpot(TM) 64-Bit Server VM (17.0.14+8-LTS-191) for windows-amd64 JRE (17.0.14+8-LTS-191), built on Dec  3 2024 11:07:59 by "mach5one" with MS VC++ 17.6 (VS2022)

END.
